c:\software\transims60\arcnet\win32\bin\vc120.pdb
c:\software\transims60\win32\bin\arcnet.exe
c:\software\transims60\win32\bin\arcnet.pdb
c:\software\transims60\arcnet\win32\bin\arcnet.obj
c:\software\transims60\arcnet\win32\bin\control.obj
c:\software\transims60\arcnet\win32\bin\draw_driver.obj
c:\software\transims60\arcnet\win32\bin\draw_links.obj
c:\software\transims60\arcnet\win32\bin\draw_pockets.obj
c:\software\transims60\arcnet\win32\bin\draw_route.obj
c:\software\transims60\arcnet\win32\bin\draw_service.obj
c:\software\transims60\arcnet\win32\bin\draw_timings.obj
c:\software\transims60\arcnet\win32\bin\execute.obj
c:\software\transims60\arcnet\win32\bin\get_access_data.obj
c:\software\transims60\arcnet\win32\bin\get_connect_data.obj
c:\software\transims60\arcnet\win32\bin\get_detector_data.obj
c:\software\transims60\arcnet\win32\bin\get_lane_use_data.obj
c:\software\transims60\arcnet\win32\bin\get_line_data.obj
c:\software\transims60\arcnet\win32\bin\get_link_data.obj
c:\software\transims60\arcnet\win32\bin\get_location_data.obj
c:\software\transims60\arcnet\win32\bin\get_node_data.obj
c:\software\transims60\arcnet\win32\bin\get_parking_data.obj
c:\software\transims60\arcnet\win32\bin\get_phasing_data.obj
c:\software\transims60\arcnet\win32\bin\get_pocket_data.obj
c:\software\transims60\arcnet\win32\bin\get_route_nodes.obj
c:\software\transims60\arcnet\win32\bin\get_signal_data.obj
c:\software\transims60\arcnet\win32\bin\get_sign_data.obj
c:\software\transims60\arcnet\win32\bin\get_stop_data.obj
c:\software\transims60\arcnet\win32\bin\get_timing_data.obj
c:\software\transims60\arcnet\win32\bin\get_turn_pen_data.obj
c:\software\transims60\arcnet\win32\bin\get_zone_data.obj
c:\software\transims60\arcnet\win32\bin\write_subzone.obj
c:\software\transims60\arcnet\win32\bin\arcnet.tlog\cl.command.1.tlog
c:\software\transims60\arcnet\win32\bin\arcnet.tlog\cl.read.1.tlog
c:\software\transims60\arcnet\win32\bin\arcnet.tlog\cl.write.1.tlog
c:\software\transims60\arcnet\win32\bin\arcnet.tlog\link.command.1.tlog
c:\software\transims60\arcnet\win32\bin\arcnet.tlog\link.read.1.tlog
c:\software\transims60\arcnet\win32\bin\arcnet.tlog\link.write.1.tlog
