C:\SOFTWARE\TRANSIMS60\SYSLIB\WIN32\BINLIB\INPUT_OUTPUT.OBJ
C:\SOFTWARE\TRANSIMS60\SYSLIB\WIN32\BINLIB\INITIAL_TABLE.OBJ
C:\SOFTWARE\TRANSIMS60\SYSLIB\WIN32\BINLIB\INITIAL_MAP.OBJ
C:\SOFTWARE\TRANSIMS60\SYSLIB\WIN32\BINLIB\INITIAL_DECLARE.OBJ
C:\SOFTWARE\TRANSIMS60\SYSLIB\WIN32\BINLIB\GET_TOKEN.OBJ
C:\SOFTWARE\TRANSIMS60\SYSLIB\WIN32\BINLIB\FUNCTION.OBJ
C:\SOFTWARE\TRANSIMS60\SYSLIB\WIN32\BINLIB\EXECUTE.OBJ
C:\SOFTWARE\TRANSIMS60\SYSLIB\WIN32\BINLIB\DATE_TIME.OBJ
C:\SOFTWARE\TRANSIMS60\SYSLIB\WIN32\BINLIB\CONVERT.OBJ
C:\SOFTWARE\TRANSIMS60\SYSLIB\WIN32\BINLIB\COMPILE.OBJ
C:\SOFTWARE\TRANSIMS60\SYSLIB\WIN32\BINLIB\ASSIGN.OBJ
C:\SOFTWARE\TRANSIMS60\SYSLIB\WIN32\BINLIB\DB_STATUS.OBJ
C:\SOFTWARE\TRANSIMS60\SYSLIB\WIN32\BINLIB\DB_RECORD.OBJ
C:\SOFTWARE\TRANSIMS60\SYSLIB\WIN32\BINLIB\DB_MATRIX.OBJ
C:\SOFTWARE\TRANSIMS60\SYSLIB\WIN32\BINLIB\DB_HEADER.OBJ
C:\SOFTWARE\TRANSIMS60\SYSLIB\WIN32\BINLIB\DB_FILE.OBJ
C:\SOFTWARE\TRANSIMS60\SYSLIB\WIN32\BINLIB\DB_FIELD.OBJ
C:\SOFTWARE\TRANSIMS60\SYSLIB\WIN32\BINLIB\DB_BASE.OBJ
C:\SOFTWARE\TRANSIMS60\SYSLIB\WIN32\BINLIB\DB_ARRAY.OBJ
C:\SOFTWARE\TRANSIMS60\SYSLIB\WIN32\BINLIB\ARCVIEW_FILE.OBJ
C:\SOFTWARE\TRANSIMS60\SYSLIB\WIN32\BINLIB\BEST_LIST.OBJ
C:\SOFTWARE\TRANSIMS60\SYSLIB\WIN32\BINLIB\BARRIER.OBJ
C:\SOFTWARE\TRANSIMS60\SYSLIB\WIN32\BINLIB\STATIC_SERVICE.OBJ
C:\SOFTWARE\TRANSIMS60\SYSLIB\WIN32\BINLIB\REPORT_SERVICE.OBJ
C:\SOFTWARE\TRANSIMS60\SYSLIB\WIN32\BINLIB\MESSAGE_SERVICE.OBJ
C:\SOFTWARE\TRANSIMS60\SYSLIB\WIN32\BINLIB\EXECUTION_SERVICE.OBJ
C:\SOFTWARE\TRANSIMS60\SYSLIB\WIN32\BINLIB\CONTROL_SERVICE.OBJ
C:\SOFTWARE\TRANSIMS60\SYSLIB\WIN32\BINLIB\PROJECTION_SERVICE.OBJ
C:\SOFTWARE\TRANSIMS60\SYSLIB\WIN32\BINLIB\PROJECTION_DATA.OBJ
C:\SOFTWARE\TRANSIMS60\SYSLIB\WIN32\BINLIB\PROJECTION.OBJ
C:\SOFTWARE\TRANSIMS60\SYSLIB\WIN32\BINLIB\USER_PROGRAM.OBJ
C:\SOFTWARE\TRANSIMS60\SYSLIB\WIN32\BINLIB\TABLE.OBJ
C:\SOFTWARE\TRANSIMS60\SYSLIB\WIN32\BINLIB\RELATION.OBJ
C:\SOFTWARE\TRANSIMS60\SYSLIB\WIN32\BINLIB\READ_VALUE.OBJ
C:\SOFTWARE\TRANSIMS60\SYSLIB\WIN32\BINLIB\PROGRAM_CODE.OBJ
C:\SOFTWARE\TRANSIMS60\SYSLIB\WIN32\BINLIB\PROCESS_TOKEN.OBJ
C:\SOFTWARE\TRANSIMS60\SYSLIB\WIN32\BINLIB\PROCESS_COMMAND.OBJ
C:\SOFTWARE\TRANSIMS60\SYSLIB\WIN32\BINLIB\PRINT_COMMANDS.OBJ
C:\SOFTWARE\TRANSIMS60\SYSLIB\WIN32\BINLIB\MATH.OBJ
C:\SOFTWARE\TRANSIMS60\SYSLIB\WIN32\BINLIB\MAP.OBJ
C:\SOFTWARE\TRANSIMS60\SYSLIB\WIN32\BINLIB\TRIP_SUM_DATA.OBJ
C:\SOFTWARE\TRANSIMS60\SYSLIB\WIN32\BINLIB\TRIP_GAP_DATA.OBJ
C:\SOFTWARE\TRANSIMS60\SYSLIB\WIN32\BINLIB\TIME_PERIODS.OBJ
C:\SOFTWARE\TRANSIMS60\SYSLIB\WIN32\BINLIB\STRING.OBJ
C:\SOFTWARE\TRANSIMS60\SYSLIB\WIN32\BINLIB\STREAMS.OBJ
C:\SOFTWARE\TRANSIMS60\SYSLIB\WIN32\BINLIB\SMOOTH_DATA.OBJ
C:\SOFTWARE\TRANSIMS60\SYSLIB\WIN32\BINLIB\SHAPE_TOOLS.OBJ
C:\SOFTWARE\TRANSIMS60\SYSLIB\WIN32\BINLIB\RECORD_QUEUE.OBJ
C:\SOFTWARE\TRANSIMS60\SYSLIB\WIN32\BINLIB\RANGE_DATA.OBJ
C:\SOFTWARE\TRANSIMS60\SYSLIB\WIN32\BINLIB\RANDOM.OBJ
C:\SOFTWARE\TRANSIMS60\SYSLIB\WIN32\BINLIB\IPF_DATA.OBJ
C:\SOFTWARE\TRANSIMS60\SYSLIB\WIN32\BINLIB\FUNCTIONS.OBJ
C:\SOFTWARE\TRANSIMS60\SYSLIB\WIN32\BINLIB\EQUIV_DATA.OBJ
C:\SOFTWARE\TRANSIMS60\SYSLIB\WIN32\BINLIB\EQUATION.OBJ
C:\SOFTWARE\TRANSIMS60\SYSLIB\WIN32\BINLIB\DTIME.OBJ
C:\SOFTWARE\TRANSIMS60\SYSLIB\WIN32\BINLIB\DIFFERENCE_DATA.OBJ
C:\SOFTWARE\TRANSIMS60\SYSLIB\WIN32\BINLIB\DATA_RANGE.OBJ
C:\SOFTWARE\TRANSIMS60\SYSLIB\WIN32\BINLIB\DATA_BUFFER.OBJ
C:\SOFTWARE\TRANSIMS60\SYSLIB\WIN32\BINLIB\COMPASS.OBJ
C:\SOFTWARE\TRANSIMS60\SYSLIB\WIN32\BINLIB\BUFFER.OBJ
C:\SOFTWARE\TRANSIMS60\SYSLIB\WIN32\BINLIB\WORK_QUEUE.OBJ
C:\SOFTWARE\TRANSIMS60\SYSLIB\WIN32\BINLIB\VC110.PDB
C:\SOFTWARE\TRANSIMS60\SYSLIB\WIN32\BINLIB\SYSLIB.LIB
C:\Software\Transims60\SysLib\Win32\BinLib\Arcview_File.obj
C:\Software\Transims60\SysLib\Win32\BinLib\Assign.obj
C:\Software\Transims60\SysLib\Win32\BinLib\Barrier.obj
C:\Software\Transims60\SysLib\Win32\BinLib\Best_List.obj
C:\Software\Transims60\SysLib\Win32\BinLib\Buffer.obj
C:\Software\Transims60\SysLib\Win32\BinLib\Compass.obj
C:\Software\Transims60\SysLib\Win32\BinLib\Compile.obj
C:\Software\Transims60\SysLib\Win32\BinLib\Control_Service.obj
C:\Software\Transims60\SysLib\Win32\BinLib\Convert.obj
C:\Software\Transims60\SysLib\Win32\BinLib\Data_Buffer.obj
C:\Software\Transims60\SysLib\Win32\BinLib\Data_Range.obj
C:\Software\Transims60\SysLib\Win32\BinLib\Date_Time.obj
C:\Software\Transims60\SysLib\Win32\BinLib\Db_Array.obj
C:\Software\Transims60\SysLib\Win32\BinLib\Db_Base.obj
C:\Software\Transims60\SysLib\Win32\BinLib\Db_Field.obj
C:\Software\Transims60\SysLib\Win32\BinLib\Db_File.obj
C:\Software\Transims60\SysLib\Win32\BinLib\Db_Header.obj
C:\Software\Transims60\SysLib\Win32\BinLib\Db_Matrix.obj
C:\Software\Transims60\SysLib\Win32\BinLib\Db_Record.obj
C:\Software\Transims60\SysLib\Win32\BinLib\Db_Status.obj
C:\Software\Transims60\SysLib\Win32\BinLib\Difference_Data.obj
C:\Software\Transims60\SysLib\Win32\BinLib\Dtime.obj
C:\Software\Transims60\SysLib\Win32\BinLib\Equation.obj
C:\Software\Transims60\SysLib\Win32\BinLib\Equiv_Data.obj
C:\Software\Transims60\SysLib\Win32\BinLib\Execute.obj
C:\Software\Transims60\SysLib\Win32\BinLib\Execution_Service.obj
C:\Software\Transims60\SysLib\Win32\BinLib\Function.obj
C:\Software\Transims60\SysLib\Win32\BinLib\Functions.obj
C:\Software\Transims60\SysLib\Win32\BinLib\Get_Token.obj
C:\Software\Transims60\SysLib\Win32\BinLib\Initial_Declare.obj
C:\Software\Transims60\SysLib\Win32\BinLib\Initial_Map.obj
C:\Software\Transims60\SysLib\Win32\BinLib\Initial_Table.obj
C:\Software\Transims60\SysLib\Win32\BinLib\Input_Output.obj
C:\Software\Transims60\SysLib\Win32\BinLib\IPF_Data.obj
C:\Software\Transims60\SysLib\Win32\BinLib\Map.obj
C:\Software\Transims60\SysLib\Win32\BinLib\Math.obj
C:\Software\Transims60\SysLib\Win32\BinLib\Message_Service.obj
C:\Software\Transims60\SysLib\Win32\BinLib\Print_Commands.obj
C:\Software\Transims60\SysLib\Win32\BinLib\Process_Command.obj
C:\Software\Transims60\SysLib\Win32\BinLib\Process_Token.obj
C:\Software\Transims60\SysLib\Win32\BinLib\Program_Code.obj
C:\Software\Transims60\SysLib\Win32\BinLib\Projection.obj
C:\Software\Transims60\SysLib\Win32\BinLib\Projection_Data.obj
C:\Software\Transims60\SysLib\Win32\BinLib\Projection_Service.obj
C:\Software\Transims60\SysLib\Win32\BinLib\Random.obj
C:\Software\Transims60\SysLib\Win32\BinLib\Range_Data.obj
C:\Software\Transims60\SysLib\Win32\BinLib\Read_Value.obj
C:\Software\Transims60\SysLib\Win32\BinLib\Record_Queue.obj
C:\Software\Transims60\SysLib\Win32\BinLib\Relation.obj
C:\Software\Transims60\SysLib\Win32\BinLib\Report_Service.obj
C:\Software\Transims60\SysLib\Win32\BinLib\Shape_Tools.obj
C:\Software\Transims60\SysLib\Win32\BinLib\Smooth_Data.obj
C:\Software\Transims60\SysLib\Win32\BinLib\Static_Service.obj
C:\Software\Transims60\SysLib\Win32\BinLib\Streams.obj
C:\Software\Transims60\SysLib\Win32\BinLib\String.obj
C:\Software\Transims60\SysLib\Win32\BinLib\Table.obj
C:\Software\Transims60\SysLib\Win32\BinLib\Time_Periods.obj
C:\Software\Transims60\SysLib\Win32\BinLib\Trip_Gap_Data.obj
C:\Software\Transims60\SysLib\Win32\BinLib\Trip_Sum_Data.obj
C:\Software\Transims60\SysLib\Win32\BinLib\User_Program.obj
C:\Software\Transims60\SysLib\Win32\BinLib\Work_Queue.obj
C:\Software\Transims60\SysLib\Win32\BinLib\cl.command.1.tlog
C:\Software\Transims60\SysLib\Win32\BinLib\CL.read.1.tlog
C:\Software\Transims60\SysLib\Win32\BinLib\CL.write.1.tlog
C:\Software\Transims60\SysLib\Win32\BinLib\Lib-link.read.1.tlog
C:\Software\Transims60\SysLib\Win32\BinLib\Lib-link.write.1.tlog
C:\Software\Transims60\SysLib\Win32\BinLib\lib.command.1.tlog
C:\Software\Transims60\SysLib\Win32\BinLib\vc110.pdb
C:\Software\Transims60\SysLib\Win32\BinLib\SysLib.lib
