c:\software\transims60\converge_service\win32\bin\vc120.pdb
c:\software\transims60\converge_service\win32\bin\read_trips.obj
c:\software\transims60\converge_service\win32\bin\preload_transit.obj
c:\software\transims60\converge_service\win32\bin\part_processor.obj
c:\software\transims60\converge_service\win32\bin\link_gap_report.obj
c:\software\transims60\converge_service\win32\bin\iteration_setup.obj
c:\software\transims60\converge_service\win32\bin\iteration_output.obj
c:\software\transims60\converge_service\win32\bin\input_trips.obj
c:\software\transims60\converge_service\win32\bin\initialize_trip_gap.obj
c:\software\transims60\converge_service\win32\bin\get_trip_gap.obj
c:\software\transims60\converge_service\win32\bin\get_trip_data.obj
c:\software\transims60\converge_service\win32\bin\get_location_data.obj
c:\software\transims60\converge_service\win32\bin\get_link_gap.obj
c:\software\transims60\converge_service\win32\bin\get_households.obj
c:\software\transims60\converge_service\win32\bin\fuel_check.obj
c:\software\transims60\converge_service\win32\bin\execute.obj
c:\software\transims60\converge_service\win32\bin\copy_plans.obj
c:\software\transims60\converge_service\win32\bin\converge_service.obj
c:\software\transims60\converge_service\win32\bin\control.obj
c:\software\transims60\converge_service\win32\bin\capacity_check.obj
c:\software\transims60\converge_service\win32\bin\best_destination.obj
c:\software\transims60\converge_service\win32\bin\write_problem.obj
c:\software\transims60\converge_service\win32\bin\write_plan_files.obj
c:\software\transims60\converge_service\win32\bin\write_gap_files.obj
c:\software\transims60\converge_service\win32\bin\write_fuel.obj
c:\software\transims60\converge_service\win32\bin\write_constraint.obj
c:\software\transims60\converge_service\win32\bin\trip_loop.obj
c:\software\transims60\converge_service\win32\bin\trip_gap_report.obj
c:\software\transims60\converge_service\win32\bin\set_partitions.obj
c:\software\transims60\converge_service\win32\bin\set_method.obj
c:\software\transims60\converge_service\win32\bin\select_trips.obj
c:\software\transims60\converge_service\win32\bin\selection.obj
c:\software\transims60\converge_service\win32\bin\save_plans.obj
c:\software\transims60\converge_service\win32\bin\converge_service.lib
c:\software\transims60\converge_service\win32\bin\converge_service.tlog\cl.command.1.tlog
c:\software\transims60\converge_service\win32\bin\converge_service.tlog\cl.read.1.tlog
c:\software\transims60\converge_service\win32\bin\converge_service.tlog\cl.write.1.tlog
c:\software\transims60\converge_service\win32\bin\converge_service.tlog\lib-link.read.1.tlog
c:\software\transims60\converge_service\win32\bin\converge_service.tlog\lib-link.write.1.tlog
c:\software\transims60\converge_service\win32\bin\converge_service.tlog\lib.command.1.tlog
