c:\software\transims60\subareanet\win32\bin\vc120.pdb
c:\software\transims60\win32\bin\subareanet.exe
c:\software\transims60\win32\bin\subareanet.pdb
c:\software\transims60\subareanet\win32\bin\add_buffer_nodes.obj
c:\software\transims60\subareanet\win32\bin\control.obj
c:\software\transims60\subareanet\win32\bin\execute.obj
c:\software\transims60\subareanet\win32\bin\get_access_data.obj
c:\software\transims60\subareanet\win32\bin\get_connect_data.obj
c:\software\transims60\subareanet\win32\bin\get_detector_data.obj
c:\software\transims60\subareanet\win32\bin\get_lane_use_data.obj
c:\software\transims60\subareanet\win32\bin\get_link_data.obj
c:\software\transims60\subareanet\win32\bin\get_location_data.obj
c:\software\transims60\subareanet\win32\bin\get_node_data.obj
c:\software\transims60\subareanet\win32\bin\get_parking_data.obj
c:\software\transims60\subareanet\win32\bin\get_performance_data.obj
c:\software\transims60\subareanet\win32\bin\get_phasing_data.obj
c:\software\transims60\subareanet\win32\bin\get_pocket_data.obj
c:\software\transims60\subareanet\win32\bin\get_ridership_data.obj
c:\software\transims60\subareanet\win32\bin\get_signal_data.obj
c:\software\transims60\subareanet\win32\bin\get_sign_data.obj
c:\software\transims60\subareanet\win32\bin\get_stop_data.obj
c:\software\transims60\subareanet\win32\bin\get_timing_data.obj
c:\software\transims60\subareanet\win32\bin\get_turn_delay_data.obj
c:\software\transims60\subareanet\win32\bin\get_turn_pen_data.obj
c:\software\transims60\subareanet\win32\bin\get_zone_data.obj
c:\software\transims60\subareanet\win32\bin\subareanet.obj
c:\software\transims60\subareanet\win32\bin\write_boundary.obj
c:\software\transims60\subareanet\win32\bin\write_node.obj
c:\software\transims60\subareanet\win32\bin\write_route.obj
c:\software\transims60\subareanet\win32\bin\subareanet.tlog\cl.command.1.tlog
c:\software\transims60\subareanet\win32\bin\subareanet.tlog\cl.read.1.tlog
c:\software\transims60\subareanet\win32\bin\subareanet.tlog\cl.write.1.tlog
c:\software\transims60\subareanet\win32\bin\subareanet.tlog\link.command.1.tlog
c:\software\transims60\subareanet\win32\bin\subareanet.tlog\link.read.1.tlog
c:\software\transims60\subareanet\win32\bin\subareanet.tlog\link.write.1.tlog
