c:\software\transims60\routeprep\win32\bin\vc120.pdb
c:\software\transims60\win32\bin\routeprep.exe
c:\software\transims60\win32\bin\routeprep.pdb
c:\software\transims60\routeprep\win32\bin\control.obj
c:\software\transims60\routeprep\win32\bin\endline_station.obj
c:\software\transims60\routeprep\win32\bin\execute.obj
c:\software\transims60\routeprep\win32\bin\inline_station.obj
c:\software\transims60\routeprep\win32\bin\input_routes.obj
c:\software\transims60\routeprep\win32\bin\insert_link.obj
c:\software\transims60\routeprep\win32\bin\insert_stations.obj
c:\software\transims60\routeprep\win32\bin\link_order.obj
c:\software\transims60\routeprep\win32\bin\platform_link.obj
c:\software\transims60\routeprep\win32\bin\read_factors.obj
c:\software\transims60\routeprep\win32\bin\read_node_file.obj
c:\software\transims60\routeprep\win32\bin\read_node_map.obj
c:\software\transims60\routeprep\win32\bin\read_routes.obj
c:\software\transims60\routeprep\win32\bin\read_route_stops.obj
c:\software\transims60\routeprep\win32\bin\read_scripts.obj
c:\software\transims60\routeprep\win32\bin\read_speeds.obj
c:\software\transims60\routeprep\win32\bin\read_stations.obj
c:\software\transims60\routeprep\win32\bin\read_tcad_routes.obj
c:\software\transims60\routeprep\win32\bin\routeprep.obj
c:\software\transims60\routeprep\win32\bin\route_segments.obj
c:\software\transims60\routeprep\win32\bin\save_route.obj
c:\software\transims60\routeprep\win32\bin\transifer_link.obj
c:\software\transims60\routeprep\win32\bin\update_routes.obj
c:\software\transims60\routeprep\win32\bin\write_node_map.obj
c:\software\transims60\routeprep\win32\bin\write_route.obj
c:\software\transims60\routeprep\win32\bin\routeprep.tlog\cl.command.1.tlog
c:\software\transims60\routeprep\win32\bin\routeprep.tlog\cl.read.1.tlog
c:\software\transims60\routeprep\win32\bin\routeprep.tlog\cl.write.1.tlog
c:\software\transims60\routeprep\win32\bin\routeprep.tlog\link.command.1.tlog
c:\software\transims60\routeprep\win32\bin\routeprep.tlog\link.read.1.tlog
c:\software\transims60\routeprep\win32\bin\routeprep.tlog\link.write.1.tlog
