c:\software\transims60\converge_service\x64\binthreads\vc120.pdb
c:\software\transims60\converge_service\x64\binthreads\converge_service.lib
c:\software\transims60\converge_service\x64\binthreads\best_destination.obj
c:\software\transims60\converge_service\x64\binthreads\capacity_check.obj
c:\software\transims60\converge_service\x64\binthreads\control.obj
c:\software\transims60\converge_service\x64\binthreads\converge_service.obj
c:\software\transims60\converge_service\x64\binthreads\copy_plans.obj
c:\software\transims60\converge_service\x64\binthreads\execute.obj
c:\software\transims60\converge_service\x64\binthreads\fuel_check.obj
c:\software\transims60\converge_service\x64\binthreads\get_households.obj
c:\software\transims60\converge_service\x64\binthreads\get_link_gap.obj
c:\software\transims60\converge_service\x64\binthreads\get_location_data.obj
c:\software\transims60\converge_service\x64\binthreads\get_trip_data.obj
c:\software\transims60\converge_service\x64\binthreads\get_trip_gap.obj
c:\software\transims60\converge_service\x64\binthreads\initialize_trip_gap.obj
c:\software\transims60\converge_service\x64\binthreads\input_trips.obj
c:\software\transims60\converge_service\x64\binthreads\iteration_output.obj
c:\software\transims60\converge_service\x64\binthreads\iteration_setup.obj
c:\software\transims60\converge_service\x64\binthreads\link_gap_report.obj
c:\software\transims60\converge_service\x64\binthreads\part_processor.obj
c:\software\transims60\converge_service\x64\binthreads\preload_transit.obj
c:\software\transims60\converge_service\x64\binthreads\read_trips.obj
c:\software\transims60\converge_service\x64\binthreads\save_plans.obj
c:\software\transims60\converge_service\x64\binthreads\selection.obj
c:\software\transims60\converge_service\x64\binthreads\select_trips.obj
c:\software\transims60\converge_service\x64\binthreads\set_method.obj
c:\software\transims60\converge_service\x64\binthreads\set_partitions.obj
c:\software\transims60\converge_service\x64\binthreads\trip_gap_report.obj
c:\software\transims60\converge_service\x64\binthreads\trip_loop.obj
c:\software\transims60\converge_service\x64\binthreads\write_constraint.obj
c:\software\transims60\converge_service\x64\binthreads\write_fuel.obj
c:\software\transims60\converge_service\x64\binthreads\write_gap_files.obj
c:\software\transims60\converge_service\x64\binthreads\write_plan_files.obj
c:\software\transims60\converge_service\x64\binthreads\write_problem.obj
c:\software\transims60\converge_service\x64\binthreads\converge_service.tlog\cl.command.1.tlog
c:\software\transims60\converge_service\x64\binthreads\converge_service.tlog\cl.read.1.tlog
c:\software\transims60\converge_service\x64\binthreads\converge_service.tlog\cl.write.1.tlog
c:\software\transims60\converge_service\x64\binthreads\converge_service.tlog\lib-link.read.1.tlog
c:\software\transims60\converge_service\x64\binthreads\converge_service.tlog\lib-link.write.1.tlog
c:\software\transims60\converge_service\x64\binthreads\converge_service.tlog\lib.command.1.tlog
