C:\SOFTWARE\TRANSIMS60\PATHSKIM\X64\DEBUG\ZONE_SKIMS.OBJ
C:\SOFTWARE\TRANSIMS60\PATHSKIM\X64\DEBUG\ZONE_LOCATIONS.OBJ
C:\SOFTWARE\TRANSIMS60\PATHSKIM\X64\DEBUG\USER_LOCATIONS.OBJ
C:\SOFTWARE\TRANSIMS60\PATHSKIM\X64\DEBUG\SKIM_PATHS.OBJ
C:\SOFTWARE\TRANSIMS60\PATHSKIM\X64\DEBUG\SKIM_CHECK.OBJ
C:\SOFTWARE\TRANSIMS60\PATHSKIM\X64\DEBUG\SAVE_SKIMS.OBJ
C:\SOFTWARE\TRANSIMS60\PATHSKIM\X64\DEBUG\SAVE_PLANS.OBJ
C:\SOFTWARE\TRANSIMS60\PATHSKIM\X64\DEBUG\PATHSKIM.OBJ
C:\SOFTWARE\TRANSIMS60\PATHSKIM\X64\DEBUG\OUTPUT_SKIMS.OBJ
C:\SOFTWARE\TRANSIMS60\PATHSKIM\X64\DEBUG\NEW_ZONE_LOC.OBJ
C:\SOFTWARE\TRANSIMS60\PATHSKIM\X64\DEBUG\LOCATION_LIST.OBJ
C:\SOFTWARE\TRANSIMS60\PATHSKIM\X64\DEBUG\GET_ZONE_DATA.OBJ
C:\SOFTWARE\TRANSIMS60\PATHSKIM\X64\DEBUG\FLOW_SKIMS.OBJ
C:\SOFTWARE\TRANSIMS60\PATHSKIM\X64\DEBUG\EXECUTE.OBJ
C:\SOFTWARE\TRANSIMS60\PATHSKIM\X64\DEBUG\CONTROL.OBJ
C:\SOFTWARE\TRANSIMS60\PATHSKIM\X64\DEBUG\BUILD_PATHS.OBJ
C:\SOFTWARE\TRANSIMS60\PATHSKIM\X64\DEBUG\VC110.PDB
C:\SOFTWARE\TRANSIMS60\X64\DEBUG\PATHSKIM.ILK
C:\SOFTWARE\TRANSIMS60\X64\DEBUG\PATHSKIM.EXE
C:\SOFTWARE\TRANSIMS60\X64\DEBUG\PATHSKIM.PDB
C:\Software\Transims60\PathSkim\x64\Debug\Build_Paths.obj
C:\Software\Transims60\PathSkim\x64\Debug\Control.obj
C:\Software\Transims60\PathSkim\x64\Debug\Execute.obj
C:\Software\Transims60\PathSkim\x64\Debug\Flow_Skims.obj
C:\Software\Transims60\PathSkim\x64\Debug\Get_Zone_Data.obj
C:\Software\Transims60\PathSkim\x64\Debug\Location_List.obj
C:\Software\Transims60\PathSkim\x64\Debug\New_Zone_Loc.obj
C:\Software\Transims60\PathSkim\x64\Debug\Output_Skims.obj
C:\Software\Transims60\PathSkim\x64\Debug\PathSkim.obj
C:\Software\Transims60\PathSkim\x64\Debug\Save_Plans.obj
C:\Software\Transims60\PathSkim\x64\Debug\Save_Skims.obj
C:\Software\Transims60\PathSkim\x64\Debug\Skim_Check.obj
C:\Software\Transims60\PathSkim\x64\Debug\Skim_Paths.obj
C:\Software\Transims60\PathSkim\x64\Debug\User_Locations.obj
C:\Software\Transims60\PathSkim\x64\Debug\Zone_Locations.obj
C:\Software\Transims60\PathSkim\x64\Debug\Zone_Skims.obj
C:\Software\Transims60\PathSkim\x64\Debug\cl.command.1.tlog
C:\Software\Transims60\PathSkim\x64\Debug\CL.read.1.tlog
C:\Software\Transims60\PathSkim\x64\Debug\CL.write.1.tlog
C:\Software\Transims60\PathSkim\x64\Debug\link-cvtres.read.1.tlog
C:\Software\Transims60\PathSkim\x64\Debug\link-cvtres.write.1.tlog
C:\Software\Transims60\PathSkim\x64\Debug\link-rc.read.1.tlog
C:\Software\Transims60\PathSkim\x64\Debug\link-rc.write.1.tlog
C:\Software\Transims60\PathSkim\x64\Debug\link.command.1.tlog
C:\Software\Transims60\PathSkim\x64\Debug\link.read.1.tlog
C:\Software\Transims60\PathSkim\x64\Debug\link.write.1.tlog
C:\Software\Transims60\PathSkim\x64\Debug\vc110.pdb
C:\Software\Transims60\x64\Debug\PathSkim.pdb
C:\Software\Transims60\x64\Debug\PathSkim.exe
C:\Software\Transims60\x64\Debug\PathSkim.ilk
