c:\software\transims60\matrixdata\x64\binthreads\vc120.pdb
c:\software\transims60\x64\binthreads\matrixdata.exe
c:\software\transims60\matrixdata\x64\binthreads\control.obj
c:\software\transims60\matrixdata\x64\binthreads\execute.obj
c:\software\transims60\matrixdata\x64\binthreads\expand_matrix.obj
c:\software\transims60\matrixdata\x64\binthreads\margin_totals.obj
c:\software\transims60\matrixdata\x64\binthreads\matrixdata.obj
c:\software\transims60\matrixdata\x64\binthreads\matrix_ratios.obj
c:\software\transims60\matrixdata\x64\binthreads\read_data.obj
c:\software\transims60\matrixdata\x64\binthreads\read_factors.obj
c:\software\transims60\matrixdata\x64\binthreads\read_matrix.obj
c:\software\transims60\matrixdata\x64\binthreads\read_square.obj
c:\software\transims60\matrixdata\x64\binthreads\stats_report.obj
c:\software\transims60\matrixdata\x64\binthreads\write_ends.obj
c:\software\transims60\matrixdata\x64\binthreads\write_margin.obj
c:\software\transims60\matrixdata\x64\binthreads\write_square.obj
c:\software\transims60\matrixdata\x64\binthreads\write_starts.obj
c:\software\transims60\matrixdata\x64\binthreads\matrixdata.tlog\cl.command.1.tlog
c:\software\transims60\matrixdata\x64\binthreads\matrixdata.tlog\cl.read.1.tlog
c:\software\transims60\matrixdata\x64\binthreads\matrixdata.tlog\cl.write.1.tlog
c:\software\transims60\matrixdata\x64\binthreads\matrixdata.tlog\link.command.1.tlog
c:\software\transims60\matrixdata\x64\binthreads\matrixdata.tlog\link.read.1.tlog
c:\software\transims60\matrixdata\x64\binthreads\matrixdata.tlog\link.write.1.tlog
