C:\TRANSIMS\Transims60\LinkDelay\Win32\Bin\LinkDelay.vcxprojResolveAssemblyReference.cache
C:\TRANSIMS\Transims60\LinkDelay\Win32\Bin\CL.4400.read.1.tlog
C:\TRANSIMS\Transims60\LinkDelay\Win32\Bin\CL.4400.write.1.tlog
C:\TRANSIMS\Transims60\LinkDelay\Win32\Bin\CL.4532.read.1.tlog
C:\TRANSIMS\Transims60\LinkDelay\Win32\Bin\CL.4532.write.1.tlog
C:\TRANSIMS\Transims60\LinkDelay\Win32\Bin\CL.4612.read.1.tlog
C:\TRANSIMS\Transims60\LinkDelay\Win32\Bin\CL.4612.write.1.tlog
C:\TRANSIMS\Transims60\LinkDelay\Win32\Bin\CL.5192.read.1.tlog
C:\TRANSIMS\Transims60\LinkDelay\Win32\Bin\CL.5192.write.1.tlog
C:\TRANSIMS\Transims60\LinkDelay\Win32\Bin\CL.6016.read.1.tlog
C:\TRANSIMS\Transims60\LinkDelay\Win32\Bin\CL.6016.write.1.tlog
C:\TRANSIMS\Transims60\LinkDelay\Win32\Bin\CL.684.read.1.tlog
C:\TRANSIMS\Transims60\LinkDelay\Win32\Bin\CL.684.write.1.tlog
C:\TRANSIMS\Transims60\LinkDelay\Win32\Bin\CL.740.read.1.tlog
C:\TRANSIMS\Transims60\LinkDelay\Win32\Bin\CL.740.write.1.tlog
C:\TRANSIMS\Transims60\LinkDelay\Win32\Bin\CL.924.read.1.tlog
C:\TRANSIMS\Transims60\LinkDelay\Win32\Bin\CL.924.write.1.tlog
C:\TRANSIMS\Transims60\LinkDelay\Win32\Bin\cl.command.1.tlog
C:\TRANSIMS\Transims60\LinkDelay\Win32\Bin\CL.read.1.tlog
C:\TRANSIMS\Transims60\LinkDelay\Win32\Bin\cl.write.1.tlog
C:\TRANSIMS\Transims60\LinkDelay\Win32\Bin\vc110.pdb
