c:\software\transims60\perfprep\win32\bin\vc120.pdb
c:\software\transims60\win32\bin\perfprep.exe
c:\software\transims60\perfprep\win32\bin\check_performance.obj
c:\software\transims60\perfprep\win32\bin\control.obj
c:\software\transims60\perfprep\win32\bin\deleted_report.obj
c:\software\transims60\perfprep\win32\bin\execute.obj
c:\software\transims60\perfprep\win32\bin\get_performance_data.obj
c:\software\transims60\perfprep\win32\bin\load_transit_data.obj
c:\software\transims60\perfprep\win32\bin\merge_performance.obj
c:\software\transims60\perfprep\win32\bin\merge_turn_delays.obj
c:\software\transims60\perfprep\win32\bin\perfprep.obj
c:\software\transims60\perfprep\win32\bin\read_constraints.obj
c:\software\transims60\perfprep\win32\bin\set_min_time.obj
c:\software\transims60\perfprep\win32\bin\smooth_performance.obj
c:\software\transims60\perfprep\win32\bin\smooth_turn_delays.obj
c:\software\transims60\perfprep\win32\bin\write_time_ratios.obj
c:\software\transims60\perfprep\win32\bin\perfprep.tlog\cl.command.1.tlog
c:\software\transims60\perfprep\win32\bin\perfprep.tlog\cl.read.1.tlog
c:\software\transims60\perfprep\win32\bin\perfprep.tlog\cl.write.1.tlog
c:\software\transims60\perfprep\win32\bin\perfprep.tlog\link.command.1.tlog
c:\software\transims60\perfprep\win32\bin\perfprep.tlog\link.read.1.tlog
c:\software\transims60\perfprep\win32\bin\perfprep.tlog\link.write.1.tlog
