c:\software\transims60\arcperf\x64\binthreads\vc120.pdb
c:\software\transims60\x64\binthreads\arcperf.exe
c:\software\transims60\arcperf\x64\binthreads\arcperf.obj
c:\software\transims60\arcperf\x64\binthreads\control.obj
c:\software\transims60\arcperf\x64\binthreads\draw_link.obj
c:\software\transims60\arcperf\x64\binthreads\execute.obj
c:\software\transims60\arcperf\x64\binthreads\max_performance.obj
c:\software\transims60\arcperf\x64\binthreads\read_link_data.obj
c:\software\transims60\arcperf\x64\binthreads\read_link_dir.obj
c:\software\transims60\arcperf\x64\binthreads\select_links.obj
c:\software\transims60\arcperf\x64\binthreads\write_image.obj
c:\software\transims60\arcperf\x64\binthreads\write_intersection.obj
c:\software\transims60\arcperf\x64\binthreads\write_performance.obj
c:\software\transims60\arcperf\x64\binthreads\write_turn.obj
c:\software\transims60\arcperf\x64\binthreads\arcperf.tlog\cl.command.1.tlog
c:\software\transims60\arcperf\x64\binthreads\arcperf.tlog\cl.read.1.tlog
c:\software\transims60\arcperf\x64\binthreads\arcperf.tlog\cl.write.1.tlog
c:\software\transims60\arcperf\x64\binthreads\arcperf.tlog\link.command.1.tlog
c:\software\transims60\arcperf\x64\binthreads\arcperf.tlog\link.read.1.tlog
c:\software\transims60\arcperf\x64\binthreads\arcperf.tlog\link.write.1.tlog
