c:\software\transims60\linkdata\x64\binthreads\vc120.pdb
c:\software\transims60\x64\binthreads\linkdata.exe
c:\software\transims60\linkdata\x64\binthreads\control.obj
c:\software\transims60\linkdata\x64\binthreads\create_link_map.obj
c:\software\transims60\linkdata\x64\binthreads\execute.obj
c:\software\transims60\linkdata\x64\binthreads\linkdata.obj
c:\software\transims60\linkdata\x64\binthreads\node_path.obj
c:\software\transims60\linkdata\x64\binthreads\read_dir_data.obj
c:\software\transims60\linkdata\x64\binthreads\read_link_nodes.obj
c:\software\transims60\linkdata\x64\binthreads\read_node_file.obj
c:\software\transims60\linkdata\x64\binthreads\read_node_map.obj
c:\software\transims60\linkdata\x64\binthreads\write_dir_data.obj
c:\software\transims60\linkdata\x64\binthreads\write_link_nodes.obj
c:\software\transims60\linkdata\x64\binthreads\write_node_map.obj
c:\software\transims60\linkdata\x64\binthreads\linkdata.tlog\cl.command.1.tlog
c:\software\transims60\linkdata\x64\binthreads\linkdata.tlog\cl.read.1.tlog
c:\software\transims60\linkdata\x64\binthreads\linkdata.tlog\cl.write.1.tlog
c:\software\transims60\linkdata\x64\binthreads\linkdata.tlog\link.command.1.tlog
c:\software\transims60\linkdata\x64\binthreads\linkdata.tlog\link.read.1.tlog
c:\software\transims60\linkdata\x64\binthreads\linkdata.tlog\link.write.1.tlog
