C:\SOFTWARE\TRANSIMS60\ROUTER_SERVICE\DEBUG\PLAN_REROUTE.OBJ
C:\SOFTWARE\TRANSIMS60\ROUTER_SERVICE\DEBUG\PLAN_RESKIM.OBJ
C:\SOFTWARE\TRANSIMS60\ROUTER_SERVICE\DEBUG\PLAN_UPDATE.OBJ
C:\SOFTWARE\TRANSIMS60\ROUTER_SERVICE\DEBUG\SAVE_SKIMS.OBJ
C:\SOFTWARE\TRANSIMS60\ROUTER_SERVICE\DEBUG\SKIM_BUILD.OBJ
C:\SOFTWARE\TRANSIMS60\ROUTER_SERVICE\DEBUG\STOP_ALIGHT.OBJ
C:\SOFTWARE\TRANSIMS60\ROUTER_SERVICE\DEBUG\STOP_BOARD.OBJ
C:\SOFTWARE\TRANSIMS60\ROUTER_SERVICE\DEBUG\TRACE_PATH.OBJ
C:\SOFTWARE\TRANSIMS60\ROUTER_SERVICE\DEBUG\TRANSIT_ACCESS.OBJ
C:\SOFTWARE\TRANSIMS60\ROUTER_SERVICE\DEBUG\TRANSIT_PARKING.OBJ
C:\SOFTWARE\TRANSIMS60\ROUTER_SERVICE\DEBUG\TRANSIT_PATH.OBJ
C:\SOFTWARE\TRANSIMS60\ROUTER_SERVICE\DEBUG\TRANSIT_PLAN.OBJ
C:\SOFTWARE\TRANSIMS60\ROUTER_SERVICE\DEBUG\WALK_ACCESS.OBJ
C:\SOFTWARE\TRANSIMS60\ROUTER_SERVICE\DEBUG\CONTROL.OBJ
C:\SOFTWARE\TRANSIMS60\ROUTER_SERVICE\DEBUG\EXECUTE.OBJ
C:\SOFTWARE\TRANSIMS60\ROUTER_SERVICE\DEBUG\GET_HOUSEHOLD_DATA.OBJ
C:\SOFTWARE\TRANSIMS60\ROUTER_SERVICE\DEBUG\PLAN_PROCESSOR.OBJ
C:\SOFTWARE\TRANSIMS60\ROUTER_SERVICE\DEBUG\ROUTER_SERVICE.OBJ
C:\SOFTWARE\TRANSIMS60\ROUTER_SERVICE\DEBUG\SET_PARAMETERS.OBJ
C:\SOFTWARE\TRANSIMS60\ROUTER_SERVICE\DEBUG\SKIM_PROCESSOR.OBJ
C:\SOFTWARE\TRANSIMS60\ROUTER_SERVICE\DEBUG\ARRAY_PROCESSING.OBJ
C:\SOFTWARE\TRANSIMS60\ROUTER_SERVICE\DEBUG\BEST_DESTINATION.OBJ
C:\SOFTWARE\TRANSIMS60\ROUTER_SERVICE\DEBUG\BEST_LANE_USE.OBJ
C:\SOFTWARE\TRANSIMS60\ROUTER_SERVICE\DEBUG\BUILD_PATH.OBJ
C:\SOFTWARE\TRANSIMS60\ROUTER_SERVICE\DEBUG\DRIVE_PATH.OBJ
C:\SOFTWARE\TRANSIMS60\ROUTER_SERVICE\DEBUG\DRIVE_PLAN.OBJ
C:\SOFTWARE\TRANSIMS60\ROUTER_SERVICE\DEBUG\DRIVE_TRANSIT.OBJ
C:\SOFTWARE\TRANSIMS60\ROUTER_SERVICE\DEBUG\LOCATION_ACCESS.OBJ
C:\SOFTWARE\TRANSIMS60\ROUTER_SERVICE\DEBUG\MAGIC_MOVE.OBJ
C:\SOFTWARE\TRANSIMS60\ROUTER_SERVICE\DEBUG\NODE_PATH.OBJ
C:\SOFTWARE\TRANSIMS60\ROUTER_SERVICE\DEBUG\NODE_PLAN.OBJ
C:\SOFTWARE\TRANSIMS60\ROUTER_SERVICE\DEBUG\PARKING_ACCESS.OBJ
C:\SOFTWARE\TRANSIMS60\ROUTER_SERVICE\DEBUG\PARKING_UPDATE.OBJ
C:\SOFTWARE\TRANSIMS60\ROUTER_SERVICE\DEBUG\PATH_BUILDER.OBJ
C:\SOFTWARE\TRANSIMS60\ROUTER_SERVICE\DEBUG\PLAN_BUILD.OBJ
C:\SOFTWARE\TRANSIMS60\ROUTER_SERVICE\DEBUG\PLAN_FLOW.OBJ
C:\SOFTWARE\TRANSIMS60\ROUTER_SERVICE\DEBUG\VC110.PDB
C:\SOFTWARE\TRANSIMS60\DEBUG\ROUTER_SERVICE.LIB
C:\Software\Transims60\Router_Service\Debug\Router_Service.vcxprojResolveAssemblyReference.cache
C:\Software\Transims60\Router_Service\Debug\Array_Processing.obj
C:\Software\Transims60\Router_Service\Debug\Best_Destination.obj
C:\Software\Transims60\Router_Service\Debug\Best_Lane_Use.obj
C:\Software\Transims60\Router_Service\Debug\Build_Path.obj
C:\Software\Transims60\Router_Service\Debug\Control.obj
C:\Software\Transims60\Router_Service\Debug\Drive_Path.obj
C:\Software\Transims60\Router_Service\Debug\Drive_Plan.obj
C:\Software\Transims60\Router_Service\Debug\Drive_Transit.obj
C:\Software\Transims60\Router_Service\Debug\Execute.obj
C:\Software\Transims60\Router_Service\Debug\Get_Household_Data.obj
C:\Software\Transims60\Router_Service\Debug\Location_Access.obj
C:\Software\Transims60\Router_Service\Debug\Magic_Move.obj
C:\Software\Transims60\Router_Service\Debug\Node_Path.obj
C:\Software\Transims60\Router_Service\Debug\Node_Plan.obj
C:\Software\Transims60\Router_Service\Debug\Parking_Access.obj
C:\Software\Transims60\Router_Service\Debug\Parking_Update.obj
C:\Software\Transims60\Router_Service\Debug\Path_Builder.obj
C:\Software\Transims60\Router_Service\Debug\Plan_Build.obj
C:\Software\Transims60\Router_Service\Debug\Plan_Flow.obj
C:\Software\Transims60\Router_Service\Debug\Plan_Processor.obj
C:\Software\Transims60\Router_Service\Debug\Plan_ReRoute.obj
C:\Software\Transims60\Router_Service\Debug\Plan_Reskim.obj
C:\Software\Transims60\Router_Service\Debug\Plan_Update.obj
C:\Software\Transims60\Router_Service\Debug\Router_Service.obj
C:\Software\Transims60\Router_Service\Debug\Save_Skims.obj
C:\Software\Transims60\Router_Service\Debug\Set_Parameters.obj
C:\Software\Transims60\Router_Service\Debug\Skim_Build.obj
C:\Software\Transims60\Router_Service\Debug\Skim_Processor.obj
C:\Software\Transims60\Router_Service\Debug\Stop_Alight.obj
C:\Software\Transims60\Router_Service\Debug\Stop_Board.obj
C:\Software\Transims60\Router_Service\Debug\Trace_Path.obj
C:\Software\Transims60\Router_Service\Debug\Transit_Access.obj
C:\Software\Transims60\Router_Service\Debug\Transit_Parking.obj
C:\Software\Transims60\Router_Service\Debug\Transit_Path.obj
C:\Software\Transims60\Router_Service\Debug\Transit_Plan.obj
C:\Software\Transims60\Router_Service\Debug\Walk_Access.obj
C:\Software\Transims60\Router_Service\Debug\cl.command.1.tlog
C:\Software\Transims60\Router_Service\Debug\CL.read.1.tlog
C:\Software\Transims60\Router_Service\Debug\CL.write.1.tlog
C:\Software\Transims60\Router_Service\Debug\Lib-link.read.1.tlog
C:\Software\Transims60\Router_Service\Debug\Lib-link.write.1.tlog
C:\Software\Transims60\Router_Service\Debug\lib.command.1.tlog
C:\Software\Transims60\Router_Service\Debug\vc110.idb
C:\Software\Transims60\Router_Service\Debug\vc110.pdb
C:\Software\Transims60\Debug\Router_Service.lib
