C:\SOFTWARE\TRANSIMS60\SYSLIB\X64\DEBUG\INPUT_OUTPUT.OBJ
C:\SOFTWARE\TRANSIMS60\SYSLIB\X64\DEBUG\INITIAL_TABLE.OBJ
C:\SOFTWARE\TRANSIMS60\SYSLIB\X64\DEBUG\INITIAL_MAP.OBJ
C:\SOFTWARE\TRANSIMS60\SYSLIB\X64\DEBUG\INITIAL_DECLARE.OBJ
C:\SOFTWARE\TRANSIMS60\SYSLIB\X64\DEBUG\GET_TOKEN.OBJ
C:\SOFTWARE\TRANSIMS60\SYSLIB\X64\DEBUG\FUNCTION.OBJ
C:\SOFTWARE\TRANSIMS60\SYSLIB\X64\DEBUG\EXECUTE.OBJ
C:\SOFTWARE\TRANSIMS60\SYSLIB\X64\DEBUG\DATE_TIME.OBJ
C:\SOFTWARE\TRANSIMS60\SYSLIB\X64\DEBUG\CONVERT.OBJ
C:\SOFTWARE\TRANSIMS60\SYSLIB\X64\DEBUG\COMPILE.OBJ
C:\SOFTWARE\TRANSIMS60\SYSLIB\X64\DEBUG\ASSIGN.OBJ
C:\SOFTWARE\TRANSIMS60\SYSLIB\X64\DEBUG\DB_STATUS.OBJ
C:\SOFTWARE\TRANSIMS60\SYSLIB\X64\DEBUG\DB_RECORD.OBJ
C:\SOFTWARE\TRANSIMS60\SYSLIB\X64\DEBUG\DB_MATRIX.OBJ
C:\SOFTWARE\TRANSIMS60\SYSLIB\X64\DEBUG\DB_HEADER.OBJ
C:\SOFTWARE\TRANSIMS60\SYSLIB\X64\DEBUG\DB_FILE.OBJ
C:\SOFTWARE\TRANSIMS60\SYSLIB\X64\DEBUG\DB_FIELD.OBJ
C:\SOFTWARE\TRANSIMS60\SYSLIB\X64\DEBUG\DB_BASE.OBJ
C:\SOFTWARE\TRANSIMS60\SYSLIB\X64\DEBUG\DB_ARRAY.OBJ
C:\SOFTWARE\TRANSIMS60\SYSLIB\X64\DEBUG\ARCVIEW_FILE.OBJ
C:\SOFTWARE\TRANSIMS60\SYSLIB\X64\DEBUG\BEST_LIST.OBJ
C:\SOFTWARE\TRANSIMS60\SYSLIB\X64\DEBUG\BARRIER.OBJ
C:\SOFTWARE\TRANSIMS60\SYSLIB\X64\DEBUG\STATIC_SERVICE.OBJ
C:\SOFTWARE\TRANSIMS60\SYSLIB\X64\DEBUG\REPORT_SERVICE.OBJ
C:\SOFTWARE\TRANSIMS60\SYSLIB\X64\DEBUG\MESSAGE_SERVICE.OBJ
C:\SOFTWARE\TRANSIMS60\SYSLIB\X64\DEBUG\EXECUTION_SERVICE.OBJ
C:\SOFTWARE\TRANSIMS60\SYSLIB\X64\DEBUG\CONTROL_SERVICE.OBJ
C:\SOFTWARE\TRANSIMS60\SYSLIB\X64\DEBUG\PROJECTION_SERVICE.OBJ
C:\SOFTWARE\TRANSIMS60\SYSLIB\X64\DEBUG\PROJECTION_DATA.OBJ
C:\SOFTWARE\TRANSIMS60\SYSLIB\X64\DEBUG\PROJECTION.OBJ
C:\SOFTWARE\TRANSIMS60\SYSLIB\X64\DEBUG\USER_PROGRAM.OBJ
C:\SOFTWARE\TRANSIMS60\SYSLIB\X64\DEBUG\TABLE.OBJ
C:\SOFTWARE\TRANSIMS60\SYSLIB\X64\DEBUG\RELATION.OBJ
C:\SOFTWARE\TRANSIMS60\SYSLIB\X64\DEBUG\READ_VALUE.OBJ
C:\SOFTWARE\TRANSIMS60\SYSLIB\X64\DEBUG\PROGRAM_CODE.OBJ
C:\SOFTWARE\TRANSIMS60\SYSLIB\X64\DEBUG\PROCESS_TOKEN.OBJ
C:\SOFTWARE\TRANSIMS60\SYSLIB\X64\DEBUG\PROCESS_COMMAND.OBJ
C:\SOFTWARE\TRANSIMS60\SYSLIB\X64\DEBUG\PRINT_COMMANDS.OBJ
C:\SOFTWARE\TRANSIMS60\SYSLIB\X64\DEBUG\MATH.OBJ
C:\SOFTWARE\TRANSIMS60\SYSLIB\X64\DEBUG\MAP.OBJ
C:\SOFTWARE\TRANSIMS60\SYSLIB\X64\DEBUG\TRIP_SUM_DATA.OBJ
C:\SOFTWARE\TRANSIMS60\SYSLIB\X64\DEBUG\TRIP_GAP_DATA.OBJ
C:\SOFTWARE\TRANSIMS60\SYSLIB\X64\DEBUG\TIME_PERIODS.OBJ
C:\SOFTWARE\TRANSIMS60\SYSLIB\X64\DEBUG\STRING.OBJ
C:\SOFTWARE\TRANSIMS60\SYSLIB\X64\DEBUG\STREAMS.OBJ
C:\SOFTWARE\TRANSIMS60\SYSLIB\X64\DEBUG\SMOOTH_DATA.OBJ
C:\SOFTWARE\TRANSIMS60\SYSLIB\X64\DEBUG\SHAPE_TOOLS.OBJ
C:\SOFTWARE\TRANSIMS60\SYSLIB\X64\DEBUG\RECORD_QUEUE.OBJ
C:\SOFTWARE\TRANSIMS60\SYSLIB\X64\DEBUG\RANGE_DATA.OBJ
C:\SOFTWARE\TRANSIMS60\SYSLIB\X64\DEBUG\RANDOM.OBJ
C:\SOFTWARE\TRANSIMS60\SYSLIB\X64\DEBUG\IPF_DATA.OBJ
C:\SOFTWARE\TRANSIMS60\SYSLIB\X64\DEBUG\FUNCTIONS.OBJ
C:\SOFTWARE\TRANSIMS60\SYSLIB\X64\DEBUG\EQUIV_DATA.OBJ
C:\SOFTWARE\TRANSIMS60\SYSLIB\X64\DEBUG\EQUATION.OBJ
C:\SOFTWARE\TRANSIMS60\SYSLIB\X64\DEBUG\DTIME.OBJ
C:\SOFTWARE\TRANSIMS60\SYSLIB\X64\DEBUG\DIFFERENCE_DATA.OBJ
C:\SOFTWARE\TRANSIMS60\SYSLIB\X64\DEBUG\DATA_RANGE.OBJ
C:\SOFTWARE\TRANSIMS60\SYSLIB\X64\DEBUG\DATA_BUFFER.OBJ
C:\SOFTWARE\TRANSIMS60\SYSLIB\X64\DEBUG\COMPASS.OBJ
C:\SOFTWARE\TRANSIMS60\SYSLIB\X64\DEBUG\BUFFER.OBJ
C:\SOFTWARE\TRANSIMS60\SYSLIB\X64\DEBUG\WORK_QUEUE.OBJ
C:\SOFTWARE\TRANSIMS60\SYSLIB\X64\DEBUG\VC110.PDB
C:\SOFTWARE\TRANSIMS60\X64\DEBUG\SYSLIB.LIB
C:\Software\Transims60\SysLib\x64\Debug\Arcview_File.obj
C:\Software\Transims60\SysLib\x64\Debug\Assign.obj
C:\Software\Transims60\SysLib\x64\Debug\Barrier.obj
C:\Software\Transims60\SysLib\x64\Debug\Best_List.obj
C:\Software\Transims60\SysLib\x64\Debug\Buffer.obj
C:\Software\Transims60\SysLib\x64\Debug\Compass.obj
C:\Software\Transims60\SysLib\x64\Debug\Compile.obj
C:\Software\Transims60\SysLib\x64\Debug\Control_Service.obj
C:\Software\Transims60\SysLib\x64\Debug\Convert.obj
C:\Software\Transims60\SysLib\x64\Debug\Data_Buffer.obj
C:\Software\Transims60\SysLib\x64\Debug\Data_Range.obj
C:\Software\Transims60\SysLib\x64\Debug\Date_Time.obj
C:\Software\Transims60\SysLib\x64\Debug\Db_Array.obj
C:\Software\Transims60\SysLib\x64\Debug\Db_Base.obj
C:\Software\Transims60\SysLib\x64\Debug\Db_Field.obj
C:\Software\Transims60\SysLib\x64\Debug\Db_File.obj
C:\Software\Transims60\SysLib\x64\Debug\Db_Header.obj
C:\Software\Transims60\SysLib\x64\Debug\Db_Matrix.obj
C:\Software\Transims60\SysLib\x64\Debug\Db_Record.obj
C:\Software\Transims60\SysLib\x64\Debug\Db_Status.obj
C:\Software\Transims60\SysLib\x64\Debug\Difference_Data.obj
C:\Software\Transims60\SysLib\x64\Debug\Dtime.obj
C:\Software\Transims60\SysLib\x64\Debug\Equation.obj
C:\Software\Transims60\SysLib\x64\Debug\Equiv_Data.obj
C:\Software\Transims60\SysLib\x64\Debug\Execute.obj
C:\Software\Transims60\SysLib\x64\Debug\Execution_Service.obj
C:\Software\Transims60\SysLib\x64\Debug\Function.obj
C:\Software\Transims60\SysLib\x64\Debug\Functions.obj
C:\Software\Transims60\SysLib\x64\Debug\Get_Token.obj
C:\Software\Transims60\SysLib\x64\Debug\Initial_Declare.obj
C:\Software\Transims60\SysLib\x64\Debug\Initial_Map.obj
C:\Software\Transims60\SysLib\x64\Debug\Initial_Table.obj
C:\Software\Transims60\SysLib\x64\Debug\Input_Output.obj
C:\Software\Transims60\SysLib\x64\Debug\IPF_Data.obj
C:\Software\Transims60\SysLib\x64\Debug\Map.obj
C:\Software\Transims60\SysLib\x64\Debug\Math.obj
C:\Software\Transims60\SysLib\x64\Debug\Message_Service.obj
C:\Software\Transims60\SysLib\x64\Debug\Print_Commands.obj
C:\Software\Transims60\SysLib\x64\Debug\Process_Command.obj
C:\Software\Transims60\SysLib\x64\Debug\Process_Token.obj
C:\Software\Transims60\SysLib\x64\Debug\Program_Code.obj
C:\Software\Transims60\SysLib\x64\Debug\Projection.obj
C:\Software\Transims60\SysLib\x64\Debug\Projection_Data.obj
C:\Software\Transims60\SysLib\x64\Debug\Projection_Service.obj
C:\Software\Transims60\SysLib\x64\Debug\Random.obj
C:\Software\Transims60\SysLib\x64\Debug\Range_Data.obj
C:\Software\Transims60\SysLib\x64\Debug\Read_Value.obj
C:\Software\Transims60\SysLib\x64\Debug\Record_Queue.obj
C:\Software\Transims60\SysLib\x64\Debug\Relation.obj
C:\Software\Transims60\SysLib\x64\Debug\Report_Service.obj
C:\Software\Transims60\SysLib\x64\Debug\Shape_Tools.obj
C:\Software\Transims60\SysLib\x64\Debug\Smooth_Data.obj
C:\Software\Transims60\SysLib\x64\Debug\Static_Service.obj
C:\Software\Transims60\SysLib\x64\Debug\Streams.obj
C:\Software\Transims60\SysLib\x64\Debug\String.obj
C:\Software\Transims60\SysLib\x64\Debug\Table.obj
C:\Software\Transims60\SysLib\x64\Debug\Time_Periods.obj
C:\Software\Transims60\SysLib\x64\Debug\Trip_Gap_Data.obj
C:\Software\Transims60\SysLib\x64\Debug\Trip_Sum_Data.obj
C:\Software\Transims60\SysLib\x64\Debug\User_Program.obj
C:\Software\Transims60\SysLib\x64\Debug\Work_Queue.obj
C:\Software\Transims60\SysLib\x64\Debug\cl.command.1.tlog
C:\Software\Transims60\SysLib\x64\Debug\CL.read.1.tlog
C:\Software\Transims60\SysLib\x64\Debug\CL.write.1.tlog
C:\Software\Transims60\SysLib\x64\Debug\Lib-link.read.1.tlog
C:\Software\Transims60\SysLib\x64\Debug\Lib-link.write.1.tlog
C:\Software\Transims60\SysLib\x64\Debug\lib.command.1.tlog
C:\Software\Transims60\SysLib\x64\Debug\vc110.pdb
C:\Software\Transims60\x64\Debug\SysLib.lib
