c:\software\transims60\router_service\x64\binthreads\vc120.pdb
c:\software\transims60\router_service\x64\binthreads\router_service.lib
c:\software\transims60\router_service\x64\binthreads\array_processing.obj
c:\software\transims60\router_service\x64\binthreads\best_destination.obj
c:\software\transims60\router_service\x64\binthreads\best_lane_use.obj
c:\software\transims60\router_service\x64\binthreads\build_path.obj
c:\software\transims60\router_service\x64\binthreads\control.obj
c:\software\transims60\router_service\x64\binthreads\drive_path.obj
c:\software\transims60\router_service\x64\binthreads\drive_plan.obj
c:\software\transims60\router_service\x64\binthreads\drive_transit.obj
c:\software\transims60\router_service\x64\binthreads\execute.obj
c:\software\transims60\router_service\x64\binthreads\load_flow.obj
c:\software\transims60\router_service\x64\binthreads\location_access.obj
c:\software\transims60\router_service\x64\binthreads\magic_move.obj
c:\software\transims60\router_service\x64\binthreads\node_path.obj
c:\software\transims60\router_service\x64\binthreads\node_plan.obj
c:\software\transims60\router_service\x64\binthreads\parking_access.obj
c:\software\transims60\router_service\x64\binthreads\parking_update.obj
c:\software\transims60\router_service\x64\binthreads\path_builder.obj
c:\software\transims60\router_service\x64\binthreads\plan_build.obj
c:\software\transims60\router_service\x64\binthreads\plan_extend.obj
c:\software\transims60\router_service\x64\binthreads\plan_flow.obj
c:\software\transims60\router_service\x64\binthreads\plan_processor.obj
c:\software\transims60\router_service\x64\binthreads\plan_reroute.obj
c:\software\transims60\router_service\x64\binthreads\plan_reskim.obj
c:\software\transims60\router_service\x64\binthreads\plan_stop.obj
c:\software\transims60\router_service\x64\binthreads\plan_update.obj
c:\software\transims60\router_service\x64\binthreads\router_service.obj
c:\software\transims60\router_service\x64\binthreads\save_skims.obj
c:\software\transims60\router_service\x64\binthreads\set_parameters.obj
c:\software\transims60\router_service\x64\binthreads\skim_build.obj
c:\software\transims60\router_service\x64\binthreads\skim_processor.obj
c:\software\transims60\router_service\x64\binthreads\stop_access.obj
c:\software\transims60\router_service\x64\binthreads\stop_alight.obj
c:\software\transims60\router_service\x64\binthreads\stop_board.obj
c:\software\transims60\router_service\x64\binthreads\trace_path.obj
c:\software\transims60\router_service\x64\binthreads\transfer_fare.obj
c:\software\transims60\router_service\x64\binthreads\transit_access.obj
c:\software\transims60\router_service\x64\binthreads\transit_parking.obj
c:\software\transims60\router_service\x64\binthreads\transit_path.obj
c:\software\transims60\router_service\x64\binthreads\transit_plan.obj
c:\software\transims60\router_service\x64\binthreads\walk_access.obj
c:\software\transims60\router_service\x64\binthreads\router_service.tlog\cl.command.1.tlog
c:\software\transims60\router_service\x64\binthreads\router_service.tlog\cl.read.1.tlog
c:\software\transims60\router_service\x64\binthreads\router_service.tlog\cl.write.1.tlog
c:\software\transims60\router_service\x64\binthreads\router_service.tlog\lib-link.read.1.tlog
c:\software\transims60\router_service\x64\binthreads\router_service.tlog\lib-link.write.1.tlog
c:\software\transims60\router_service\x64\binthreads\router_service.tlog\lib.command.1.tlog
