c:\software\transims60\planselect\x64\binthreads\vc120.pdb
c:\software\transims60\x64\binthreads\planselect.exe
c:\software\transims60\planselect\x64\binthreads\control.obj
c:\software\transims60\planselect\x64\binthreads\execute.obj
c:\software\transims60\planselect\x64\binthreads\mpi_close.obj
c:\software\transims60\planselect\x64\binthreads\mpi_processing.obj
c:\software\transims60\planselect\x64\binthreads\mpi_setup.obj
c:\software\transims60\planselect\x64\binthreads\mpi_write.obj
c:\software\transims60\planselect\x64\binthreads\planselect.obj
c:\software\transims60\planselect\x64\binthreads\plan_output.obj
c:\software\transims60\planselect\x64\binthreads\plan_processing.obj
c:\software\transims60\planselect\x64\binthreads\read_plans.obj
c:\software\transims60\planselect\x64\binthreads\select_plans.obj
c:\software\transims60\planselect\x64\binthreads\write_plans.obj
c:\software\transims60\planselect\x64\binthreads\planselect.tlog\cl.command.1.tlog
c:\software\transims60\planselect\x64\binthreads\planselect.tlog\cl.read.1.tlog
c:\software\transims60\planselect\x64\binthreads\planselect.tlog\cl.write.1.tlog
c:\software\transims60\planselect\x64\binthreads\planselect.tlog\link.command.1.tlog
c:\software\transims60\planselect\x64\binthreads\planselect.tlog\link.read.1.tlog
c:\software\transims60\planselect\x64\binthreads\planselect.tlog\link.write.1.tlog
