c:\software\transims60\netprep\x64\binthreads\vc120.pdb
c:\software\transims60\x64\binthreads\netprep.exe
c:\software\transims60\netprep\x64\binthreads\bearing_update.obj
c:\software\transims60\netprep\x64\binthreads\check_intersections.obj
c:\software\transims60\netprep\x64\binthreads\closest_zone.obj
c:\software\transims60\netprep\x64\binthreads\collapse_nodes.obj
c:\software\transims60\netprep\x64\binthreads\compare_links.obj
c:\software\transims60\netprep\x64\binthreads\control.obj
c:\software\transims60\netprep\x64\binthreads\correct_shapes.obj
c:\software\transims60\netprep\x64\binthreads\delete_link.obj
c:\software\transims60\netprep\x64\binthreads\drop_links.obj
c:\software\transims60\netprep\x64\binthreads\execute.obj
c:\software\transims60\netprep\x64\binthreads\expand_route.obj
c:\software\transims60\netprep\x64\binthreads\get_link_data.obj
c:\software\transims60\netprep\x64\binthreads\get_node_data.obj
c:\software\transims60\netprep\x64\binthreads\input_links.obj
c:\software\transims60\netprep\x64\binthreads\input_nodes.obj
c:\software\transims60\netprep\x64\binthreads\input_routes.obj
c:\software\transims60\netprep\x64\binthreads\input_spdcap.obj
c:\software\transims60\netprep\x64\binthreads\input_zones.obj
c:\software\transims60\netprep\x64\binthreads\local_spacing.obj
c:\software\transims60\netprep\x64\binthreads\local_thru_links.obj
c:\software\transims60\netprep\x64\binthreads\netprep.obj
c:\software\transims60\netprep\x64\binthreads\node_list.obj
c:\software\transims60\netprep\x64\binthreads\node_types.obj
c:\software\transims60\netprep\x64\binthreads\put_link_data.obj
c:\software\transims60\netprep\x64\binthreads\put_node_data.obj
c:\software\transims60\netprep\x64\binthreads\put_shape_data.obj
c:\software\transims60\netprep\x64\binthreads\read_scripts.obj
c:\software\transims60\netprep\x64\binthreads\save_route.obj
c:\software\transims60\netprep\x64\binthreads\select_best.obj
c:\software\transims60\netprep\x64\binthreads\short_links.obj
c:\software\transims60\netprep\x64\binthreads\space_processing.obj
c:\software\transims60\netprep\x64\binthreads\split_ab_links.obj
c:\software\transims60\netprep\x64\binthreads\split_loops.obj
c:\software\transims60\netprep\x64\binthreads\thru_links.obj
c:\software\transims60\netprep\x64\binthreads\trace_links.obj
c:\software\transims60\netprep\x64\binthreads\write_link_nodes.obj
c:\software\transims60\netprep\x64\binthreads\netprep.tlog\cl.command.1.tlog
c:\software\transims60\netprep\x64\binthreads\netprep.tlog\cl.read.1.tlog
c:\software\transims60\netprep\x64\binthreads\netprep.tlog\cl.write.1.tlog
c:\software\transims60\netprep\x64\binthreads\netprep.tlog\link.command.1.tlog
c:\software\transims60\netprep\x64\binthreads\netprep.tlog\link.read.1.tlog
c:\software\transims60\netprep\x64\binthreads\netprep.tlog\link.write.1.tlog
