c:\software\transims60\converttrips\x64\binthreads\vc120.pdb
c:\software\transims60\x64\binthreads\converttrips.exe
c:\software\transims60\converttrips\x64\binthreads\adjust_trips.obj
c:\software\transims60\converttrips\x64\binthreads\compile_scripts.obj
c:\software\transims60\converttrips\x64\binthreads\control.obj
c:\software\transims60\converttrips\x64\binthreads\converttrips.obj
c:\software\transims60\converttrips\x64\binthreads\converttrip_data.obj
c:\software\transims60\converttrips\x64\binthreads\diurnal_results.obj
c:\software\transims60\converttrips\x64\binthreads\execute.obj
c:\software\transims60\converttrips\x64\binthreads\get_access_data.obj
c:\software\transims60\converttrips\x64\binthreads\get_household_data.obj
c:\software\transims60\converttrips\x64\binthreads\get_location_data.obj
c:\software\transims60\converttrips\x64\binthreads\get_trip_data.obj
c:\software\transims60\converttrips\x64\binthreads\locate_od.obj
c:\software\transims60\converttrips\x64\binthreads\parking_check.obj
c:\software\transims60\converttrips\x64\binthreads\read_diurnal.obj
c:\software\transims60\converttrips\x64\binthreads\read_factors.obj
c:\software\transims60\converttrips\x64\binthreads\read_trip_table.obj
c:\software\transims60\converttrips\x64\binthreads\set_time.obj
c:\software\transims60\converttrips\x64\binthreads\set_trip.obj
c:\software\transims60\converttrips\x64\binthreads\tour_file.obj
c:\software\transims60\converttrips\x64\binthreads\tour_map.obj
c:\software\transims60\converttrips\x64\binthreads\tour_process.obj
c:\software\transims60\converttrips\x64\binthreads\zone_location.obj
c:\software\transims60\converttrips\x64\binthreads\zone_sum_report.obj
c:\software\transims60\converttrips\x64\binthreads\converttrips.tlog\cl.command.1.tlog
c:\software\transims60\converttrips\x64\binthreads\converttrips.tlog\cl.read.1.tlog
c:\software\transims60\converttrips\x64\binthreads\converttrips.tlog\cl.write.1.tlog
c:\software\transims60\converttrips\x64\binthreads\converttrips.tlog\link.command.1.tlog
c:\software\transims60\converttrips\x64\binthreads\converttrips.tlog\link.read.1.tlog
c:\software\transims60\converttrips\x64\binthreads\converttrips.tlog\link.write.1.tlog
