c:\software\transims60\ridersum\x64\binthreads\vc120.pdb
c:\software\transims60\x64\binthreads\ridersum.exe
c:\software\transims60\ridersum\x64\binthreads\control.obj
c:\software\transims60\ridersum\x64\binthreads\execute.obj
c:\software\transims60\ridersum\x64\binthreads\group_rider_report.obj
c:\software\transims60\ridersum\x64\binthreads\line_group_report.obj
c:\software\transims60\ridersum\x64\binthreads\line_rider_report.obj
c:\software\transims60\ridersum\x64\binthreads\line_sum_report.obj
c:\software\transims60\ridersum\x64\binthreads\link_selection.obj
c:\software\transims60\ridersum\x64\binthreads\ridersum.obj
c:\software\transims60\ridersum\x64\binthreads\run_selection.obj
c:\software\transims60\ridersum\x64\binthreads\setup_riders.obj
c:\software\transims60\ridersum\x64\binthreads\stop_group_report.obj
c:\software\transims60\ridersum\x64\binthreads\stop_route_report.obj
c:\software\transims60\ridersum\x64\binthreads\stop_run_report.obj
c:\software\transims60\ridersum\x64\binthreads\stop_sum_report.obj
c:\software\transims60\ridersum\x64\binthreads\sum_riders.obj
c:\software\transims60\ridersum\x64\binthreads\write_group_rider.obj
c:\software\transims60\ridersum\x64\binthreads\write_line_rider.obj
c:\software\transims60\ridersum\x64\binthreads\write_link_loads.obj
c:\software\transims60\ridersum\x64\binthreads\write_load_summary.obj
c:\software\transims60\ridersum\x64\binthreads\write_stop_details.obj
c:\software\transims60\ridersum\x64\binthreads\write_stop_group.obj
c:\software\transims60\ridersum\x64\binthreads\write_stop_lines.obj
c:\software\transims60\ridersum\x64\binthreads\write_stop_profile.obj
c:\software\transims60\ridersum\x64\binthreads\write_stop_route.obj
c:\software\transims60\ridersum\x64\binthreads\write_stop_vehtypes.obj
c:\software\transims60\ridersum\x64\binthreads\ridersum.tlog\cl.command.1.tlog
c:\software\transims60\ridersum\x64\binthreads\ridersum.tlog\cl.read.1.tlog
c:\software\transims60\ridersum\x64\binthreads\ridersum.tlog\cl.write.1.tlog
c:\software\transims60\ridersum\x64\binthreads\ridersum.tlog\link.command.1.tlog
c:\software\transims60\ridersum\x64\binthreads\ridersum.tlog\link.read.1.tlog
c:\software\transims60\ridersum\x64\binthreads\ridersum.tlog\link.write.1.tlog
