c:\software\transims60\tripprep\x64\binthreads\vc120.pdb
c:\software\transims60\x64\binthreads\tripprep.exe
c:\software\transims60\tripprep\x64\binthreads\check_trips.obj
c:\software\transims60\tripprep\x64\binthreads\combine_trips.obj
c:\software\transims60\tripprep\x64\binthreads\control.obj
c:\software\transims60\tripprep\x64\binthreads\execute.obj
c:\software\transims60\tripprep\x64\binthreads\mpi_processing.obj
c:\software\transims60\tripprep\x64\binthreads\mpi_setup.obj
c:\software\transims60\tripprep\x64\binthreads\read_factors.obj
c:\software\transims60\tripprep\x64\binthreads\read_trips.obj
c:\software\transims60\tripprep\x64\binthreads\sort_tours.obj
c:\software\transims60\tripprep\x64\binthreads\temp_time_write.obj
c:\software\transims60\tripprep\x64\binthreads\temp_trip_write.obj
c:\software\transims60\tripprep\x64\binthreads\time_combine.obj
c:\software\transims60\tripprep\x64\binthreads\time_write.obj
c:\software\transims60\tripprep\x64\binthreads\tripprep.obj
c:\software\transims60\tripprep\x64\binthreads\trip_combine.obj
c:\software\transims60\tripprep\x64\binthreads\trip_processing.obj
c:\software\transims60\tripprep\x64\binthreads\trip_write.obj
c:\software\transims60\tripprep\x64\binthreads\write_temp.obj
c:\software\transims60\tripprep\x64\binthreads\tripprep.tlog\cl.command.1.tlog
c:\software\transims60\tripprep\x64\binthreads\tripprep.tlog\cl.read.1.tlog
c:\software\transims60\tripprep\x64\binthreads\tripprep.tlog\cl.write.1.tlog
c:\software\transims60\tripprep\x64\binthreads\tripprep.tlog\link.command.1.tlog
c:\software\transims60\tripprep\x64\binthreads\tripprep.tlog\link.read.1.tlog
c:\software\transims60\tripprep\x64\binthreads\tripprep.tlog\link.write.1.tlog
