c:\software\transims60\transitaccess\win32\bin\vc120.pdb
c:\software\transims60\win32\bin\transitaccess.exe
c:\software\transims60\transitaccess\win32\bin\control.obj
c:\software\transims60\transitaccess\win32\bin\execute.obj
c:\software\transims60\transitaccess\win32\bin\process_origin.obj
c:\software\transims60\transitaccess\win32\bin\read_extra.obj
c:\software\transims60\transitaccess\win32\bin\read_link.obj
c:\software\transims60\transitaccess\win32\bin\read_node.obj
c:\software\transims60\transitaccess\win32\bin\read_skims.obj
c:\software\transims60\transitaccess\win32\bin\read_slug.obj
c:\software\transims60\transitaccess\win32\bin\read_station.obj
c:\software\transims60\transitaccess\win32\bin\read_zone.obj
c:\software\transims60\transitaccess\win32\bin\station_report.obj
c:\software\transims60\transitaccess\win32\bin\transitaccess.obj
c:\software\transims60\transitaccess\win32\bin\walk_access.obj
c:\software\transims60\transitaccess\win32\bin\zone_report.obj
c:\software\transims60\transitaccess\win32\bin\transitaccess.tlog\cl.command.1.tlog
c:\software\transims60\transitaccess\win32\bin\transitaccess.tlog\cl.read.1.tlog
c:\software\transims60\transitaccess\win32\bin\transitaccess.tlog\cl.write.1.tlog
c:\software\transims60\transitaccess\win32\bin\transitaccess.tlog\link.command.1.tlog
c:\software\transims60\transitaccess\win32\bin\transitaccess.tlog\link.read.1.tlog
c:\software\transims60\transitaccess\win32\bin\transitaccess.tlog\link.write.1.tlog
