c:\software\transims60\transitaccess\x64\binthreads\vc120.pdb
c:\software\transims60\x64\binthreads\transitaccess.exe
c:\software\transims60\transitaccess\x64\binthreads\control.obj
c:\software\transims60\transitaccess\x64\binthreads\execute.obj
c:\software\transims60\transitaccess\x64\binthreads\process_origin.obj
c:\software\transims60\transitaccess\x64\binthreads\read_extra.obj
c:\software\transims60\transitaccess\x64\binthreads\read_link.obj
c:\software\transims60\transitaccess\x64\binthreads\read_node.obj
c:\software\transims60\transitaccess\x64\binthreads\read_skims.obj
c:\software\transims60\transitaccess\x64\binthreads\read_slug.obj
c:\software\transims60\transitaccess\x64\binthreads\read_station.obj
c:\software\transims60\transitaccess\x64\binthreads\read_zone.obj
c:\software\transims60\transitaccess\x64\binthreads\station_report.obj
c:\software\transims60\transitaccess\x64\binthreads\transitaccess.obj
c:\software\transims60\transitaccess\x64\binthreads\walk_access.obj
c:\software\transims60\transitaccess\x64\binthreads\zone_report.obj
c:\software\transims60\transitaccess\x64\binthreads\transitaccess.tlog\cl.command.1.tlog
c:\software\transims60\transitaccess\x64\binthreads\transitaccess.tlog\cl.read.1.tlog
c:\software\transims60\transitaccess\x64\binthreads\transitaccess.tlog\cl.write.1.tlog
c:\software\transims60\transitaccess\x64\binthreads\transitaccess.tlog\link.command.1.tlog
c:\software\transims60\transitaccess\x64\binthreads\transitaccess.tlog\link.read.1.tlog
c:\software\transims60\transitaccess\x64\binthreads\transitaccess.tlog\link.write.1.tlog
