c:\software\transims60\linkdata\win32\bin\vc120.pdb
c:\software\transims60\win32\bin\linkdata.exe
c:\software\transims60\linkdata\win32\bin\control.obj
c:\software\transims60\linkdata\win32\bin\create_link_map.obj
c:\software\transims60\linkdata\win32\bin\execute.obj
c:\software\transims60\linkdata\win32\bin\linkdata.obj
c:\software\transims60\linkdata\win32\bin\node_path.obj
c:\software\transims60\linkdata\win32\bin\read_dir_data.obj
c:\software\transims60\linkdata\win32\bin\read_link_nodes.obj
c:\software\transims60\linkdata\win32\bin\read_node_file.obj
c:\software\transims60\linkdata\win32\bin\read_node_map.obj
c:\software\transims60\linkdata\win32\bin\write_dir_data.obj
c:\software\transims60\linkdata\win32\bin\write_link_nodes.obj
c:\software\transims60\linkdata\win32\bin\write_node_map.obj
c:\software\transims60\linkdata\win32\bin\linkdata.tlog\cl.command.1.tlog
c:\software\transims60\linkdata\win32\bin\linkdata.tlog\cl.read.1.tlog
c:\software\transims60\linkdata\win32\bin\linkdata.tlog\cl.write.1.tlog
c:\software\transims60\linkdata\win32\bin\linkdata.tlog\link.command.1.tlog
c:\software\transims60\linkdata\win32\bin\linkdata.tlog\link.read.1.tlog
c:\software\transims60\linkdata\win32\bin\linkdata.tlog\link.write.1.tlog
