c:\software\transims60\transimsnet\win32\bin\vc120.pdb
c:\software\transims60\win32\bin\transimsnet.exe
c:\software\transims60\win32\bin\transimsnet.pdb
c:\software\transims60\transimsnet\win32\bin\add_link_data.obj
c:\software\transims60\transimsnet\win32\bin\add_node_data.obj
c:\software\transims60\transimsnet\win32\bin\add_zone_data.obj
c:\software\transims60\transimsnet\win32\bin\connections.obj
c:\software\transims60\transimsnet\win32\bin\control.obj
c:\software\transims60\transimsnet\win32\bin\execute.obj
c:\software\transims60\transimsnet\win32\bin\get_access_data.obj
c:\software\transims60\transimsnet\win32\bin\get_connect_data.obj
c:\software\transims60\transimsnet\win32\bin\get_detector_data.obj
c:\software\transims60\transimsnet\win32\bin\get_lane_use_data.obj
c:\software\transims60\transimsnet\win32\bin\get_link_data.obj
c:\software\transims60\transimsnet\win32\bin\get_location_data.obj
c:\software\transims60\transimsnet\win32\bin\get_node_data.obj
c:\software\transims60\transimsnet\win32\bin\get_parking_data.obj
c:\software\transims60\transimsnet\win32\bin\get_phasing_data.obj
c:\software\transims60\transimsnet\win32\bin\get_pocket_data.obj
c:\software\transims60\transimsnet\win32\bin\get_shape_data.obj
c:\software\transims60\transimsnet\win32\bin\get_signal_data.obj
c:\software\transims60\transimsnet\win32\bin\get_sign_data.obj
c:\software\transims60\transimsnet\win32\bin\get_stop_data.obj
c:\software\transims60\transimsnet\win32\bin\get_timing_data.obj
c:\software\transims60\transimsnet\win32\bin\get_turn_pen_data.obj
c:\software\transims60\transimsnet\win32\bin\get_zone_data.obj
c:\software\transims60\transimsnet\win32\bin\lane_ranges.obj
c:\software\transims60\transimsnet\win32\bin\lane_use.obj
c:\software\transims60\transimsnet\win32\bin\link_access.obj
c:\software\transims60\transimsnet\win32\bin\operators.obj
c:\software\transims60\transimsnet\win32\bin\pocket_lanes.obj
c:\software\transims60\transimsnet\win32\bin\read_approach.obj
c:\software\transims60\transimsnet\win32\bin\read_boundary.obj
c:\software\transims60\transimsnet\win32\bin\read_link_data.obj
c:\software\transims60\transimsnet\win32\bin\read_link_use.obj
c:\software\transims60\transimsnet\win32\bin\read_node_data.obj
c:\software\transims60\transimsnet\win32\bin\read_shape_data.obj
c:\software\transims60\transimsnet\win32\bin\read_zone_data.obj
c:\software\transims60\transimsnet\win32\bin\repair_connections.obj
c:\software\transims60\transimsnet\win32\bin\traffic_controls.obj
c:\software\transims60\transimsnet\win32\bin\transimsnet.obj
c:\software\transims60\transimsnet\win32\bin\zone_access.obj
c:\software\transims60\transimsnet\win32\bin\transimsnet.tlog\cl.command.1.tlog
c:\software\transims60\transimsnet\win32\bin\transimsnet.tlog\cl.read.1.tlog
c:\software\transims60\transimsnet\win32\bin\transimsnet.tlog\cl.write.1.tlog
c:\software\transims60\transimsnet\win32\bin\transimsnet.tlog\link.command.1.tlog
c:\software\transims60\transimsnet\win32\bin\transimsnet.tlog\link.read.1.tlog
c:\software\transims60\transimsnet\win32\bin\transimsnet.tlog\link.write.1.tlog
