c:\software\transims60\arcsnapshot\win32\bin\vc120.pdb
c:\software\transims60\win32\bin\arcsnapshot.exe
c:\software\transims60\arcsnapshot\win32\bin\arcsnapshot.obj
c:\software\transims60\arcsnapshot\win32\bin\control.obj
c:\software\transims60\arcsnapshot\win32\bin\create_cells.obj
c:\software\transims60\arcsnapshot\win32\bin\draw_vehicle.obj
c:\software\transims60\arcsnapshot\win32\bin\execute.obj
c:\software\transims60\arcsnapshot\win32\bin\max_check.obj
c:\software\transims60\arcsnapshot\win32\bin\read_snapshot.obj
c:\software\transims60\arcsnapshot\win32\bin\set_subarea.obj
c:\software\transims60\arcsnapshot\win32\bin\set_veh_types.obj
c:\software\transims60\arcsnapshot\win32\bin\sum_snapshot.obj
c:\software\transims60\arcsnapshot\win32\bin\write_snapshot.obj
c:\software\transims60\arcsnapshot\win32\bin\write_summary.obj
c:\software\transims60\arcsnapshot\win32\bin\arcsnapshot.tlog\cl.command.1.tlog
c:\software\transims60\arcsnapshot\win32\bin\arcsnapshot.tlog\cl.read.1.tlog
c:\software\transims60\arcsnapshot\win32\bin\arcsnapshot.tlog\cl.write.1.tlog
c:\software\transims60\arcsnapshot\win32\bin\arcsnapshot.tlog\link.command.1.tlog
c:\software\transims60\arcsnapshot\win32\bin\arcsnapshot.tlog\link.read.1.tlog
c:\software\transims60\arcsnapshot\win32\bin\arcsnapshot.tlog\link.write.1.tlog
