c:\software\transims60\netprep\win32\bin\vc120.pdb
c:\software\transims60\win32\bin\netprep.exe
c:\software\transims60\win32\bin\netprep.pdb
c:\software\transims60\netprep\win32\bin\bearing_update.obj
c:\software\transims60\netprep\win32\bin\check_intersections.obj
c:\software\transims60\netprep\win32\bin\closest_zone.obj
c:\software\transims60\netprep\win32\bin\collapse_nodes.obj
c:\software\transims60\netprep\win32\bin\compare_links.obj
c:\software\transims60\netprep\win32\bin\control.obj
c:\software\transims60\netprep\win32\bin\correct_shapes.obj
c:\software\transims60\netprep\win32\bin\delete_link.obj
c:\software\transims60\netprep\win32\bin\drop_links.obj
c:\software\transims60\netprep\win32\bin\execute.obj
c:\software\transims60\netprep\win32\bin\expand_route.obj
c:\software\transims60\netprep\win32\bin\get_link_data.obj
c:\software\transims60\netprep\win32\bin\get_node_data.obj
c:\software\transims60\netprep\win32\bin\input_links.obj
c:\software\transims60\netprep\win32\bin\input_nodes.obj
c:\software\transims60\netprep\win32\bin\input_routes.obj
c:\software\transims60\netprep\win32\bin\input_spdcap.obj
c:\software\transims60\netprep\win32\bin\input_zones.obj
c:\software\transims60\netprep\win32\bin\local_spacing.obj
c:\software\transims60\netprep\win32\bin\local_thru_links.obj
c:\software\transims60\netprep\win32\bin\netprep.obj
c:\software\transims60\netprep\win32\bin\node_list.obj
c:\software\transims60\netprep\win32\bin\node_types.obj
c:\software\transims60\netprep\win32\bin\put_link_data.obj
c:\software\transims60\netprep\win32\bin\put_node_data.obj
c:\software\transims60\netprep\win32\bin\put_shape_data.obj
c:\software\transims60\netprep\win32\bin\read_scripts.obj
c:\software\transims60\netprep\win32\bin\save_route.obj
c:\software\transims60\netprep\win32\bin\select_best.obj
c:\software\transims60\netprep\win32\bin\short_links.obj
c:\software\transims60\netprep\win32\bin\space_processing.obj
c:\software\transims60\netprep\win32\bin\split_ab_links.obj
c:\software\transims60\netprep\win32\bin\split_loops.obj
c:\software\transims60\netprep\win32\bin\thru_links.obj
c:\software\transims60\netprep\win32\bin\trace_links.obj
c:\software\transims60\netprep\win32\bin\write_link_nodes.obj
c:\software\transims60\netprep\win32\bin\netprep.tlog\cl.command.1.tlog
c:\software\transims60\netprep\win32\bin\netprep.tlog\cl.read.1.tlog
c:\software\transims60\netprep\win32\bin\netprep.tlog\cl.write.1.tlog
c:\software\transims60\netprep\win32\bin\netprep.tlog\link.command.1.tlog
c:\software\transims60\netprep\win32\bin\netprep.tlog\link.read.1.tlog
c:\software\transims60\netprep\win32\bin\netprep.tlog\link.write.1.tlog
