c:\software\transims60\transitnet\win32\bin\vc120.pdb
c:\software\transims60\win32\bin\transitnet.exe
c:\software\transims60\win32\bin\transitnet.pdb
c:\software\transims60\transitnet\win32\bin\add_link.obj
c:\software\transims60\transitnet\win32\bin\add_route_stops.obj
c:\software\transims60\transitnet\win32\bin\build_routes.obj
c:\software\transims60\transitnet\win32\bin\control.obj
c:\software\transims60\transitnet\win32\bin\coordinate.obj
c:\software\transims60\transitnet\win32\bin\data_setup.obj
c:\software\transims60\transitnet\win32\bin\execute.obj
c:\software\transims60\transitnet\win32\bin\get_driver_data.obj
c:\software\transims60\transitnet\win32\bin\get_line_data.obj
c:\software\transims60\transitnet\win32\bin\get_parking_data.obj
c:\software\transims60\transitnet\win32\bin\get_schedule_data.obj
c:\software\transims60\transitnet\win32\bin\get_stop_data.obj
c:\software\transims60\transitnet\win32\bin\node_path.obj
c:\software\transims60\transitnet\win32\bin\parking_access.obj
c:\software\transims60\transitnet\win32\bin\put_line_data.obj
c:\software\transims60\transitnet\win32\bin\read_parkride.obj
c:\software\transims60\transitnet\win32\bin\read_route_data.obj
c:\software\transims60\transitnet\win32\bin\read_stop_zone.obj
c:\software\transims60\transitnet\win32\bin\station_access.obj
c:\software\transims60\transitnet\win32\bin\transitnet.obj
c:\software\transims60\transitnet\win32\bin\update_fare_zones.obj
c:\software\transims60\transitnet\win32\bin\zone_access.obj
c:\software\transims60\transitnet\win32\bin\transitnet.tlog\cl.command.1.tlog
c:\software\transims60\transitnet\win32\bin\transitnet.tlog\cl.read.1.tlog
c:\software\transims60\transitnet\win32\bin\transitnet.tlog\cl.write.1.tlog
c:\software\transims60\transitnet\win32\bin\transitnet.tlog\link.command.1.tlog
c:\software\transims60\transitnet\win32\bin\transitnet.tlog\link.read.1.tlog
c:\software\transims60\transitnet\win32\bin\transitnet.tlog\link.write.1.tlog
