c:\software\transims60\plancompare\win32\bin\vc120.pdb
c:\software\transims60\win32\bin\plancompare.exe
c:\software\transims60\plancompare\win32\bin\control.obj
c:\software\transims60\plancompare\win32\bin\execute.obj
c:\software\transims60\plancompare\win32\bin\merge_plans.obj
c:\software\transims60\plancompare\win32\bin\mpi_close.obj
c:\software\transims60\plancompare\win32\bin\mpi_processing.obj
c:\software\transims60\plancompare\win32\bin\mpi_setup.obj
c:\software\transims60\plancompare\win32\bin\mpi_write.obj
c:\software\transims60\plancompare\win32\bin\plancompare.obj
c:\software\transims60\plancompare\win32\bin\plan_output.obj
c:\software\transims60\plancompare\win32\bin\plan_processing.obj
c:\software\transims60\plancompare\win32\bin\read_plans.obj
c:\software\transims60\plancompare\win32\bin\select_plans.obj
c:\software\transims60\plancompare\win32\bin\write_match.obj
c:\software\transims60\plancompare\win32\bin\write_plans.obj
c:\software\transims60\plancompare\win32\bin\plancompare.tlog\cl.command.1.tlog
c:\software\transims60\plancompare\win32\bin\plancompare.tlog\cl.read.1.tlog
c:\software\transims60\plancompare\win32\bin\plancompare.tlog\cl.write.1.tlog
c:\software\transims60\plancompare\win32\bin\plancompare.tlog\link.command.1.tlog
c:\software\transims60\plancompare\win32\bin\plancompare.tlog\link.read.1.tlog
c:\software\transims60\plancompare\win32\bin\plancompare.tlog\link.write.1.tlog
