c:\software\transims60\tourdata\x64\binthreads\vc120.pdb
c:\software\transims60\x64\binthreads\tourdata.exe
c:\software\transims60\tourdata\x64\binthreads\control.obj
c:\software\transims60\tourdata\x64\binthreads\execute.obj
c:\software\transims60\tourdata\x64\binthreads\get_zone_data.obj
c:\software\transims60\tourdata\x64\binthreads\normalize.obj
c:\software\transims60\tourdata\x64\binthreads\process.obj
c:\software\transims60\tourdata\x64\binthreads\read_tour.obj
c:\software\transims60\tourdata\x64\binthreads\stats_report.obj
c:\software\transims60\tourdata\x64\binthreads\tourdata.obj
c:\software\transims60\tourdata\x64\binthreads\write_attractions.obj
c:\software\transims60\tourdata\x64\binthreads\write_tour.obj
c:\software\transims60\tourdata\x64\binthreads\zone_distance.obj
c:\software\transims60\tourdata\x64\binthreads\zone_groups.obj
c:\software\transims60\tourdata\x64\binthreads\zone_report.obj
c:\software\transims60\tourdata\x64\binthreads\tourdata.tlog\cl.command.1.tlog
c:\software\transims60\tourdata\x64\binthreads\tourdata.tlog\cl.read.1.tlog
c:\software\transims60\tourdata\x64\binthreads\tourdata.tlog\cl.write.1.tlog
c:\software\transims60\tourdata\x64\binthreads\tourdata.tlog\link.command.1.tlog
c:\software\transims60\tourdata\x64\binthreads\tourdata.tlog\link.read.1.tlog
c:\software\transims60\tourdata\x64\binthreads\tourdata.tlog\link.write.1.tlog
