c:\software\transims60\syslib\x64\binthreads\vc120.pdb
c:\software\transims60\syslib\x64\binthreads\db_base.obj
c:\software\transims60\syslib\x64\binthreads\syslib.lib
c:\software\transims60\syslib\x64\binthreads\arcview_file.obj
c:\software\transims60\syslib\x64\binthreads\assign.obj
c:\software\transims60\syslib\x64\binthreads\barrier.obj
c:\software\transims60\syslib\x64\binthreads\best_list.obj
c:\software\transims60\syslib\x64\binthreads\buffer.obj
c:\software\transims60\syslib\x64\binthreads\compass.obj
c:\software\transims60\syslib\x64\binthreads\compile.obj
c:\software\transims60\syslib\x64\binthreads\control_service.obj
c:\software\transims60\syslib\x64\binthreads\convert.obj
c:\software\transims60\syslib\x64\binthreads\data_buffer.obj
c:\software\transims60\syslib\x64\binthreads\data_range.obj
c:\software\transims60\syslib\x64\binthreads\date_time.obj
c:\software\transims60\syslib\x64\binthreads\db_array.obj
c:\software\transims60\syslib\x64\binthreads\db_field.obj
c:\software\transims60\syslib\x64\binthreads\db_file.obj
c:\software\transims60\syslib\x64\binthreads\db_header.obj
c:\software\transims60\syslib\x64\binthreads\db_matrix.obj
c:\software\transims60\syslib\x64\binthreads\db_record.obj
c:\software\transims60\syslib\x64\binthreads\db_status.obj
c:\software\transims60\syslib\x64\binthreads\difference_data.obj
c:\software\transims60\syslib\x64\binthreads\dtime.obj
c:\software\transims60\syslib\x64\binthreads\equation.obj
c:\software\transims60\syslib\x64\binthreads\equiv_data.obj
c:\software\transims60\syslib\x64\binthreads\execute.obj
c:\software\transims60\syslib\x64\binthreads\execution_service.obj
c:\software\transims60\syslib\x64\binthreads\function.obj
c:\software\transims60\syslib\x64\binthreads\functions.obj
c:\software\transims60\syslib\x64\binthreads\get_token.obj
c:\software\transims60\syslib\x64\binthreads\initial_declare.obj
c:\software\transims60\syslib\x64\binthreads\initial_map.obj
c:\software\transims60\syslib\x64\binthreads\initial_table.obj
c:\software\transims60\syslib\x64\binthreads\input_output.obj
c:\software\transims60\syslib\x64\binthreads\ipf_data.obj
c:\software\transims60\syslib\x64\binthreads\map.obj
c:\software\transims60\syslib\x64\binthreads\math.obj
c:\software\transims60\syslib\x64\binthreads\message_service.obj
c:\software\transims60\syslib\x64\binthreads\print_commands.obj
c:\software\transims60\syslib\x64\binthreads\process_command.obj
c:\software\transims60\syslib\x64\binthreads\process_token.obj
c:\software\transims60\syslib\x64\binthreads\program_code.obj
c:\software\transims60\syslib\x64\binthreads\projection.obj
c:\software\transims60\syslib\x64\binthreads\projection_data.obj
c:\software\transims60\syslib\x64\binthreads\projection_service.obj
c:\software\transims60\syslib\x64\binthreads\random.obj
c:\software\transims60\syslib\x64\binthreads\range_data.obj
c:\software\transims60\syslib\x64\binthreads\read_value.obj
c:\software\transims60\syslib\x64\binthreads\record_queue.obj
c:\software\transims60\syslib\x64\binthreads\relation.obj
c:\software\transims60\syslib\x64\binthreads\report_service.obj
c:\software\transims60\syslib\x64\binthreads\shape_tools.obj
c:\software\transims60\syslib\x64\binthreads\smooth_data.obj
c:\software\transims60\syslib\x64\binthreads\static_service.obj
c:\software\transims60\syslib\x64\binthreads\streams.obj
c:\software\transims60\syslib\x64\binthreads\string.obj
c:\software\transims60\syslib\x64\binthreads\table.obj
c:\software\transims60\syslib\x64\binthreads\time_periods.obj
c:\software\transims60\syslib\x64\binthreads\trip_gap_data.obj
c:\software\transims60\syslib\x64\binthreads\trip_sum_data.obj
c:\software\transims60\syslib\x64\binthreads\user_program.obj
c:\software\transims60\syslib\x64\binthreads\work_queue.obj
c:\software\transims60\syslib\x64\binthreads\syslib.tlog\cl.command.1.tlog
c:\software\transims60\syslib\x64\binthreads\syslib.tlog\cl.read.1.tlog
c:\software\transims60\syslib\x64\binthreads\syslib.tlog\cl.write.1.tlog
c:\software\transims60\syslib\x64\binthreads\syslib.tlog\lib-link.read.1.tlog
c:\software\transims60\syslib\x64\binthreads\syslib.tlog\lib-link.write.1.tlog
c:\software\transims60\syslib\x64\binthreads\syslib.tlog\lib.command.1.tlog
