c:\software\transims60\syslib\win32\bin\vc120.pdb
c:\software\transims60\syslib\win32\bin\input_output.obj
c:\software\transims60\syslib\win32\bin\initial_table.obj
c:\software\transims60\syslib\win32\bin\initial_map.obj
c:\software\transims60\syslib\win32\bin\initial_declare.obj
c:\software\transims60\syslib\win32\bin\get_token.obj
c:\software\transims60\syslib\win32\bin\function.obj
c:\software\transims60\syslib\win32\bin\execute.obj
c:\software\transims60\syslib\win32\bin\date_time.obj
c:\software\transims60\syslib\win32\bin\convert.obj
c:\software\transims60\syslib\win32\bin\compile.obj
c:\software\transims60\syslib\win32\bin\assign.obj
c:\software\transims60\syslib\win32\bin\db_status.obj
c:\software\transims60\syslib\win32\bin\db_record.obj
c:\software\transims60\syslib\win32\bin\db_matrix.obj
c:\software\transims60\syslib\win32\bin\db_header.obj
c:\software\transims60\syslib\win32\bin\db_file.obj
c:\software\transims60\syslib\win32\bin\db_field.obj
c:\software\transims60\syslib\win32\bin\db_base.obj
c:\software\transims60\syslib\win32\bin\db_array.obj
c:\software\transims60\syslib\win32\bin\arcview_file.obj
c:\software\transims60\syslib\win32\bin\best_list.obj
c:\software\transims60\syslib\win32\bin\barrier.obj
c:\software\transims60\syslib\win32\bin\static_service.obj
c:\software\transims60\syslib\win32\bin\report_service.obj
c:\software\transims60\syslib\win32\bin\message_service.obj
c:\software\transims60\syslib\win32\bin\execution_service.obj
c:\software\transims60\syslib\win32\bin\control_service.obj
c:\software\transims60\syslib\win32\bin\projection_service.obj
c:\software\transims60\syslib\win32\bin\projection_data.obj
c:\software\transims60\syslib\win32\bin\projection.obj
c:\software\transims60\syslib\win32\bin\user_program.obj
c:\software\transims60\syslib\win32\bin\table.obj
c:\software\transims60\syslib\win32\bin\relation.obj
c:\software\transims60\syslib\win32\bin\read_value.obj
c:\software\transims60\syslib\win32\bin\program_code.obj
c:\software\transims60\syslib\win32\bin\process_token.obj
c:\software\transims60\syslib\win32\bin\process_command.obj
c:\software\transims60\syslib\win32\bin\print_commands.obj
c:\software\transims60\syslib\win32\bin\math.obj
c:\software\transims60\syslib\win32\bin\map.obj
c:\software\transims60\syslib\win32\bin\trip_sum_data.obj
c:\software\transims60\syslib\win32\bin\trip_gap_data.obj
c:\software\transims60\syslib\win32\bin\time_periods.obj
c:\software\transims60\syslib\win32\bin\string.obj
c:\software\transims60\syslib\win32\bin\streams.obj
c:\software\transims60\syslib\win32\bin\smooth_data.obj
c:\software\transims60\syslib\win32\bin\shape_tools.obj
c:\software\transims60\syslib\win32\bin\record_queue.obj
c:\software\transims60\syslib\win32\bin\range_data.obj
c:\software\transims60\syslib\win32\bin\random.obj
c:\software\transims60\syslib\win32\bin\ipf_data.obj
c:\software\transims60\syslib\win32\bin\functions.obj
c:\software\transims60\syslib\win32\bin\equiv_data.obj
c:\software\transims60\syslib\win32\bin\equation.obj
c:\software\transims60\syslib\win32\bin\dtime.obj
c:\software\transims60\syslib\win32\bin\difference_data.obj
c:\software\transims60\syslib\win32\bin\data_range.obj
c:\software\transims60\syslib\win32\bin\data_buffer.obj
c:\software\transims60\syslib\win32\bin\compass.obj
c:\software\transims60\syslib\win32\bin\buffer.obj
c:\software\transims60\syslib\win32\bin\work_queue.obj
c:\software\transims60\syslib\win32\bin\syslib.lib
c:\software\transims60\syslib\win32\bin\syslib.tlog\cl.command.1.tlog
c:\software\transims60\syslib\win32\bin\syslib.tlog\cl.read.1.tlog
c:\software\transims60\syslib\win32\bin\syslib.tlog\cl.write.1.tlog
c:\software\transims60\syslib\win32\bin\syslib.tlog\lib-link.read.1.tlog
c:\software\transims60\syslib\win32\bin\syslib.tlog\lib-link.write.1.tlog
c:\software\transims60\syslib\win32\bin\syslib.tlog\lib.command.1.tlog
