c:\software\transims60\arcrider\x64\binthreads\vc120.pdb
c:\software\transims60\x64\binthreads\arcrider.exe
c:\software\transims60\arcrider\x64\binthreads\arcrider.obj
c:\software\transims60\arcrider\x64\binthreads\control.obj
c:\software\transims60\arcrider\x64\binthreads\execute.obj
c:\software\transims60\arcrider\x64\binthreads\get_stop_data.obj
c:\software\transims60\arcrider\x64\binthreads\setup_riders.obj
c:\software\transims60\arcrider\x64\binthreads\sum_riders.obj
c:\software\transims60\arcrider\x64\binthreads\write_capacity.obj
c:\software\transims60\arcrider\x64\binthreads\write_group.obj
c:\software\transims60\arcrider\x64\binthreads\write_riders.obj
c:\software\transims60\arcrider\x64\binthreads\write_route.obj
c:\software\transims60\arcrider\x64\binthreads\write_stops.obj
c:\software\transims60\arcrider\x64\binthreads\write_sum.obj
c:\software\transims60\arcrider\x64\binthreads\arcrider.tlog\cl.command.1.tlog
c:\software\transims60\arcrider\x64\binthreads\arcrider.tlog\cl.read.1.tlog
c:\software\transims60\arcrider\x64\binthreads\arcrider.tlog\cl.write.1.tlog
c:\software\transims60\arcrider\x64\binthreads\arcrider.tlog\link.command.1.tlog
c:\software\transims60\arcrider\x64\binthreads\arcrider.tlog\link.read.1.tlog
c:\software\transims60\arcrider\x64\binthreads\arcrider.tlog\link.write.1.tlog
