c:\software\transims60\modechoice\x64\binthreads\vc120.pdb
c:\software\transims60\x64\binthreads\modechoice.exe
c:\software\transims60\modechoice\x64\binthreads\access_summary.obj
c:\software\transims60\modechoice\x64\binthreads\adjust_constants.obj
c:\software\transims60\modechoice\x64\binthreads\choice_data.obj
c:\software\transims60\modechoice\x64\binthreads\compile_script.obj
c:\software\transims60\modechoice\x64\binthreads\control.obj
c:\software\transims60\modechoice\x64\binthreads\execute.obj
c:\software\transims60\modechoice\x64\binthreads\get_zone_data.obj
c:\software\transims60\modechoice\x64\binthreads\modechoice.obj
c:\software\transims60\modechoice\x64\binthreads\mode_splits.obj
c:\software\transims60\modechoice\x64\binthreads\mode_summary.obj
c:\software\transims60\modechoice\x64\binthreads\read_constants.obj
c:\software\transims60\modechoice\x64\binthreads\read_mode_bias.obj
c:\software\transims60\modechoice\x64\binthreads\read_plans.obj
c:\software\transims60\modechoice\x64\binthreads\read_plan_skims.obj
c:\software\transims60\modechoice\x64\binthreads\read_targets.obj
c:\software\transims60\modechoice\x64\binthreads\segment_map.obj
c:\software\transims60\modechoice\x64\binthreads\value_summary.obj
c:\software\transims60\modechoice\x64\binthreads\write_market.obj
c:\software\transims60\modechoice\x64\binthreads\write_mode_seg.obj
c:\software\transims60\modechoice\x64\binthreads\write_summary.obj
c:\software\transims60\modechoice\x64\binthreads\write_zones.obj
c:\software\transims60\modechoice\x64\binthreads\zone_tables.obj
c:\software\transims60\modechoice\x64\binthreads\modechoice.tlog\cl.command.1.tlog
c:\software\transims60\modechoice\x64\binthreads\modechoice.tlog\cl.read.1.tlog
c:\software\transims60\modechoice\x64\binthreads\modechoice.tlog\cl.write.1.tlog
c:\software\transims60\modechoice\x64\binthreads\modechoice.tlog\link.command.1.tlog
c:\software\transims60\modechoice\x64\binthreads\modechoice.tlog\link.read.1.tlog
c:\software\transims60\modechoice\x64\binthreads\modechoice.tlog\link.write.1.tlog
