c:\software\transims60\locationdata\x64\binthreads\vc120.pdb
c:\software\transims60\x64\binthreads\locationdata.exe
c:\software\transims60\locationdata\x64\binthreads\check_zones.obj
c:\software\transims60\locationdata\x64\binthreads\control.obj
c:\software\transims60\locationdata\x64\binthreads\execute.obj
c:\software\transims60\locationdata\x64\binthreads\get_location_data.obj
c:\software\transims60\locationdata\x64\binthreads\get_stop_data.obj
c:\software\transims60\locationdata\x64\binthreads\get_zone_data.obj
c:\software\transims60\locationdata\x64\binthreads\locationdata.obj
c:\software\transims60\locationdata\x64\binthreads\read_boundary.obj
c:\software\transims60\locationdata\x64\binthreads\read_data.obj
c:\software\transims60\locationdata\x64\binthreads\read_polygons.obj
c:\software\transims60\locationdata\x64\binthreads\read_subzone.obj
c:\software\transims60\locationdata\x64\binthreads\read_subzone_map.obj
c:\software\transims60\locationdata\x64\binthreads\set_files.obj
c:\software\transims60\locationdata\x64\binthreads\subzone_weights.obj
c:\software\transims60\locationdata\x64\binthreads\sub_map_weights.obj
c:\software\transims60\locationdata\x64\binthreads\walk_access.obj
c:\software\transims60\locationdata\x64\binthreads\write_location.obj
c:\software\transims60\locationdata\x64\binthreads\zone_locations.obj
c:\software\transims60\locationdata\x64\binthreads\locationdata.tlog\cl.command.1.tlog
c:\software\transims60\locationdata\x64\binthreads\locationdata.tlog\cl.read.1.tlog
c:\software\transims60\locationdata\x64\binthreads\locationdata.tlog\cl.write.1.tlog
c:\software\transims60\locationdata\x64\binthreads\locationdata.tlog\link.command.1.tlog
c:\software\transims60\locationdata\x64\binthreads\locationdata.tlog\link.read.1.tlog
c:\software\transims60\locationdata\x64\binthreads\locationdata.tlog\link.write.1.tlog
