c:\software\transims60\arcplan\x64\binthreads\vc120.pdb
c:\software\transims60\x64\binthreads\arcplan.exe
c:\software\transims60\arcplan\x64\binthreads\arcplan.obj
c:\software\transims60\arcplan\x64\binthreads\control.obj
c:\software\transims60\arcplan\x64\binthreads\execute.obj
c:\software\transims60\arcplan\x64\binthreads\get_location_data.obj
c:\software\transims60\arcplan\x64\binthreads\get_parking_data.obj
c:\software\transims60\arcplan\x64\binthreads\get_plan_skim_data.obj
c:\software\transims60\arcplan\x64\binthreads\get_problem_data.obj
c:\software\transims60\arcplan\x64\binthreads\get_stop_data.obj
c:\software\transims60\arcplan\x64\binthreads\read_plan.obj
c:\software\transims60\arcplan\x64\binthreads\write_bandwidth.obj
c:\software\transims60\arcplan\x64\binthreads\write_contour.obj
c:\software\transims60\arcplan\x64\binthreads\write_group.obj
c:\software\transims60\arcplan\x64\binthreads\write_locations.obj
c:\software\transims60\arcplan\x64\binthreads\write_parking.obj
c:\software\transims60\arcplan\x64\binthreads\write_stops.obj
c:\software\transims60\arcplan\x64\binthreads\arcplan.tlog\cl.command.1.tlog
c:\software\transims60\arcplan\x64\binthreads\arcplan.tlog\cl.read.1.tlog
c:\software\transims60\arcplan\x64\binthreads\arcplan.tlog\cl.write.1.tlog
c:\software\transims60\arcplan\x64\binthreads\arcplan.tlog\link.command.1.tlog
c:\software\transims60\arcplan\x64\binthreads\arcplan.tlog\link.read.1.tlog
c:\software\transims60\arcplan\x64\binthreads\arcplan.tlog\link.write.1.tlog
