c:\software\transims60\pathskim\x64\binthreads\vc120.pdb
c:\software\transims60\x64\binthreads\pathskim.exe
c:\software\transims60\x64\binthreads\pathskim.pdb
c:\software\transims60\pathskim\x64\binthreads\build_paths.obj
c:\software\transims60\pathskim\x64\binthreads\control.obj
c:\software\transims60\pathskim\x64\binthreads\execute.obj
c:\software\transims60\pathskim\x64\binthreads\flow_skims.obj
c:\software\transims60\pathskim\x64\binthreads\get_zone_data.obj
c:\software\transims60\pathskim\x64\binthreads\location_list.obj
c:\software\transims60\pathskim\x64\binthreads\new_zone_loc.obj
c:\software\transims60\pathskim\x64\binthreads\output_skims.obj
c:\software\transims60\pathskim\x64\binthreads\pathskim.obj
c:\software\transims60\pathskim\x64\binthreads\save_plans.obj
c:\software\transims60\pathskim\x64\binthreads\save_skims.obj
c:\software\transims60\pathskim\x64\binthreads\skim_check.obj
c:\software\transims60\pathskim\x64\binthreads\skim_paths.obj
c:\software\transims60\pathskim\x64\binthreads\user_locations.obj
c:\software\transims60\pathskim\x64\binthreads\zone_locations.obj
c:\software\transims60\pathskim\x64\binthreads\zone_skims.obj
c:\software\transims60\pathskim\x64\binthreads\pathskim.tlog\cl.command.1.tlog
c:\software\transims60\pathskim\x64\binthreads\pathskim.tlog\cl.read.1.tlog
c:\software\transims60\pathskim\x64\binthreads\pathskim.tlog\cl.write.1.tlog
c:\software\transims60\pathskim\x64\binthreads\pathskim.tlog\link.command.1.tlog
c:\software\transims60\pathskim\x64\binthreads\pathskim.tlog\link.read.1.tlog
c:\software\transims60\pathskim\x64\binthreads\pathskim.tlog\link.write.1.tlog
