c:\software\transims60\newformat\win32\bin\vc120.pdb
c:\software\transims60\win32\bin\newformat.exe
c:\software\transims60\newformat\win32\bin\check_phasing_plans.obj
c:\software\transims60\newformat\win32\bin\control.obj
c:\software\transims60\newformat\win32\bin\execute.obj
c:\software\transims60\newformat\win32\bin\get_driver_data.obj
c:\software\transims60\newformat\win32\bin\get_line_data.obj
c:\software\transims60\newformat\win32\bin\get_location_data.obj
c:\software\transims60\newformat\win32\bin\get_park_demand_data.obj
c:\software\transims60\newformat\win32\bin\get_plan_skim_data.obj
c:\software\transims60\newformat\win32\bin\get_router_nodes_data.obj
c:\software\transims60\newformat\win32\bin\get_schedule_data.obj
c:\software\transims60\newformat\win32\bin\get_skim_data.obj
c:\software\transims60\newformat\win32\bin\get_trip_data.obj
c:\software\transims60\newformat\win32\bin\get_zone_data.obj
c:\software\transims60\newformat\win32\bin\make_route_nodes.obj
c:\software\transims60\newformat\win32\bin\newformat.obj
c:\software\transims60\newformat\win32\bin\plan_processing.obj
c:\software\transims60\newformat\win32\bin\read_activity.obj
c:\software\transims60\newformat\win32\bin\read_delay.obj
c:\software\transims60\newformat\win32\bin\read_persons.obj
c:\software\transims60\newformat\win32\bin\read_routes.obj
c:\software\transims60\newformat\win32\bin\read_snapshots.obj
c:\software\transims60\newformat\win32\bin\read_tolls.obj
c:\software\transims60\newformat\win32\bin\read_vehicles.obj
c:\software\transims60\newformat\win32\bin\travel_plans.obj
c:\software\transims60\newformat\win32\bin\newformat.tlog\cl.command.1.tlog
c:\software\transims60\newformat\win32\bin\newformat.tlog\cl.read.1.tlog
c:\software\transims60\newformat\win32\bin\newformat.tlog\cl.write.1.tlog
c:\software\transims60\newformat\win32\bin\newformat.tlog\link.command.1.tlog
c:\software\transims60\newformat\win32\bin\newformat.tlog\link.read.1.tlog
c:\software\transims60\newformat\win32\bin\newformat.tlog\link.write.1.tlog
