c:\software\transims60\newformat\x64\binthreads\vc120.pdb
c:\software\transims60\x64\binthreads\newformat.exe
c:\software\transims60\newformat\x64\binthreads\check_phasing_plans.obj
c:\software\transims60\newformat\x64\binthreads\control.obj
c:\software\transims60\newformat\x64\binthreads\execute.obj
c:\software\transims60\newformat\x64\binthreads\get_driver_data.obj
c:\software\transims60\newformat\x64\binthreads\get_line_data.obj
c:\software\transims60\newformat\x64\binthreads\get_location_data.obj
c:\software\transims60\newformat\x64\binthreads\get_park_demand_data.obj
c:\software\transims60\newformat\x64\binthreads\get_plan_skim_data.obj
c:\software\transims60\newformat\x64\binthreads\get_router_nodes_data.obj
c:\software\transims60\newformat\x64\binthreads\get_schedule_data.obj
c:\software\transims60\newformat\x64\binthreads\get_skim_data.obj
c:\software\transims60\newformat\x64\binthreads\get_trip_data.obj
c:\software\transims60\newformat\x64\binthreads\get_zone_data.obj
c:\software\transims60\newformat\x64\binthreads\make_route_nodes.obj
c:\software\transims60\newformat\x64\binthreads\newformat.obj
c:\software\transims60\newformat\x64\binthreads\plan_processing.obj
c:\software\transims60\newformat\x64\binthreads\read_activity.obj
c:\software\transims60\newformat\x64\binthreads\read_delay.obj
c:\software\transims60\newformat\x64\binthreads\read_persons.obj
c:\software\transims60\newformat\x64\binthreads\read_routes.obj
c:\software\transims60\newformat\x64\binthreads\read_snapshots.obj
c:\software\transims60\newformat\x64\binthreads\read_tolls.obj
c:\software\transims60\newformat\x64\binthreads\read_vehicles.obj
c:\software\transims60\newformat\x64\binthreads\travel_plans.obj
c:\software\transims60\newformat\x64\binthreads\newformat.tlog\cl.command.1.tlog
c:\software\transims60\newformat\x64\binthreads\newformat.tlog\cl.read.1.tlog
c:\software\transims60\newformat\x64\binthreads\newformat.tlog\cl.write.1.tlog
c:\software\transims60\newformat\x64\binthreads\newformat.tlog\link.command.1.tlog
c:\software\transims60\newformat\x64\binthreads\newformat.tlog\link.read.1.tlog
c:\software\transims60\newformat\x64\binthreads\newformat.tlog\link.write.1.tlog
