c:\software\transims60\planprep\win32\bin\vc120.pdb
c:\software\transims60\win32\bin\planprep.exe
c:\software\transims60\win32\bin\planprep.pdb
c:\software\transims60\planprep\win32\bin\combine_plans.obj
c:\software\transims60\planprep\win32\bin\constrain.obj
c:\software\transims60\planprep\win32\bin\control.obj
c:\software\transims60\planprep\win32\bin\execute.obj
c:\software\transims60\planprep\win32\bin\mpi_processing.obj
c:\software\transims60\planprep\win32\bin\mpi_setup.obj
c:\software\transims60\planprep\win32\bin\planprep.obj
c:\software\transims60\planprep\win32\bin\plan_processing.obj
c:\software\transims60\planprep\win32\bin\read_plans.obj
c:\software\transims60\planprep\win32\bin\repair_legs.obj
c:\software\transims60\planprep\win32\bin\select_skims.obj
c:\software\transims60\planprep\win32\bin\temp_time_write.obj
c:\software\transims60\planprep\win32\bin\temp_trip_write.obj
c:\software\transims60\planprep\win32\bin\time_combine.obj
c:\software\transims60\planprep\win32\bin\time_write.obj
c:\software\transims60\planprep\win32\bin\trip_combine.obj
c:\software\transims60\planprep\win32\bin\trip_write.obj
c:\software\transims60\planprep\win32\bin\write_temp.obj
c:\software\transims60\planprep\win32\bin\planprep.tlog\cl.command.1.tlog
c:\software\transims60\planprep\win32\bin\planprep.tlog\cl.read.1.tlog
c:\software\transims60\planprep\win32\bin\planprep.tlog\cl.write.1.tlog
c:\software\transims60\planprep\win32\bin\planprep.tlog\link.command.1.tlog
c:\software\transims60\planprep\win32\bin\planprep.tlog\link.read.1.tlog
c:\software\transims60\planprep\win32\bin\planprep.tlog\link.write.1.tlog
