c:\software\transims60\arcplan\win32\bin\vc120.pdb
c:\software\transims60\win32\bin\arcplan.exe
c:\software\transims60\win32\bin\arcplan.pdb
c:\software\transims60\arcplan\win32\bin\arcplan.obj
c:\software\transims60\arcplan\win32\bin\control.obj
c:\software\transims60\arcplan\win32\bin\execute.obj
c:\software\transims60\arcplan\win32\bin\get_location_data.obj
c:\software\transims60\arcplan\win32\bin\get_parking_data.obj
c:\software\transims60\arcplan\win32\bin\get_plan_skim_data.obj
c:\software\transims60\arcplan\win32\bin\get_problem_data.obj
c:\software\transims60\arcplan\win32\bin\get_stop_data.obj
c:\software\transims60\arcplan\win32\bin\read_plan.obj
c:\software\transims60\arcplan\win32\bin\write_bandwidth.obj
c:\software\transims60\arcplan\win32\bin\write_contour.obj
c:\software\transims60\arcplan\win32\bin\write_group.obj
c:\software\transims60\arcplan\win32\bin\write_locations.obj
c:\software\transims60\arcplan\win32\bin\write_parking.obj
c:\software\transims60\arcplan\win32\bin\write_stops.obj
c:\software\transims60\arcplan\win32\bin\arcplan.tlog\cl.command.1.tlog
c:\software\transims60\arcplan\win32\bin\arcplan.tlog\cl.read.1.tlog
c:\software\transims60\arcplan\win32\bin\arcplan.tlog\cl.write.1.tlog
c:\software\transims60\arcplan\win32\bin\arcplan.tlog\link.command.1.tlog
c:\software\transims60\arcplan\win32\bin\arcplan.tlog\link.read.1.tlog
c:\software\transims60\arcplan\win32\bin\arcplan.tlog\link.write.1.tlog
