c:\software\transims60\arcrider\win32\bin\vc120.pdb
c:\software\transims60\win32\bin\arcrider.exe
c:\software\transims60\arcrider\win32\bin\arcrider.obj
c:\software\transims60\arcrider\win32\bin\control.obj
c:\software\transims60\arcrider\win32\bin\execute.obj
c:\software\transims60\arcrider\win32\bin\get_stop_data.obj
c:\software\transims60\arcrider\win32\bin\setup_riders.obj
c:\software\transims60\arcrider\win32\bin\sum_riders.obj
c:\software\transims60\arcrider\win32\bin\write_capacity.obj
c:\software\transims60\arcrider\win32\bin\write_group.obj
c:\software\transims60\arcrider\win32\bin\write_riders.obj
c:\software\transims60\arcrider\win32\bin\write_route.obj
c:\software\transims60\arcrider\win32\bin\write_stops.obj
c:\software\transims60\arcrider\win32\bin\write_sum.obj
c:\software\transims60\arcrider\win32\bin\arcrider.tlog\cl.command.1.tlog
c:\software\transims60\arcrider\win32\bin\arcrider.tlog\cl.read.1.tlog
c:\software\transims60\arcrider\win32\bin\arcrider.tlog\cl.write.1.tlog
c:\software\transims60\arcrider\win32\bin\arcrider.tlog\link.command.1.tlog
c:\software\transims60\arcrider\win32\bin\arcrider.tlog\link.read.1.tlog
c:\software\transims60\arcrider\win32\bin\arcrider.tlog\link.write.1.tlog
