c:\software\transims60\countsum\win32\bin\vc120.pdb
c:\software\transims60\win32\bin\countsum.exe
c:\software\transims60\countsum\win32\bin\combine_data.obj
c:\software\transims60\countsum\win32\bin\control.obj
c:\software\transims60\countsum\win32\bin\countsum.obj
c:\software\transims60\countsum\win32\bin\execute.obj
c:\software\transims60\countsum\win32\bin\link_extents.obj
c:\software\transims60\countsum\win32\bin\node_list.obj
c:\software\transims60\countsum\win32\bin\read_data.obj
c:\software\transims60\countsum\win32\bin\read_detectors.obj
c:\software\transims60\countsum\win32\bin\read_link_map.obj
c:\software\transims60\countsum\win32\bin\read_link_points.obj
c:\software\transims60\countsum\win32\bin\read_points.obj
c:\software\transims60\countsum\win32\bin\read_signal_map.obj
c:\software\transims60\countsum\win32\bin\write_link_map.obj
c:\software\transims60\countsum\win32\bin\countsum.tlog\cl.command.1.tlog
c:\software\transims60\countsum\win32\bin\countsum.tlog\cl.read.1.tlog
c:\software\transims60\countsum\win32\bin\countsum.tlog\cl.write.1.tlog
c:\software\transims60\countsum\win32\bin\countsum.tlog\link.command.1.tlog
c:\software\transims60\countsum\win32\bin\countsum.tlog\link.read.1.tlog
c:\software\transims60\countsum\win32\bin\countsum.tlog\link.write.1.tlog
