c:\software\transims60\converttrips\win32\bin\vc120.pdb
c:\software\transims60\win32\bin\converttrips.exe
c:\software\transims60\win32\bin\converttrips.pdb
c:\software\transims60\converttrips\win32\bin\adjust_trips.obj
c:\software\transims60\converttrips\win32\bin\compile_scripts.obj
c:\software\transims60\converttrips\win32\bin\control.obj
c:\software\transims60\converttrips\win32\bin\converttrips.obj
c:\software\transims60\converttrips\win32\bin\converttrip_data.obj
c:\software\transims60\converttrips\win32\bin\diurnal_results.obj
c:\software\transims60\converttrips\win32\bin\execute.obj
c:\software\transims60\converttrips\win32\bin\get_access_data.obj
c:\software\transims60\converttrips\win32\bin\get_household_data.obj
c:\software\transims60\converttrips\win32\bin\get_location_data.obj
c:\software\transims60\converttrips\win32\bin\get_trip_data.obj
c:\software\transims60\converttrips\win32\bin\locate_od.obj
c:\software\transims60\converttrips\win32\bin\parking_check.obj
c:\software\transims60\converttrips\win32\bin\read_diurnal.obj
c:\software\transims60\converttrips\win32\bin\read_factors.obj
c:\software\transims60\converttrips\win32\bin\read_trip_table.obj
c:\software\transims60\converttrips\win32\bin\set_time.obj
c:\software\transims60\converttrips\win32\bin\set_trip.obj
c:\software\transims60\converttrips\win32\bin\tour_file.obj
c:\software\transims60\converttrips\win32\bin\tour_map.obj
c:\software\transims60\converttrips\win32\bin\tour_process.obj
c:\software\transims60\converttrips\win32\bin\zone_location.obj
c:\software\transims60\converttrips\win32\bin\zone_sum_report.obj
c:\software\transims60\converttrips\win32\bin\converttrips.tlog\cl.command.1.tlog
c:\software\transims60\converttrips\win32\bin\converttrips.tlog\cl.read.1.tlog
c:\software\transims60\converttrips\win32\bin\converttrips.tlog\cl.write.1.tlog
c:\software\transims60\converttrips\win32\bin\converttrips.tlog\link.command.1.tlog
c:\software\transims60\converttrips\win32\bin\converttrips.tlog\link.read.1.tlog
c:\software\transims60\converttrips\win32\bin\converttrips.tlog\link.write.1.tlog
