c:\software\transims60\relocate\win32\bin\vc120.pdb
c:\software\transims60\win32\bin\relocate.exe
c:\software\transims60\win32\bin\relocate.pdb
c:\software\transims60\relocate\win32\bin\control.obj
c:\software\transims60\relocate\win32\bin\dir_path.obj
c:\software\transims60\relocate\win32\bin\execute.obj
c:\software\transims60\relocate\win32\bin\get_access_data.obj
c:\software\transims60\relocate\win32\bin\get_connect_data.obj
c:\software\transims60\relocate\win32\bin\get_link_data.obj
c:\software\transims60\relocate\win32\bin\get_location_data.obj
c:\software\transims60\relocate\win32\bin\get_node_data.obj
c:\software\transims60\relocate\win32\bin\get_parking_data.obj
c:\software\transims60\relocate\win32\bin\get_performance_data.obj
c:\software\transims60\relocate\win32\bin\get_shape_data.obj
c:\software\transims60\relocate\win32\bin\get_trip_data.obj
c:\software\transims60\relocate\win32\bin\get_turn_delay_data.obj
c:\software\transims60\relocate\win32\bin\location_map_report.obj
c:\software\transims60\relocate\win32\bin\map_locations.obj
c:\software\transims60\relocate\win32\bin\map_parking.obj
c:\software\transims60\relocate\win32\bin\parking_map_report.obj
c:\software\transims60\relocate\win32\bin\plan_processor.obj
c:\software\transims60\relocate\win32\bin\process_plan.obj
c:\software\transims60\relocate\win32\bin\read_plans.obj
c:\software\transims60\relocate\win32\bin\relocate.obj
c:\software\transims60\relocate\win32\bin\relocate.tlog\cl.command.1.tlog
c:\software\transims60\relocate\win32\bin\relocate.tlog\cl.read.1.tlog
c:\software\transims60\relocate\win32\bin\relocate.tlog\cl.write.1.tlog
c:\software\transims60\relocate\win32\bin\relocate.tlog\link.command.1.tlog
c:\software\transims60\relocate\win32\bin\relocate.tlog\link.read.1.tlog
c:\software\transims60\relocate\win32\bin\relocate.tlog\link.write.1.tlog
