c:\software\transims60\planprep\x64\binthreads\vc120.pdb
c:\software\transims60\x64\binthreads\planprep.exe
c:\software\transims60\x64\binthreads\planprep.pdb
c:\software\transims60\planprep\x64\binthreads\combine_plans.obj
c:\software\transims60\planprep\x64\binthreads\constrain.obj
c:\software\transims60\planprep\x64\binthreads\control.obj
c:\software\transims60\planprep\x64\binthreads\execute.obj
c:\software\transims60\planprep\x64\binthreads\mpi_processing.obj
c:\software\transims60\planprep\x64\binthreads\mpi_setup.obj
c:\software\transims60\planprep\x64\binthreads\planprep.obj
c:\software\transims60\planprep\x64\binthreads\plan_processing.obj
c:\software\transims60\planprep\x64\binthreads\read_plans.obj
c:\software\transims60\planprep\x64\binthreads\repair_legs.obj
c:\software\transims60\planprep\x64\binthreads\select_skims.obj
c:\software\transims60\planprep\x64\binthreads\temp_time_write.obj
c:\software\transims60\planprep\x64\binthreads\temp_trip_write.obj
c:\software\transims60\planprep\x64\binthreads\time_combine.obj
c:\software\transims60\planprep\x64\binthreads\time_write.obj
c:\software\transims60\planprep\x64\binthreads\trip_combine.obj
c:\software\transims60\planprep\x64\binthreads\trip_write.obj
c:\software\transims60\planprep\x64\binthreads\write_temp.obj
c:\software\transims60\planprep\x64\binthreads\planprep.tlog\cl.command.1.tlog
c:\software\transims60\planprep\x64\binthreads\planprep.tlog\cl.read.1.tlog
c:\software\transims60\planprep\x64\binthreads\planprep.tlog\cl.write.1.tlog
c:\software\transims60\planprep\x64\binthreads\planprep.tlog\link.command.1.tlog
c:\software\transims60\planprep\x64\binthreads\planprep.tlog\link.read.1.tlog
c:\software\transims60\planprep\x64\binthreads\planprep.tlog\link.write.1.tlog
