c:\software\transims60\transimsnet\x64\binthreads\vc120.pdb
c:\software\transims60\x64\binthreads\transimsnet.exe
c:\software\transims60\transimsnet\x64\binthreads\add_link_data.obj
c:\software\transims60\transimsnet\x64\binthreads\add_node_data.obj
c:\software\transims60\transimsnet\x64\binthreads\add_zone_data.obj
c:\software\transims60\transimsnet\x64\binthreads\connections.obj
c:\software\transims60\transimsnet\x64\binthreads\control.obj
c:\software\transims60\transimsnet\x64\binthreads\execute.obj
c:\software\transims60\transimsnet\x64\binthreads\get_access_data.obj
c:\software\transims60\transimsnet\x64\binthreads\get_connect_data.obj
c:\software\transims60\transimsnet\x64\binthreads\get_detector_data.obj
c:\software\transims60\transimsnet\x64\binthreads\get_lane_use_data.obj
c:\software\transims60\transimsnet\x64\binthreads\get_link_data.obj
c:\software\transims60\transimsnet\x64\binthreads\get_location_data.obj
c:\software\transims60\transimsnet\x64\binthreads\get_node_data.obj
c:\software\transims60\transimsnet\x64\binthreads\get_parking_data.obj
c:\software\transims60\transimsnet\x64\binthreads\get_phasing_data.obj
c:\software\transims60\transimsnet\x64\binthreads\get_pocket_data.obj
c:\software\transims60\transimsnet\x64\binthreads\get_shape_data.obj
c:\software\transims60\transimsnet\x64\binthreads\get_signal_data.obj
c:\software\transims60\transimsnet\x64\binthreads\get_sign_data.obj
c:\software\transims60\transimsnet\x64\binthreads\get_stop_data.obj
c:\software\transims60\transimsnet\x64\binthreads\get_timing_data.obj
c:\software\transims60\transimsnet\x64\binthreads\get_turn_pen_data.obj
c:\software\transims60\transimsnet\x64\binthreads\get_zone_data.obj
c:\software\transims60\transimsnet\x64\binthreads\lane_ranges.obj
c:\software\transims60\transimsnet\x64\binthreads\lane_use.obj
c:\software\transims60\transimsnet\x64\binthreads\link_access.obj
c:\software\transims60\transimsnet\x64\binthreads\operators.obj
c:\software\transims60\transimsnet\x64\binthreads\pocket_lanes.obj
c:\software\transims60\transimsnet\x64\binthreads\read_approach.obj
c:\software\transims60\transimsnet\x64\binthreads\read_boundary.obj
c:\software\transims60\transimsnet\x64\binthreads\read_link_data.obj
c:\software\transims60\transimsnet\x64\binthreads\read_link_use.obj
c:\software\transims60\transimsnet\x64\binthreads\read_node_data.obj
c:\software\transims60\transimsnet\x64\binthreads\read_shape_data.obj
c:\software\transims60\transimsnet\x64\binthreads\read_zone_data.obj
c:\software\transims60\transimsnet\x64\binthreads\repair_connections.obj
c:\software\transims60\transimsnet\x64\binthreads\traffic_controls.obj
c:\software\transims60\transimsnet\x64\binthreads\transimsnet.obj
c:\software\transims60\transimsnet\x64\binthreads\zone_access.obj
c:\software\transims60\transimsnet\x64\binthreads\transimsnet.tlog\cl.command.1.tlog
c:\software\transims60\transimsnet\x64\binthreads\transimsnet.tlog\cl.read.1.tlog
c:\software\transims60\transimsnet\x64\binthreads\transimsnet.tlog\cl.write.1.tlog
c:\software\transims60\transimsnet\x64\binthreads\transimsnet.tlog\link.command.1.tlog
c:\software\transims60\transimsnet\x64\binthreads\transimsnet.tlog\link.read.1.tlog
c:\software\transims60\transimsnet\x64\binthreads\transimsnet.tlog\link.write.1.tlog
