c:\software\transims60\transitnet\x64\binthreads\vc120.pdb
c:\software\transims60\x64\binthreads\transitnet.exe
c:\software\transims60\transitnet\x64\binthreads\add_link.obj
c:\software\transims60\transitnet\x64\binthreads\add_route_stops.obj
c:\software\transims60\transitnet\x64\binthreads\build_routes.obj
c:\software\transims60\transitnet\x64\binthreads\control.obj
c:\software\transims60\transitnet\x64\binthreads\coordinate.obj
c:\software\transims60\transitnet\x64\binthreads\data_setup.obj
c:\software\transims60\transitnet\x64\binthreads\execute.obj
c:\software\transims60\transitnet\x64\binthreads\get_driver_data.obj
c:\software\transims60\transitnet\x64\binthreads\get_line_data.obj
c:\software\transims60\transitnet\x64\binthreads\get_parking_data.obj
c:\software\transims60\transitnet\x64\binthreads\get_schedule_data.obj
c:\software\transims60\transitnet\x64\binthreads\get_stop_data.obj
c:\software\transims60\transitnet\x64\binthreads\node_path.obj
c:\software\transims60\transitnet\x64\binthreads\parking_access.obj
c:\software\transims60\transitnet\x64\binthreads\put_line_data.obj
c:\software\transims60\transitnet\x64\binthreads\read_parkride.obj
c:\software\transims60\transitnet\x64\binthreads\read_route_data.obj
c:\software\transims60\transitnet\x64\binthreads\read_stop_zone.obj
c:\software\transims60\transitnet\x64\binthreads\station_access.obj
c:\software\transims60\transitnet\x64\binthreads\transitnet.obj
c:\software\transims60\transitnet\x64\binthreads\update_fare_zones.obj
c:\software\transims60\transitnet\x64\binthreads\zone_access.obj
c:\software\transims60\transitnet\x64\binthreads\transitnet.tlog\cl.command.1.tlog
c:\software\transims60\transitnet\x64\binthreads\transitnet.tlog\cl.read.1.tlog
c:\software\transims60\transitnet\x64\binthreads\transitnet.tlog\cl.write.1.tlog
c:\software\transims60\transitnet\x64\binthreads\transitnet.tlog\link.command.1.tlog
c:\software\transims60\transitnet\x64\binthreads\transitnet.tlog\link.read.1.tlog
c:\software\transims60\transitnet\x64\binthreads\transitnet.tlog\link.write.1.tlog
