c:\software\transims60\arcnet\x64\binthreads\vc120.pdb
c:\software\transims60\x64\binthreads\arcnet.exe
c:\software\transims60\arcnet\x64\binthreads\arcnet.obj
c:\software\transims60\arcnet\x64\binthreads\control.obj
c:\software\transims60\arcnet\x64\binthreads\draw_driver.obj
c:\software\transims60\arcnet\x64\binthreads\draw_links.obj
c:\software\transims60\arcnet\x64\binthreads\draw_pockets.obj
c:\software\transims60\arcnet\x64\binthreads\draw_route.obj
c:\software\transims60\arcnet\x64\binthreads\draw_service.obj
c:\software\transims60\arcnet\x64\binthreads\draw_timings.obj
c:\software\transims60\arcnet\x64\binthreads\execute.obj
c:\software\transims60\arcnet\x64\binthreads\get_access_data.obj
c:\software\transims60\arcnet\x64\binthreads\get_connect_data.obj
c:\software\transims60\arcnet\x64\binthreads\get_detector_data.obj
c:\software\transims60\arcnet\x64\binthreads\get_lane_use_data.obj
c:\software\transims60\arcnet\x64\binthreads\get_line_data.obj
c:\software\transims60\arcnet\x64\binthreads\get_link_data.obj
c:\software\transims60\arcnet\x64\binthreads\get_location_data.obj
c:\software\transims60\arcnet\x64\binthreads\get_node_data.obj
c:\software\transims60\arcnet\x64\binthreads\get_parking_data.obj
c:\software\transims60\arcnet\x64\binthreads\get_phasing_data.obj
c:\software\transims60\arcnet\x64\binthreads\get_pocket_data.obj
c:\software\transims60\arcnet\x64\binthreads\get_route_nodes.obj
c:\software\transims60\arcnet\x64\binthreads\get_signal_data.obj
c:\software\transims60\arcnet\x64\binthreads\get_sign_data.obj
c:\software\transims60\arcnet\x64\binthreads\get_stop_data.obj
c:\software\transims60\arcnet\x64\binthreads\get_timing_data.obj
c:\software\transims60\arcnet\x64\binthreads\get_turn_pen_data.obj
c:\software\transims60\arcnet\x64\binthreads\get_zone_data.obj
c:\software\transims60\arcnet\x64\binthreads\write_subzone.obj
c:\software\transims60\arcnet\x64\binthreads\arcnet.tlog\cl.command.1.tlog
c:\software\transims60\arcnet\x64\binthreads\arcnet.tlog\cl.read.1.tlog
c:\software\transims60\arcnet\x64\binthreads\arcnet.tlog\cl.write.1.tlog
c:\software\transims60\arcnet\x64\binthreads\arcnet.tlog\link.command.1.tlog
c:\software\transims60\arcnet\x64\binthreads\arcnet.tlog\link.read.1.tlog
c:\software\transims60\arcnet\x64\binthreads\arcnet.tlog\link.write.1.tlog
