c:\software\transims60\subareanet\x64\binthreads\vc120.pdb
c:\software\transims60\x64\binthreads\subareanet.exe
c:\software\transims60\subareanet\x64\binthreads\add_buffer_nodes.obj
c:\software\transims60\subareanet\x64\binthreads\control.obj
c:\software\transims60\subareanet\x64\binthreads\execute.obj
c:\software\transims60\subareanet\x64\binthreads\get_access_data.obj
c:\software\transims60\subareanet\x64\binthreads\get_connect_data.obj
c:\software\transims60\subareanet\x64\binthreads\get_detector_data.obj
c:\software\transims60\subareanet\x64\binthreads\get_lane_use_data.obj
c:\software\transims60\subareanet\x64\binthreads\get_link_data.obj
c:\software\transims60\subareanet\x64\binthreads\get_location_data.obj
c:\software\transims60\subareanet\x64\binthreads\get_node_data.obj
c:\software\transims60\subareanet\x64\binthreads\get_parking_data.obj
c:\software\transims60\subareanet\x64\binthreads\get_performance_data.obj
c:\software\transims60\subareanet\x64\binthreads\get_phasing_data.obj
c:\software\transims60\subareanet\x64\binthreads\get_pocket_data.obj
c:\software\transims60\subareanet\x64\binthreads\get_ridership_data.obj
c:\software\transims60\subareanet\x64\binthreads\get_signal_data.obj
c:\software\transims60\subareanet\x64\binthreads\get_sign_data.obj
c:\software\transims60\subareanet\x64\binthreads\get_stop_data.obj
c:\software\transims60\subareanet\x64\binthreads\get_timing_data.obj
c:\software\transims60\subareanet\x64\binthreads\get_turn_delay_data.obj
c:\software\transims60\subareanet\x64\binthreads\get_turn_pen_data.obj
c:\software\transims60\subareanet\x64\binthreads\get_zone_data.obj
c:\software\transims60\subareanet\x64\binthreads\subareanet.obj
c:\software\transims60\subareanet\x64\binthreads\write_boundary.obj
c:\software\transims60\subareanet\x64\binthreads\write_node.obj
c:\software\transims60\subareanet\x64\binthreads\write_route.obj
c:\software\transims60\subareanet\x64\binthreads\subareanet.tlog\cl.command.1.tlog
c:\software\transims60\subareanet\x64\binthreads\subareanet.tlog\cl.read.1.tlog
c:\software\transims60\subareanet\x64\binthreads\subareanet.tlog\cl.write.1.tlog
c:\software\transims60\subareanet\x64\binthreads\subareanet.tlog\link.command.1.tlog
c:\software\transims60\subareanet\x64\binthreads\subareanet.tlog\link.read.1.tlog
c:\software\transims60\subareanet\x64\binthreads\subareanet.tlog\link.write.1.tlog
