c:\software\transims60\linksum\win32\bin\vc120.pdb
c:\software\transims60\win32\bin\linksum.exe
c:\software\transims60\linksum\win32\bin\compare_links.obj
c:\software\transims60\linksum\win32\bin\control.obj
c:\software\transims60\linksum\win32\bin\custom_summaries.obj
c:\software\transims60\linksum\win32\bin\execute.obj
c:\software\transims60\linksum\win32\bin\gap_report.obj
c:\software\transims60\linksum\win32\bin\get_location_data.obj
c:\software\transims60\linksum\win32\bin\get_performance_data.obj
c:\software\transims60\linksum\win32\bin\group_report.obj
c:\software\transims60\linksum\win32\bin\group_summary.obj
c:\software\transims60\linksum\win32\bin\group_sum_file.obj
c:\software\transims60\linksum\win32\bin\group_time.obj
c:\software\transims60\linksum\win32\bin\linksum.obj
c:\software\transims60\linksum\win32\bin\link_group.obj
c:\software\transims60\linksum\win32\bin\link_report.obj
c:\software\transims60\linksum\win32\bin\perf_report.obj
c:\software\transims60\linksum\win32\bin\perf_summary.obj
c:\software\transims60\linksum\win32\bin\select_links.obj
c:\software\transims60\linksum\win32\bin\set_link_data.obj
c:\software\transims60\linksum\win32\bin\set_link_dir.obj
c:\software\transims60\linksum\win32\bin\summary_file.obj
c:\software\transims60\linksum\win32\bin\time_change.obj
c:\software\transims60\linksum\win32\bin\time_report.obj
c:\software\transims60\linksum\win32\bin\top_100.obj
c:\software\transims60\linksum\win32\bin\top_ratios.obj
c:\software\transims60\linksum\win32\bin\vc_report.obj
c:\software\transims60\linksum\win32\bin\vol_change.obj
c:\software\transims60\linksum\win32\bin\write_activity.obj
c:\software\transims60\linksum\win32\bin\write_group.obj
c:\software\transims60\linksum\win32\bin\write_link_data.obj
c:\software\transims60\linksum\win32\bin\write_link_dir.obj
c:\software\transims60\linksum\win32\bin\write_turn_data.obj
c:\software\transims60\linksum\win32\bin\write_zone.obj
c:\software\transims60\linksum\win32\bin\zone_summary.obj
c:\software\transims60\linksum\win32\bin\linksum.tlog\cl.command.1.tlog
c:\software\transims60\linksum\win32\bin\linksum.tlog\cl.read.1.tlog
c:\software\transims60\linksum\win32\bin\linksum.tlog\cl.write.1.tlog
c:\software\transims60\linksum\win32\bin\linksum.tlog\link.command.1.tlog
c:\software\transims60\linksum\win32\bin\linksum.tlog\link.read.1.tlog
c:\software\transims60\linksum\win32\bin\linksum.tlog\link.write.1.tlog
