c:\software\transims60\routeprep\x64\binthreads\vc120.pdb
c:\software\transims60\x64\binthreads\routeprep.exe
c:\software\transims60\routeprep\x64\binthreads\control.obj
c:\software\transims60\routeprep\x64\binthreads\endline_station.obj
c:\software\transims60\routeprep\x64\binthreads\execute.obj
c:\software\transims60\routeprep\x64\binthreads\inline_station.obj
c:\software\transims60\routeprep\x64\binthreads\input_routes.obj
c:\software\transims60\routeprep\x64\binthreads\insert_link.obj
c:\software\transims60\routeprep\x64\binthreads\insert_stations.obj
c:\software\transims60\routeprep\x64\binthreads\link_order.obj
c:\software\transims60\routeprep\x64\binthreads\platform_link.obj
c:\software\transims60\routeprep\x64\binthreads\read_factors.obj
c:\software\transims60\routeprep\x64\binthreads\read_node_file.obj
c:\software\transims60\routeprep\x64\binthreads\read_node_map.obj
c:\software\transims60\routeprep\x64\binthreads\read_routes.obj
c:\software\transims60\routeprep\x64\binthreads\read_route_stops.obj
c:\software\transims60\routeprep\x64\binthreads\read_scripts.obj
c:\software\transims60\routeprep\x64\binthreads\read_speeds.obj
c:\software\transims60\routeprep\x64\binthreads\read_stations.obj
c:\software\transims60\routeprep\x64\binthreads\read_tcad_routes.obj
c:\software\transims60\routeprep\x64\binthreads\routeprep.obj
c:\software\transims60\routeprep\x64\binthreads\route_segments.obj
c:\software\transims60\routeprep\x64\binthreads\save_route.obj
c:\software\transims60\routeprep\x64\binthreads\transifer_link.obj
c:\software\transims60\routeprep\x64\binthreads\update_routes.obj
c:\software\transims60\routeprep\x64\binthreads\write_node_map.obj
c:\software\transims60\routeprep\x64\binthreads\write_route.obj
c:\software\transims60\routeprep\x64\binthreads\routeprep.tlog\cl.command.1.tlog
c:\software\transims60\routeprep\x64\binthreads\routeprep.tlog\cl.read.1.tlog
c:\software\transims60\routeprep\x64\binthreads\routeprep.tlog\cl.write.1.tlog
c:\software\transims60\routeprep\x64\binthreads\routeprep.tlog\link.command.1.tlog
c:\software\transims60\routeprep\x64\binthreads\routeprep.tlog\link.read.1.tlog
c:\software\transims60\routeprep\x64\binthreads\routeprep.tlog\link.write.1.tlog
