c:\software\transims60\pathskim\win32\bin\vc120.pdb
c:\software\transims60\win32\bin\pathskim.exe
c:\software\transims60\pathskim\win32\bin\build_paths.obj
c:\software\transims60\pathskim\win32\bin\control.obj
c:\software\transims60\pathskim\win32\bin\execute.obj
c:\software\transims60\pathskim\win32\bin\flow_skims.obj
c:\software\transims60\pathskim\win32\bin\get_zone_data.obj
c:\software\transims60\pathskim\win32\bin\location_list.obj
c:\software\transims60\pathskim\win32\bin\new_zone_loc.obj
c:\software\transims60\pathskim\win32\bin\output_skims.obj
c:\software\transims60\pathskim\win32\bin\pathskim.obj
c:\software\transims60\pathskim\win32\bin\save_plans.obj
c:\software\transims60\pathskim\win32\bin\save_skims.obj
c:\software\transims60\pathskim\win32\bin\skim_check.obj
c:\software\transims60\pathskim\win32\bin\skim_paths.obj
c:\software\transims60\pathskim\win32\bin\user_locations.obj
c:\software\transims60\pathskim\win32\bin\zone_locations.obj
c:\software\transims60\pathskim\win32\bin\zone_skims.obj
c:\software\transims60\pathskim\win32\bin\pathskim.tlog\cl.command.1.tlog
c:\software\transims60\pathskim\win32\bin\pathskim.tlog\cl.read.1.tlog
c:\software\transims60\pathskim\win32\bin\pathskim.tlog\cl.write.1.tlog
c:\software\transims60\pathskim\win32\bin\pathskim.tlog\link.command.1.tlog
c:\software\transims60\pathskim\win32\bin\pathskim.tlog\link.read.1.tlog
c:\software\transims60\pathskim\win32\bin\pathskim.tlog\link.write.1.tlog
