c:\software\transims60\vissimnet\x64\binthreads\vc120.pdb
c:\software\transims60\x64\binthreads\vissimnet.exe
c:\software\transims60\vissimnet\x64\binthreads\connections.obj
c:\software\transims60\vissimnet\x64\binthreads\control.obj
c:\software\transims60\vissimnet\x64\binthreads\detector_fields.obj
c:\software\transims60\vissimnet\x64\binthreads\execute.obj
c:\software\transims60\vissimnet\x64\binthreads\link_behavior.obj
c:\software\transims60\vissimnet\x64\binthreads\link_fields.obj
c:\software\transims60\vissimnet\x64\binthreads\link_spd_fields.obj
c:\software\transims60\vissimnet\x64\binthreads\node_fields.obj
c:\software\transims60\vissimnet\x64\binthreads\parking_fields.obj
c:\software\transims60\vissimnet\x64\binthreads\process_links.obj
c:\software\transims60\vissimnet\x64\binthreads\put_location_data.obj
c:\software\transims60\vissimnet\x64\binthreads\read_vissim.obj
c:\software\transims60\vissimnet\x64\binthreads\sign_fields.obj
c:\software\transims60\vissimnet\x64\binthreads\speed_fields.obj
c:\software\transims60\vissimnet\x64\binthreads\veh_type_fields.obj
c:\software\transims60\vissimnet\x64\binthreads\vissimnet.obj
c:\software\transims60\vissimnet\x64\binthreads\write_vissim.obj
c:\software\transims60\vissimnet\x64\binthreads\vissimnet.tlog\cl.command.1.tlog
c:\software\transims60\vissimnet\x64\binthreads\vissimnet.tlog\cl.read.1.tlog
c:\software\transims60\vissimnet\x64\binthreads\vissimnet.tlog\cl.write.1.tlog
c:\software\transims60\vissimnet\x64\binthreads\vissimnet.tlog\link.command.1.tlog
c:\software\transims60\vissimnet\x64\binthreads\vissimnet.tlog\link.read.1.tlog
c:\software\transims60\vissimnet\x64\binthreads\vissimnet.tlog\link.write.1.tlog
