C:\SOFTWARE\TRANSIMS60\FILE_DATA_SERVICE\X64\DEBUG\WRITE_PHASING_PLANS.OBJ
C:\SOFTWARE\TRANSIMS60\FILE_DATA_SERVICE\X64\DEBUG\WRITE_PLANS.OBJ
C:\SOFTWARE\TRANSIMS60\FILE_DATA_SERVICE\X64\DEBUG\WRITE_POCKETS.OBJ
C:\SOFTWARE\TRANSIMS60\FILE_DATA_SERVICE\X64\DEBUG\WRITE_PROBLEMS.OBJ
C:\SOFTWARE\TRANSIMS60\FILE_DATA_SERVICE\X64\DEBUG\WRITE_RIDERSHIP.OBJ
C:\SOFTWARE\TRANSIMS60\FILE_DATA_SERVICE\X64\DEBUG\WRITE_ROUTE_NODES.OBJ
C:\SOFTWARE\TRANSIMS60\FILE_DATA_SERVICE\X64\DEBUG\WRITE_SCHEDULES.OBJ
C:\SOFTWARE\TRANSIMS60\FILE_DATA_SERVICE\X64\DEBUG\WRITE_SELECTIONS.OBJ
C:\SOFTWARE\TRANSIMS60\FILE_DATA_SERVICE\X64\DEBUG\WRITE_SHAPES.OBJ
C:\SOFTWARE\TRANSIMS60\FILE_DATA_SERVICE\X64\DEBUG\WRITE_SIGNALS.OBJ
C:\SOFTWARE\TRANSIMS60\FILE_DATA_SERVICE\X64\DEBUG\WRITE_SIGNS.OBJ
C:\SOFTWARE\TRANSIMS60\FILE_DATA_SERVICE\X64\DEBUG\WRITE_SKIMS.OBJ
C:\SOFTWARE\TRANSIMS60\FILE_DATA_SERVICE\X64\DEBUG\WRITE_STOPS.OBJ
C:\SOFTWARE\TRANSIMS60\FILE_DATA_SERVICE\X64\DEBUG\WRITE_TIMING_PLANS.OBJ
C:\SOFTWARE\TRANSIMS60\FILE_DATA_SERVICE\X64\DEBUG\WRITE_TRAVELERS.OBJ
C:\SOFTWARE\TRANSIMS60\FILE_DATA_SERVICE\X64\DEBUG\WRITE_TRIPS.OBJ
C:\SOFTWARE\TRANSIMS60\FILE_DATA_SERVICE\X64\DEBUG\WRITE_TURN_DELAYS.OBJ
C:\SOFTWARE\TRANSIMS60\FILE_DATA_SERVICE\X64\DEBUG\WRITE_TURN_PENS.OBJ
C:\SOFTWARE\TRANSIMS60\FILE_DATA_SERVICE\X64\DEBUG\WRITE_VEH_TYPES.OBJ
C:\SOFTWARE\TRANSIMS60\FILE_DATA_SERVICE\X64\DEBUG\WRITE_ZONES.OBJ
C:\SOFTWARE\TRANSIMS60\FILE_DATA_SERVICE\X64\DEBUG\DATA_SHAPES.OBJ
C:\SOFTWARE\TRANSIMS60\FILE_DATA_SERVICE\X64\DEBUG\DRAW_SERVICE.OBJ
C:\SOFTWARE\TRANSIMS60\FILE_DATA_SERVICE\X64\DEBUG\FILE_SERVICE.OBJ
C:\SOFTWARE\TRANSIMS60\FILE_DATA_SERVICE\X64\DEBUG\FLOW_TIME_SERVICE.OBJ
C:\SOFTWARE\TRANSIMS60\FILE_DATA_SERVICE\X64\DEBUG\SELECT_SERVICE.OBJ
C:\SOFTWARE\TRANSIMS60\FILE_DATA_SERVICE\X64\DEBUG\WRITE_ACCESS_LINKS.OBJ
C:\SOFTWARE\TRANSIMS60\FILE_DATA_SERVICE\X64\DEBUG\WRITE_CONNECTIONS.OBJ
C:\SOFTWARE\TRANSIMS60\FILE_DATA_SERVICE\X64\DEBUG\WRITE_DETECTORS.OBJ
C:\SOFTWARE\TRANSIMS60\FILE_DATA_SERVICE\X64\DEBUG\WRITE_DRIVERS.OBJ
C:\SOFTWARE\TRANSIMS60\FILE_DATA_SERVICE\X64\DEBUG\WRITE_EVENTS.OBJ
C:\SOFTWARE\TRANSIMS60\FILE_DATA_SERVICE\X64\DEBUG\WRITE_FARES.OBJ
C:\SOFTWARE\TRANSIMS60\FILE_DATA_SERVICE\X64\DEBUG\WRITE_HOUSEHOLDS.OBJ
C:\SOFTWARE\TRANSIMS60\FILE_DATA_SERVICE\X64\DEBUG\WRITE_LANE_USES.OBJ
C:\SOFTWARE\TRANSIMS60\FILE_DATA_SERVICE\X64\DEBUG\WRITE_LINES.OBJ
C:\SOFTWARE\TRANSIMS60\FILE_DATA_SERVICE\X64\DEBUG\WRITE_LINKS.OBJ
C:\SOFTWARE\TRANSIMS60\FILE_DATA_SERVICE\X64\DEBUG\WRITE_LINK_DATA.OBJ
C:\SOFTWARE\TRANSIMS60\FILE_DATA_SERVICE\X64\DEBUG\WRITE_LOCATIONS.OBJ
C:\SOFTWARE\TRANSIMS60\FILE_DATA_SERVICE\X64\DEBUG\WRITE_NODES.OBJ
C:\SOFTWARE\TRANSIMS60\FILE_DATA_SERVICE\X64\DEBUG\WRITE_PARKING_LOTS.OBJ
C:\SOFTWARE\TRANSIMS60\FILE_DATA_SERVICE\X64\DEBUG\WRITE_PERFORMANCE.OBJ
C:\SOFTWARE\TRANSIMS60\FILE_DATA_SERVICE\X64\DEBUG\READ_POCKETS.OBJ
C:\SOFTWARE\TRANSIMS60\FILE_DATA_SERVICE\X64\DEBUG\READ_PROBLEMS.OBJ
C:\SOFTWARE\TRANSIMS60\FILE_DATA_SERVICE\X64\DEBUG\READ_RIDERSHIP.OBJ
C:\SOFTWARE\TRANSIMS60\FILE_DATA_SERVICE\X64\DEBUG\READ_ROUTE_NODES.OBJ
C:\SOFTWARE\TRANSIMS60\FILE_DATA_SERVICE\X64\DEBUG\READ_SCHEDULES.OBJ
C:\SOFTWARE\TRANSIMS60\FILE_DATA_SERVICE\X64\DEBUG\READ_SELECTIONS.OBJ
C:\SOFTWARE\TRANSIMS60\FILE_DATA_SERVICE\X64\DEBUG\READ_SHAPES.OBJ
C:\SOFTWARE\TRANSIMS60\FILE_DATA_SERVICE\X64\DEBUG\READ_SIGNALS.OBJ
C:\SOFTWARE\TRANSIMS60\FILE_DATA_SERVICE\X64\DEBUG\READ_SIGNS.OBJ
C:\SOFTWARE\TRANSIMS60\FILE_DATA_SERVICE\X64\DEBUG\READ_SKIMS.OBJ
C:\SOFTWARE\TRANSIMS60\FILE_DATA_SERVICE\X64\DEBUG\READ_STOPS.OBJ
C:\SOFTWARE\TRANSIMS60\FILE_DATA_SERVICE\X64\DEBUG\READ_TIMING_PLANS.OBJ
C:\SOFTWARE\TRANSIMS60\FILE_DATA_SERVICE\X64\DEBUG\READ_TRAVELERS.OBJ
C:\SOFTWARE\TRANSIMS60\FILE_DATA_SERVICE\X64\DEBUG\READ_TRIPS.OBJ
C:\SOFTWARE\TRANSIMS60\FILE_DATA_SERVICE\X64\DEBUG\READ_TURN_DELAYS.OBJ
C:\SOFTWARE\TRANSIMS60\FILE_DATA_SERVICE\X64\DEBUG\READ_TURN_PENS.OBJ
C:\SOFTWARE\TRANSIMS60\FILE_DATA_SERVICE\X64\DEBUG\READ_VEH_TYPES.OBJ
C:\SOFTWARE\TRANSIMS60\FILE_DATA_SERVICE\X64\DEBUG\READ_ZONES.OBJ
C:\SOFTWARE\TRANSIMS60\FILE_DATA_SERVICE\X64\DEBUG\CONVERGE_SERVICE.OBJ
C:\SOFTWARE\TRANSIMS60\FILE_DATA_SERVICE\X64\DEBUG\DATA_SERVICE.OBJ
C:\SOFTWARE\TRANSIMS60\FILE_DATA_SERVICE\X64\DEBUG\VEH_TYPE_FILE.OBJ
C:\SOFTWARE\TRANSIMS60\FILE_DATA_SERVICE\X64\DEBUG\ZONE_FILE.OBJ
C:\SOFTWARE\TRANSIMS60\FILE_DATA_SERVICE\X64\DEBUG\READ_ACCESS_LINKS.OBJ
C:\SOFTWARE\TRANSIMS60\FILE_DATA_SERVICE\X64\DEBUG\READ_CONNECTIONS.OBJ
C:\SOFTWARE\TRANSIMS60\FILE_DATA_SERVICE\X64\DEBUG\READ_DETECTORS.OBJ
C:\SOFTWARE\TRANSIMS60\FILE_DATA_SERVICE\X64\DEBUG\READ_DRIVERS.OBJ
C:\SOFTWARE\TRANSIMS60\FILE_DATA_SERVICE\X64\DEBUG\READ_EVENTS.OBJ
C:\SOFTWARE\TRANSIMS60\FILE_DATA_SERVICE\X64\DEBUG\READ_FARES.OBJ
C:\SOFTWARE\TRANSIMS60\FILE_DATA_SERVICE\X64\DEBUG\READ_HOUSEHOLDS.OBJ
C:\SOFTWARE\TRANSIMS60\FILE_DATA_SERVICE\X64\DEBUG\READ_LANE_USES.OBJ
C:\SOFTWARE\TRANSIMS60\FILE_DATA_SERVICE\X64\DEBUG\READ_LINES.OBJ
C:\SOFTWARE\TRANSIMS60\FILE_DATA_SERVICE\X64\DEBUG\READ_LINKS.OBJ
C:\SOFTWARE\TRANSIMS60\FILE_DATA_SERVICE\X64\DEBUG\READ_LINK_DATA.OBJ
C:\SOFTWARE\TRANSIMS60\FILE_DATA_SERVICE\X64\DEBUG\READ_LINK_DIR.OBJ
C:\SOFTWARE\TRANSIMS60\FILE_DATA_SERVICE\X64\DEBUG\READ_LOCATIONS.OBJ
C:\SOFTWARE\TRANSIMS60\FILE_DATA_SERVICE\X64\DEBUG\READ_NODES.OBJ
C:\SOFTWARE\TRANSIMS60\FILE_DATA_SERVICE\X64\DEBUG\READ_PARKING_LOTS.OBJ
C:\SOFTWARE\TRANSIMS60\FILE_DATA_SERVICE\X64\DEBUG\READ_PERFORMANCE.OBJ
C:\SOFTWARE\TRANSIMS60\FILE_DATA_SERVICE\X64\DEBUG\READ_PHASING_PLANS.OBJ
C:\SOFTWARE\TRANSIMS60\FILE_DATA_SERVICE\X64\DEBUG\READ_PLANS.OBJ
C:\SOFTWARE\TRANSIMS60\FILE_DATA_SERVICE\X64\DEBUG\RIDERSHIP_FILE.OBJ
C:\SOFTWARE\TRANSIMS60\FILE_DATA_SERVICE\X64\DEBUG\ROUTE_NODES_FILE.OBJ
C:\SOFTWARE\TRANSIMS60\FILE_DATA_SERVICE\X64\DEBUG\SCHEDULE_FILE.OBJ
C:\SOFTWARE\TRANSIMS60\FILE_DATA_SERVICE\X64\DEBUG\SELECTION_FILE.OBJ
C:\SOFTWARE\TRANSIMS60\FILE_DATA_SERVICE\X64\DEBUG\SHAPE_FILE.OBJ
C:\SOFTWARE\TRANSIMS60\FILE_DATA_SERVICE\X64\DEBUG\SIGNAL_FILE.OBJ
C:\SOFTWARE\TRANSIMS60\FILE_DATA_SERVICE\X64\DEBUG\SIGN_FILE.OBJ
C:\SOFTWARE\TRANSIMS60\FILE_DATA_SERVICE\X64\DEBUG\SKIM_FILE.OBJ
C:\SOFTWARE\TRANSIMS60\FILE_DATA_SERVICE\X64\DEBUG\SNAPSHOT_FILE.OBJ
C:\SOFTWARE\TRANSIMS60\FILE_DATA_SERVICE\X64\DEBUG\STOP_FILE.OBJ
C:\SOFTWARE\TRANSIMS60\FILE_DATA_SERVICE\X64\DEBUG\SUBZONE_FILE.OBJ
C:\SOFTWARE\TRANSIMS60\FILE_DATA_SERVICE\X64\DEBUG\TIME_SUM_FILE.OBJ
C:\SOFTWARE\TRANSIMS60\FILE_DATA_SERVICE\X64\DEBUG\TIMING_FILE.OBJ
C:\SOFTWARE\TRANSIMS60\FILE_DATA_SERVICE\X64\DEBUG\TOLL_FILE.OBJ
C:\SOFTWARE\TRANSIMS60\FILE_DATA_SERVICE\X64\DEBUG\TRAVELER_FILE.OBJ
C:\SOFTWARE\TRANSIMS60\FILE_DATA_SERVICE\X64\DEBUG\TRAVEL_TIME_FILE.OBJ
C:\SOFTWARE\TRANSIMS60\FILE_DATA_SERVICE\X64\DEBUG\TRIP_FILE.OBJ
C:\SOFTWARE\TRANSIMS60\FILE_DATA_SERVICE\X64\DEBUG\TURN_DELAY_FILE.OBJ
C:\SOFTWARE\TRANSIMS60\FILE_DATA_SERVICE\X64\DEBUG\TURN_PEN_FILE.OBJ
C:\SOFTWARE\TRANSIMS60\FILE_DATA_SERVICE\X64\DEBUG\VEHICLE_FILE.OBJ
C:\SOFTWARE\TRANSIMS60\FILE_DATA_SERVICE\X64\DEBUG\HOUSEHOLD_FILE.OBJ
C:\SOFTWARE\TRANSIMS60\FILE_DATA_SERVICE\X64\DEBUG\LANE_USE_FILE.OBJ
C:\SOFTWARE\TRANSIMS60\FILE_DATA_SERVICE\X64\DEBUG\LINE_FILE.OBJ
C:\SOFTWARE\TRANSIMS60\FILE_DATA_SERVICE\X64\DEBUG\LINK_DATA_FILE.OBJ
C:\SOFTWARE\TRANSIMS60\FILE_DATA_SERVICE\X64\DEBUG\LINK_DIR_FILE.OBJ
C:\SOFTWARE\TRANSIMS60\FILE_DATA_SERVICE\X64\DEBUG\LINK_FILE.OBJ
C:\SOFTWARE\TRANSIMS60\FILE_DATA_SERVICE\X64\DEBUG\LINK_USE_FILE.OBJ
C:\SOFTWARE\TRANSIMS60\FILE_DATA_SERVICE\X64\DEBUG\LOCATION_FILE.OBJ
C:\SOFTWARE\TRANSIMS60\FILE_DATA_SERVICE\X64\DEBUG\MATRIX_FILE.OBJ
C:\SOFTWARE\TRANSIMS60\FILE_DATA_SERVICE\X64\DEBUG\NODE_FILE.OBJ
C:\SOFTWARE\TRANSIMS60\FILE_DATA_SERVICE\X64\DEBUG\OCCUPANCY_FILE.OBJ
C:\SOFTWARE\TRANSIMS60\FILE_DATA_SERVICE\X64\DEBUG\OLD_DELAY_FILE.OBJ
C:\SOFTWARE\TRANSIMS60\FILE_DATA_SERVICE\X64\DEBUG\OLD_PLAN_FILE.OBJ
C:\SOFTWARE\TRANSIMS60\FILE_DATA_SERVICE\X64\DEBUG\PARKING_FILE.OBJ
C:\SOFTWARE\TRANSIMS60\FILE_DATA_SERVICE\X64\DEBUG\PERFORMANCE_FILE.OBJ
C:\SOFTWARE\TRANSIMS60\FILE_DATA_SERVICE\X64\DEBUG\PERSON_FILE.OBJ
C:\SOFTWARE\TRANSIMS60\FILE_DATA_SERVICE\X64\DEBUG\PHASING_FILE.OBJ
C:\SOFTWARE\TRANSIMS60\FILE_DATA_SERVICE\X64\DEBUG\PLAN_FILE.OBJ
C:\SOFTWARE\TRANSIMS60\FILE_DATA_SERVICE\X64\DEBUG\POCKET_FILE.OBJ
C:\SOFTWARE\TRANSIMS60\FILE_DATA_SERVICE\X64\DEBUG\PROBLEM_FILE.OBJ
C:\SOFTWARE\TRANSIMS60\FILE_DATA_SERVICE\X64\DEBUG\SKIM_DATA.OBJ
C:\SOFTWARE\TRANSIMS60\FILE_DATA_SERVICE\X64\DEBUG\TIME_INDEX.OBJ
C:\SOFTWARE\TRANSIMS60\FILE_DATA_SERVICE\X64\DEBUG\TOUR_SORT.OBJ
C:\SOFTWARE\TRANSIMS60\FILE_DATA_SERVICE\X64\DEBUG\TRANSFER_DATA.OBJ
C:\SOFTWARE\TRANSIMS60\FILE_DATA_SERVICE\X64\DEBUG\TRAVELER_DATA.OBJ
C:\SOFTWARE\TRANSIMS60\FILE_DATA_SERVICE\X64\DEBUG\TRIP_DATA.OBJ
C:\SOFTWARE\TRANSIMS60\FILE_DATA_SERVICE\X64\DEBUG\TRIP_INDEX.OBJ
C:\SOFTWARE\TRANSIMS60\FILE_DATA_SERVICE\X64\DEBUG\TURN_DELAY_DATA.OBJ
C:\SOFTWARE\TRANSIMS60\FILE_DATA_SERVICE\X64\DEBUG\VOLUME_ARRAY.OBJ
C:\SOFTWARE\TRANSIMS60\FILE_DATA_SERVICE\X64\DEBUG\ZONE_LOCATION.OBJ
C:\SOFTWARE\TRANSIMS60\FILE_DATA_SERVICE\X64\DEBUG\ACCESS_FILE.OBJ
C:\SOFTWARE\TRANSIMS60\FILE_DATA_SERVICE\X64\DEBUG\ACTIVITY_FILE.OBJ
C:\SOFTWARE\TRANSIMS60\FILE_DATA_SERVICE\X64\DEBUG\APPROACH_LINK_FILE.OBJ
C:\SOFTWARE\TRANSIMS60\FILE_DATA_SERVICE\X64\DEBUG\CONNECT_FILE.OBJ
C:\SOFTWARE\TRANSIMS60\FILE_DATA_SERVICE\X64\DEBUG\DETECTOR_FILE.OBJ
C:\SOFTWARE\TRANSIMS60\FILE_DATA_SERVICE\X64\DEBUG\DIURNAL_FILE.OBJ
C:\SOFTWARE\TRANSIMS60\FILE_DATA_SERVICE\X64\DEBUG\DRIVER_FILE.OBJ
C:\SOFTWARE\TRANSIMS60\FILE_DATA_SERVICE\X64\DEBUG\EVENT_FILE.OBJ
C:\SOFTWARE\TRANSIMS60\FILE_DATA_SERVICE\X64\DEBUG\FACTOR_FILE.OBJ
C:\SOFTWARE\TRANSIMS60\FILE_DATA_SERVICE\X64\DEBUG\FARE_FILE.OBJ
C:\SOFTWARE\TRANSIMS60\FILE_DATA_SERVICE\X64\DEBUG\ATTRIBUTE_DATA.OBJ
C:\SOFTWARE\TRANSIMS60\FILE_DATA_SERVICE\X64\DEBUG\EVENT_DATA.OBJ
C:\SOFTWARE\TRANSIMS60\FILE_DATA_SERVICE\X64\DEBUG\LINE_DATA.OBJ
C:\SOFTWARE\TRANSIMS60\FILE_DATA_SERVICE\X64\DEBUG\PERFORMANCE_DATA.OBJ
C:\SOFTWARE\TRANSIMS60\FILE_DATA_SERVICE\X64\DEBUG\PLAN_DATA.OBJ
C:\SOFTWARE\TRANSIMS60\FILE_DATA_SERVICE\X64\DEBUG\SELECTION_DATA.OBJ
C:\SOFTWARE\TRANSIMS60\FILE_DATA_SERVICE\X64\DEBUG\VC110.PDB
C:\SOFTWARE\TRANSIMS60\X64\DEBUG\FILE_DATA_SERVICE.LIB
C:\Software\Transims60\File_Data_Service\x64\Debug\Access_File.obj
C:\Software\Transims60\File_Data_Service\x64\Debug\Activity_File.obj
C:\Software\Transims60\File_Data_Service\x64\Debug\Approach_Link_File.obj
C:\Software\Transims60\File_Data_Service\x64\Debug\Attribute_Data.obj
C:\Software\Transims60\File_Data_Service\x64\Debug\Connect_File.obj
C:\Software\Transims60\File_Data_Service\x64\Debug\Converge_Service.obj
C:\Software\Transims60\File_Data_Service\x64\Debug\Data_Service.obj
C:\Software\Transims60\File_Data_Service\x64\Debug\Data_Shapes.obj
C:\Software\Transims60\File_Data_Service\x64\Debug\Detector_File.obj
C:\Software\Transims60\File_Data_Service\x64\Debug\Diurnal_File.obj
C:\Software\Transims60\File_Data_Service\x64\Debug\Draw_Service.obj
C:\Software\Transims60\File_Data_Service\x64\Debug\Driver_File.obj
C:\Software\Transims60\File_Data_Service\x64\Debug\Event_Data.obj
C:\Software\Transims60\File_Data_Service\x64\Debug\Event_File.obj
C:\Software\Transims60\File_Data_Service\x64\Debug\Factor_File.obj
C:\Software\Transims60\File_Data_Service\x64\Debug\Fare_File.obj
C:\Software\Transims60\File_Data_Service\x64\Debug\File_Service.obj
C:\Software\Transims60\File_Data_Service\x64\Debug\Flow_Time_Service.obj
C:\Software\Transims60\File_Data_Service\x64\Debug\Household_File.obj
C:\Software\Transims60\File_Data_Service\x64\Debug\Lane_Use_File.obj
C:\Software\Transims60\File_Data_Service\x64\Debug\Line_Data.obj
C:\Software\Transims60\File_Data_Service\x64\Debug\Line_File.obj
C:\Software\Transims60\File_Data_Service\x64\Debug\Link_Data_File.obj
C:\Software\Transims60\File_Data_Service\x64\Debug\Link_Dir_File.obj
C:\Software\Transims60\File_Data_Service\x64\Debug\Link_File.obj
C:\Software\Transims60\File_Data_Service\x64\Debug\Link_Use_File.obj
C:\Software\Transims60\File_Data_Service\x64\Debug\Location_File.obj
C:\Software\Transims60\File_Data_Service\x64\Debug\Matrix_File.obj
C:\Software\Transims60\File_Data_Service\x64\Debug\Node_File.obj
C:\Software\Transims60\File_Data_Service\x64\Debug\Occupancy_File.obj
C:\Software\Transims60\File_Data_Service\x64\Debug\Old_Delay_File.obj
C:\Software\Transims60\File_Data_Service\x64\Debug\Old_Plan_File.obj
C:\Software\Transims60\File_Data_Service\x64\Debug\Parking_File.obj
C:\Software\Transims60\File_Data_Service\x64\Debug\Performance_Data.obj
C:\Software\Transims60\File_Data_Service\x64\Debug\Performance_File.obj
C:\Software\Transims60\File_Data_Service\x64\Debug\Person_File.obj
C:\Software\Transims60\File_Data_Service\x64\Debug\Phasing_File.obj
C:\Software\Transims60\File_Data_Service\x64\Debug\Plan_Data.obj
C:\Software\Transims60\File_Data_Service\x64\Debug\Plan_File.obj
C:\Software\Transims60\File_Data_Service\x64\Debug\Pocket_File.obj
C:\Software\Transims60\File_Data_Service\x64\Debug\Problem_File.obj
C:\Software\Transims60\File_Data_Service\x64\Debug\Read_Access_Links.obj
C:\Software\Transims60\File_Data_Service\x64\Debug\Read_Connections.obj
C:\Software\Transims60\File_Data_Service\x64\Debug\Read_Detectors.obj
C:\Software\Transims60\File_Data_Service\x64\Debug\Read_Drivers.obj
C:\Software\Transims60\File_Data_Service\x64\Debug\Read_Events.obj
C:\Software\Transims60\File_Data_Service\x64\Debug\Read_Fares.obj
C:\Software\Transims60\File_Data_Service\x64\Debug\Read_Households.obj
C:\Software\Transims60\File_Data_Service\x64\Debug\Read_Lane_Uses.obj
C:\Software\Transims60\File_Data_Service\x64\Debug\Read_Lines.obj
C:\Software\Transims60\File_Data_Service\x64\Debug\Read_Links.obj
C:\Software\Transims60\File_Data_Service\x64\Debug\Read_Link_Data.obj
C:\Software\Transims60\File_Data_Service\x64\Debug\Read_Link_Dir.obj
C:\Software\Transims60\File_Data_Service\x64\Debug\Read_Locations.obj
C:\Software\Transims60\File_Data_Service\x64\Debug\Read_Nodes.obj
C:\Software\Transims60\File_Data_Service\x64\Debug\Read_Parking_Lots.obj
C:\Software\Transims60\File_Data_Service\x64\Debug\Read_Performance.obj
C:\Software\Transims60\File_Data_Service\x64\Debug\Read_Phasing_Plans.obj
C:\Software\Transims60\File_Data_Service\x64\Debug\Read_Plans.obj
C:\Software\Transims60\File_Data_Service\x64\Debug\Read_Pockets.obj
C:\Software\Transims60\File_Data_Service\x64\Debug\Read_Problems.obj
C:\Software\Transims60\File_Data_Service\x64\Debug\Read_Ridership.obj
C:\Software\Transims60\File_Data_Service\x64\Debug\Read_Route_Nodes.obj
C:\Software\Transims60\File_Data_Service\x64\Debug\Read_Schedules.obj
C:\Software\Transims60\File_Data_Service\x64\Debug\Read_Selections.obj
C:\Software\Transims60\File_Data_Service\x64\Debug\Read_Shapes.obj
C:\Software\Transims60\File_Data_Service\x64\Debug\Read_Signals.obj
C:\Software\Transims60\File_Data_Service\x64\Debug\Read_Signs.obj
C:\Software\Transims60\File_Data_Service\x64\Debug\Read_Skims.obj
C:\Software\Transims60\File_Data_Service\x64\Debug\Read_Stops.obj
C:\Software\Transims60\File_Data_Service\x64\Debug\Read_Timing_Plans.obj
C:\Software\Transims60\File_Data_Service\x64\Debug\Read_Travelers.obj
C:\Software\Transims60\File_Data_Service\x64\Debug\Read_Trips.obj
C:\Software\Transims60\File_Data_Service\x64\Debug\Read_Turn_Delays.obj
C:\Software\Transims60\File_Data_Service\x64\Debug\Read_Turn_Pens.obj
C:\Software\Transims60\File_Data_Service\x64\Debug\Read_Veh_Types.obj
C:\Software\Transims60\File_Data_Service\x64\Debug\Read_Zones.obj
C:\Software\Transims60\File_Data_Service\x64\Debug\Ridership_File.obj
C:\Software\Transims60\File_Data_Service\x64\Debug\Route_Nodes_File.obj
C:\Software\Transims60\File_Data_Service\x64\Debug\Schedule_File.obj
C:\Software\Transims60\File_Data_Service\x64\Debug\Selection_Data.obj
C:\Software\Transims60\File_Data_Service\x64\Debug\Selection_File.obj
C:\Software\Transims60\File_Data_Service\x64\Debug\Select_Service.obj
C:\Software\Transims60\File_Data_Service\x64\Debug\Shape_File.obj
C:\Software\Transims60\File_Data_Service\x64\Debug\Signal_File.obj
C:\Software\Transims60\File_Data_Service\x64\Debug\Sign_File.obj
C:\Software\Transims60\File_Data_Service\x64\Debug\Skim_Data.obj
C:\Software\Transims60\File_Data_Service\x64\Debug\Skim_File.obj
C:\Software\Transims60\File_Data_Service\x64\Debug\Snapshot_File.obj
C:\Software\Transims60\File_Data_Service\x64\Debug\Stop_File.obj
C:\Software\Transims60\File_Data_Service\x64\Debug\Subzone_File.obj
C:\Software\Transims60\File_Data_Service\x64\Debug\Time_Index.obj
C:\Software\Transims60\File_Data_Service\x64\Debug\Time_Sum_File.obj
C:\Software\Transims60\File_Data_Service\x64\Debug\Timing_File.obj
C:\Software\Transims60\File_Data_Service\x64\Debug\Toll_File.obj
C:\Software\Transims60\File_Data_Service\x64\Debug\Tour_Sort.obj
C:\Software\Transims60\File_Data_Service\x64\Debug\Transfer_Data.obj
C:\Software\Transims60\File_Data_Service\x64\Debug\Traveler_Data.obj
C:\Software\Transims60\File_Data_Service\x64\Debug\Traveler_File.obj
C:\Software\Transims60\File_Data_Service\x64\Debug\Travel_Time_File.obj
C:\Software\Transims60\File_Data_Service\x64\Debug\Trip_Data.obj
C:\Software\Transims60\File_Data_Service\x64\Debug\Trip_File.obj
C:\Software\Transims60\File_Data_Service\x64\Debug\Trip_Index.obj
C:\Software\Transims60\File_Data_Service\x64\Debug\Turn_Delay_Data.obj
C:\Software\Transims60\File_Data_Service\x64\Debug\Turn_Delay_File.obj
C:\Software\Transims60\File_Data_Service\x64\Debug\Turn_Pen_File.obj
C:\Software\Transims60\File_Data_Service\x64\Debug\Vehicle_File.obj
C:\Software\Transims60\File_Data_Service\x64\Debug\Veh_Type_File.obj
C:\Software\Transims60\File_Data_Service\x64\Debug\Volume_Array.obj
C:\Software\Transims60\File_Data_Service\x64\Debug\Write_Access_Links.obj
C:\Software\Transims60\File_Data_Service\x64\Debug\Write_Connections.obj
C:\Software\Transims60\File_Data_Service\x64\Debug\Write_Detectors.obj
C:\Software\Transims60\File_Data_Service\x64\Debug\Write_Drivers.obj
C:\Software\Transims60\File_Data_Service\x64\Debug\Write_Events.obj
C:\Software\Transims60\File_Data_Service\x64\Debug\Write_Fares.obj
C:\Software\Transims60\File_Data_Service\x64\Debug\Write_Households.obj
C:\Software\Transims60\File_Data_Service\x64\Debug\Write_Lane_Uses.obj
C:\Software\Transims60\File_Data_Service\x64\Debug\Write_Lines.obj
C:\Software\Transims60\File_Data_Service\x64\Debug\Write_Links.obj
C:\Software\Transims60\File_Data_Service\x64\Debug\Write_Link_Data.obj
C:\Software\Transims60\File_Data_Service\x64\Debug\Write_Locations.obj
C:\Software\Transims60\File_Data_Service\x64\Debug\Write_Nodes.obj
C:\Software\Transims60\File_Data_Service\x64\Debug\Write_Parking_Lots.obj
C:\Software\Transims60\File_Data_Service\x64\Debug\Write_Performance.obj
C:\Software\Transims60\File_Data_Service\x64\Debug\Write_Phasing_Plans.obj
C:\Software\Transims60\File_Data_Service\x64\Debug\Write_Plans.obj
C:\Software\Transims60\File_Data_Service\x64\Debug\Write_Pockets.obj
C:\Software\Transims60\File_Data_Service\x64\Debug\Write_Problems.obj
C:\Software\Transims60\File_Data_Service\x64\Debug\Write_Ridership.obj
C:\Software\Transims60\File_Data_Service\x64\Debug\Write_Route_Nodes.obj
C:\Software\Transims60\File_Data_Service\x64\Debug\Write_Schedules.obj
C:\Software\Transims60\File_Data_Service\x64\Debug\Write_Selections.obj
C:\Software\Transims60\File_Data_Service\x64\Debug\Write_Shapes.obj
C:\Software\Transims60\File_Data_Service\x64\Debug\Write_Signals.obj
C:\Software\Transims60\File_Data_Service\x64\Debug\Write_Signs.obj
C:\Software\Transims60\File_Data_Service\x64\Debug\Write_Skims.obj
C:\Software\Transims60\File_Data_Service\x64\Debug\Write_Stops.obj
C:\Software\Transims60\File_Data_Service\x64\Debug\Write_Timing_Plans.obj
C:\Software\Transims60\File_Data_Service\x64\Debug\Write_Travelers.obj
C:\Software\Transims60\File_Data_Service\x64\Debug\Write_Trips.obj
C:\Software\Transims60\File_Data_Service\x64\Debug\Write_Turn_Delays.obj
C:\Software\Transims60\File_Data_Service\x64\Debug\Write_Turn_Pens.obj
C:\Software\Transims60\File_Data_Service\x64\Debug\Write_Veh_Types.obj
C:\Software\Transims60\File_Data_Service\x64\Debug\Write_Zones.obj
C:\Software\Transims60\File_Data_Service\x64\Debug\Zone_File.obj
C:\Software\Transims60\File_Data_Service\x64\Debug\Zone_Location.obj
C:\Software\Transims60\File_Data_Service\x64\Debug\cl.command.1.tlog
C:\Software\Transims60\File_Data_Service\x64\Debug\CL.read.1.tlog
C:\Software\Transims60\File_Data_Service\x64\Debug\CL.write.1.tlog
C:\Software\Transims60\File_Data_Service\x64\Debug\Lib-link.read.1.tlog
C:\Software\Transims60\File_Data_Service\x64\Debug\Lib-link.write.1.tlog
C:\Software\Transims60\File_Data_Service\x64\Debug\lib.command.1.tlog
C:\Software\Transims60\File_Data_Service\x64\Debug\vc110.idb
C:\Software\Transims60\File_Data_Service\x64\Debug\vc110.pdb
C:\Software\Transims60\x64\Debug\File_Data_Service.lib
