c:\software\transims60\tourdata\win32\bin\vc120.pdb
c:\software\transims60\win32\bin\tourdata.exe
c:\software\transims60\tourdata\win32\bin\control.obj
c:\software\transims60\tourdata\win32\bin\execute.obj
c:\software\transims60\tourdata\win32\bin\get_zone_data.obj
c:\software\transims60\tourdata\win32\bin\normalize.obj
c:\software\transims60\tourdata\win32\bin\process.obj
c:\software\transims60\tourdata\win32\bin\read_tour.obj
c:\software\transims60\tourdata\win32\bin\stats_report.obj
c:\software\transims60\tourdata\win32\bin\tourdata.obj
c:\software\transims60\tourdata\win32\bin\write_attractions.obj
c:\software\transims60\tourdata\win32\bin\write_tour.obj
c:\software\transims60\tourdata\win32\bin\zone_distance.obj
c:\software\transims60\tourdata\win32\bin\zone_groups.obj
c:\software\transims60\tourdata\win32\bin\zone_report.obj
c:\software\transims60\tourdata\win32\bin\tourdata.tlog\cl.command.1.tlog
c:\software\transims60\tourdata\win32\bin\tourdata.tlog\cl.read.1.tlog
c:\software\transims60\tourdata\win32\bin\tourdata.tlog\cl.write.1.tlog
c:\software\transims60\tourdata\win32\bin\tourdata.tlog\link.command.1.tlog
c:\software\transims60\tourdata\win32\bin\tourdata.tlog\link.read.1.tlog
c:\software\transims60\tourdata\win32\bin\tourdata.tlog\link.write.1.tlog
