c:\software\transims60\linesum\win32\bin\vc120.pdb
c:\software\transims60\win32\bin\linesum.exe
c:\software\transims60\linesum\win32\bin\access_report.obj
c:\software\transims60\linesum\win32\bin\combine.obj
c:\software\transims60\linesum\win32\bin\compare.obj
c:\software\transims60\linesum\win32\bin\control.obj
c:\software\transims60\linesum\win32\bin\execute.obj
c:\software\transims60\linesum\win32\bin\linesum.obj
c:\software\transims60\linesum\win32\bin\line_report.obj
c:\software\transims60\linesum\win32\bin\link_report.obj
c:\software\transims60\linesum\win32\bin\link_rider.obj
c:\software\transims60\linesum\win32\bin\on_off_report.obj
c:\software\transims60\linesum\win32\bin\read_service.obj
c:\software\transims60\linesum\win32\bin\read_shapes.obj
c:\software\transims60\linesum\win32\bin\read_xy.obj
c:\software\transims60\linesum\win32\bin\stop_names.obj
c:\software\transims60\linesum\win32\bin\stop_report.obj
c:\software\transims60\linesum\win32\bin\total_report.obj
c:\software\transims60\linesum\win32\bin\linesum.tlog\cl.command.1.tlog
c:\software\transims60\linesum\win32\bin\linesum.tlog\cl.read.1.tlog
c:\software\transims60\linesum\win32\bin\linesum.tlog\cl.write.1.tlog
c:\software\transims60\linesum\win32\bin\linesum.tlog\link.command.1.tlog
c:\software\transims60\linesum\win32\bin\linesum.tlog\link.read.1.tlog
c:\software\transims60\linesum\win32\bin\linesum.tlog\link.write.1.tlog
