c:\software\transims60\relocate\x64\binthreads\vc120.pdb
c:\software\transims60\x64\binthreads\relocate.exe
c:\software\transims60\relocate\x64\binthreads\control.obj
c:\software\transims60\relocate\x64\binthreads\dir_path.obj
c:\software\transims60\relocate\x64\binthreads\execute.obj
c:\software\transims60\relocate\x64\binthreads\get_access_data.obj
c:\software\transims60\relocate\x64\binthreads\get_connect_data.obj
c:\software\transims60\relocate\x64\binthreads\get_link_data.obj
c:\software\transims60\relocate\x64\binthreads\get_location_data.obj
c:\software\transims60\relocate\x64\binthreads\get_node_data.obj
c:\software\transims60\relocate\x64\binthreads\get_parking_data.obj
c:\software\transims60\relocate\x64\binthreads\get_performance_data.obj
c:\software\transims60\relocate\x64\binthreads\get_shape_data.obj
c:\software\transims60\relocate\x64\binthreads\get_trip_data.obj
c:\software\transims60\relocate\x64\binthreads\get_turn_delay_data.obj
c:\software\transims60\relocate\x64\binthreads\location_map_report.obj
c:\software\transims60\relocate\x64\binthreads\map_locations.obj
c:\software\transims60\relocate\x64\binthreads\map_parking.obj
c:\software\transims60\relocate\x64\binthreads\parking_map_report.obj
c:\software\transims60\relocate\x64\binthreads\plan_processor.obj
c:\software\transims60\relocate\x64\binthreads\process_plan.obj
c:\software\transims60\relocate\x64\binthreads\read_plans.obj
c:\software\transims60\relocate\x64\binthreads\relocate.obj
c:\software\transims60\relocate\x64\binthreads\relocate.tlog\cl.command.1.tlog
c:\software\transims60\relocate\x64\binthreads\relocate.tlog\cl.read.1.tlog
c:\software\transims60\relocate\x64\binthreads\relocate.tlog\cl.write.1.tlog
c:\software\transims60\relocate\x64\binthreads\relocate.tlog\link.command.1.tlog
c:\software\transims60\relocate\x64\binthreads\relocate.tlog\link.read.1.tlog
c:\software\transims60\relocate\x64\binthreads\relocate.tlog\link.write.1.tlog
