c:\software\transims60\arcsnapshot\x64\binthreads\vc120.pdb
c:\software\transims60\x64\binthreads\arcsnapshot.exe
c:\software\transims60\arcsnapshot\x64\binthreads\arcsnapshot.obj
c:\software\transims60\arcsnapshot\x64\binthreads\control.obj
c:\software\transims60\arcsnapshot\x64\binthreads\create_cells.obj
c:\software\transims60\arcsnapshot\x64\binthreads\draw_vehicle.obj
c:\software\transims60\arcsnapshot\x64\binthreads\execute.obj
c:\software\transims60\arcsnapshot\x64\binthreads\max_check.obj
c:\software\transims60\arcsnapshot\x64\binthreads\read_snapshot.obj
c:\software\transims60\arcsnapshot\x64\binthreads\set_subarea.obj
c:\software\transims60\arcsnapshot\x64\binthreads\set_veh_types.obj
c:\software\transims60\arcsnapshot\x64\binthreads\sum_snapshot.obj
c:\software\transims60\arcsnapshot\x64\binthreads\write_snapshot.obj
c:\software\transims60\arcsnapshot\x64\binthreads\write_summary.obj
c:\software\transims60\arcsnapshot\x64\binthreads\arcsnapshot.tlog\cl.command.1.tlog
c:\software\transims60\arcsnapshot\x64\binthreads\arcsnapshot.tlog\cl.read.1.tlog
c:\software\transims60\arcsnapshot\x64\binthreads\arcsnapshot.tlog\cl.write.1.tlog
c:\software\transims60\arcsnapshot\x64\binthreads\arcsnapshot.tlog\link.command.1.tlog
c:\software\transims60\arcsnapshot\x64\binthreads\arcsnapshot.tlog\link.read.1.tlog
c:\software\transims60\arcsnapshot\x64\binthreads\arcsnapshot.tlog\link.write.1.tlog
