c:\software\transims60\locationdata\win32\bin\vc120.pdb
c:\software\transims60\win32\bin\locationdata.exe
c:\software\transims60\locationdata\win32\bin\check_zones.obj
c:\software\transims60\locationdata\win32\bin\control.obj
c:\software\transims60\locationdata\win32\bin\execute.obj
c:\software\transims60\locationdata\win32\bin\get_location_data.obj
c:\software\transims60\locationdata\win32\bin\get_stop_data.obj
c:\software\transims60\locationdata\win32\bin\get_zone_data.obj
c:\software\transims60\locationdata\win32\bin\locationdata.obj
c:\software\transims60\locationdata\win32\bin\read_boundary.obj
c:\software\transims60\locationdata\win32\bin\read_data.obj
c:\software\transims60\locationdata\win32\bin\read_polygons.obj
c:\software\transims60\locationdata\win32\bin\read_subzone.obj
c:\software\transims60\locationdata\win32\bin\read_subzone_map.obj
c:\software\transims60\locationdata\win32\bin\set_files.obj
c:\software\transims60\locationdata\win32\bin\subzone_weights.obj
c:\software\transims60\locationdata\win32\bin\sub_map_weights.obj
c:\software\transims60\locationdata\win32\bin\walk_access.obj
c:\software\transims60\locationdata\win32\bin\write_location.obj
c:\software\transims60\locationdata\win32\bin\zone_locations.obj
c:\software\transims60\locationdata\win32\bin\locationdata.tlog\cl.command.1.tlog
c:\software\transims60\locationdata\win32\bin\locationdata.tlog\cl.read.1.tlog
c:\software\transims60\locationdata\win32\bin\locationdata.tlog\cl.write.1.tlog
c:\software\transims60\locationdata\win32\bin\locationdata.tlog\link.command.1.tlog
c:\software\transims60\locationdata\win32\bin\locationdata.tlog\link.read.1.tlog
c:\software\transims60\locationdata\win32\bin\locationdata.tlog\link.write.1.tlog
