c:\software\transims60\plansum\x64\binthreads\vc120.pdb
c:\software\transims60\x64\binthreads\plansum.exe
c:\software\transims60\plansum\x64\binthreads\access_details.obj
c:\software\transims60\plansum\x64\binthreads\control.obj
c:\software\transims60\plansum\x64\binthreads\execute.obj
c:\software\transims60\plansum\x64\binthreads\line_group.obj
c:\software\transims60\plansum\x64\binthreads\line_grp_detail.obj
c:\software\transims60\plansum\x64\binthreads\line_transfers.obj
c:\software\transims60\plansum\x64\binthreads\link_group.obj
c:\software\transims60\plansum\x64\binthreads\mpi_processing.obj
c:\software\transims60\plansum\x64\binthreads\mpi_setup.obj
c:\software\transims60\plansum\x64\binthreads\plansum.obj
c:\software\transims60\plansum\x64\binthreads\plan_processing.obj
c:\software\transims60\plansum\x64\binthreads\read_plans.obj
c:\software\transims60\plansum\x64\binthreads\rider_group.obj
c:\software\transims60\plansum\x64\binthreads\stop_group.obj
c:\software\transims60\plansum\x64\binthreads\stop_grp_detail.obj
c:\software\transims60\plansum\x64\binthreads\stop_report.obj
c:\software\transims60\plansum\x64\binthreads\top_100.obj
c:\software\transims60\plansum\x64\binthreads\transfer_report.obj
c:\software\transims60\plansum\x64\binthreads\transit_report.obj
c:\software\transims60\plansum\x64\binthreads\trip_time.obj
c:\software\transims60\plansum\x64\binthreads\vc_ratio.obj
c:\software\transims60\plansum\x64\binthreads\write_boardings.obj
c:\software\transims60\plansum\x64\binthreads\write_details.obj
c:\software\transims60\plansum\x64\binthreads\write_diurnals.obj
c:\software\transims60\plansum\x64\binthreads\write_groups.obj
c:\software\transims60\plansum\x64\binthreads\write_line_on_off.obj
c:\software\transims60\plansum\x64\binthreads\write_times.obj
c:\software\transims60\plansum\x64\binthreads\write_transfers.obj
c:\software\transims60\plansum\x64\binthreads\write_volumes.obj
c:\software\transims60\plansum\x64\binthreads\plansum.tlog\cl.command.1.tlog
c:\software\transims60\plansum\x64\binthreads\plansum.tlog\cl.read.1.tlog
c:\software\transims60\plansum\x64\binthreads\plansum.tlog\cl.write.1.tlog
c:\software\transims60\plansum\x64\binthreads\plansum.tlog\link.command.1.tlog
c:\software\transims60\plansum\x64\binthreads\plansum.tlog\link.read.1.tlog
c:\software\transims60\plansum\x64\binthreads\plansum.tlog\link.write.1.tlog
