c:\software\transims60\plansum\win32\bin\vc120.pdb
c:\software\transims60\win32\bin\plansum.exe
c:\software\transims60\plansum\win32\bin\access_details.obj
c:\software\transims60\plansum\win32\bin\control.obj
c:\software\transims60\plansum\win32\bin\execute.obj
c:\software\transims60\plansum\win32\bin\line_group.obj
c:\software\transims60\plansum\win32\bin\line_grp_detail.obj
c:\software\transims60\plansum\win32\bin\line_transfers.obj
c:\software\transims60\plansum\win32\bin\link_group.obj
c:\software\transims60\plansum\win32\bin\mpi_processing.obj
c:\software\transims60\plansum\win32\bin\mpi_setup.obj
c:\software\transims60\plansum\win32\bin\plansum.obj
c:\software\transims60\plansum\win32\bin\plan_processing.obj
c:\software\transims60\plansum\win32\bin\read_plans.obj
c:\software\transims60\plansum\win32\bin\rider_group.obj
c:\software\transims60\plansum\win32\bin\stop_group.obj
c:\software\transims60\plansum\win32\bin\stop_grp_detail.obj
c:\software\transims60\plansum\win32\bin\stop_report.obj
c:\software\transims60\plansum\win32\bin\top_100.obj
c:\software\transims60\plansum\win32\bin\transfer_report.obj
c:\software\transims60\plansum\win32\bin\transit_report.obj
c:\software\transims60\plansum\win32\bin\trip_time.obj
c:\software\transims60\plansum\win32\bin\vc_ratio.obj
c:\software\transims60\plansum\win32\bin\write_boardings.obj
c:\software\transims60\plansum\win32\bin\write_details.obj
c:\software\transims60\plansum\win32\bin\write_diurnals.obj
c:\software\transims60\plansum\win32\bin\write_groups.obj
c:\software\transims60\plansum\win32\bin\write_line_on_off.obj
c:\software\transims60\plansum\win32\bin\write_times.obj
c:\software\transims60\plansum\win32\bin\write_transfers.obj
c:\software\transims60\plansum\win32\bin\write_volumes.obj
c:\software\transims60\plansum\win32\bin\plansum.tlog\cl.command.1.tlog
c:\software\transims60\plansum\win32\bin\plansum.tlog\cl.read.1.tlog
c:\software\transims60\plansum\win32\bin\plansum.tlog\cl.write.1.tlog
c:\software\transims60\plansum\win32\bin\plansum.tlog\link.command.1.tlog
c:\software\transims60\plansum\win32\bin\plansum.tlog\link.read.1.tlog
c:\software\transims60\plansum\win32\bin\plansum.tlog\link.write.1.tlog
