c:\software\transims60\griddata\win32\bin\vc120.pdb
c:\software\transims60\win32\bin\griddata.exe
c:\software\transims60\griddata\win32\bin\build_grid.obj
c:\software\transims60\griddata\win32\bin\control.obj
c:\software\transims60\griddata\win32\bin\execute.obj
c:\software\transims60\griddata\win32\bin\griddata.obj
c:\software\transims60\griddata\win32\bin\point_grid.obj
c:\software\transims60\griddata\win32\bin\read_boundary.obj
c:\software\transims60\griddata\win32\bin\read_data.obj
c:\software\transims60\griddata\win32\bin\read_points.obj
c:\software\transims60\griddata\win32\bin\read_polygons.obj
c:\software\transims60\griddata\win32\bin\set_files.obj
c:\software\transims60\griddata\win32\bin\sum_grid.obj
c:\software\transims60\griddata\win32\bin\write_grid.obj
c:\software\transims60\griddata\win32\bin\write_summary.obj
c:\software\transims60\griddata\win32\bin\zone_grids.obj
c:\software\transims60\griddata\win32\bin\griddata.tlog\cl.command.1.tlog
c:\software\transims60\griddata\win32\bin\griddata.tlog\cl.read.1.tlog
c:\software\transims60\griddata\win32\bin\griddata.tlog\cl.write.1.tlog
c:\software\transims60\griddata\win32\bin\griddata.tlog\link.command.1.tlog
c:\software\transims60\griddata\win32\bin\griddata.tlog\link.read.1.tlog
c:\software\transims60\griddata\win32\bin\griddata.tlog\link.write.1.tlog
