c:\software\transims60\matrixdata\win32\bin\vc120.pdb
c:\software\transims60\win32\bin\matrixdata.exe
c:\software\transims60\matrixdata\win32\bin\control.obj
c:\software\transims60\matrixdata\win32\bin\execute.obj
c:\software\transims60\matrixdata\win32\bin\expand_matrix.obj
c:\software\transims60\matrixdata\win32\bin\margin_totals.obj
c:\software\transims60\matrixdata\win32\bin\matrixdata.obj
c:\software\transims60\matrixdata\win32\bin\matrix_ratios.obj
c:\software\transims60\matrixdata\win32\bin\read_data.obj
c:\software\transims60\matrixdata\win32\bin\read_factors.obj
c:\software\transims60\matrixdata\win32\bin\read_matrix.obj
c:\software\transims60\matrixdata\win32\bin\read_square.obj
c:\software\transims60\matrixdata\win32\bin\stats_report.obj
c:\software\transims60\matrixdata\win32\bin\write_ends.obj
c:\software\transims60\matrixdata\win32\bin\write_margin.obj
c:\software\transims60\matrixdata\win32\bin\write_square.obj
c:\software\transims60\matrixdata\win32\bin\write_starts.obj
c:\software\transims60\matrixdata\win32\bin\matrixdata.tlog\cl.command.1.tlog
c:\software\transims60\matrixdata\win32\bin\matrixdata.tlog\cl.read.1.tlog
c:\software\transims60\matrixdata\win32\bin\matrixdata.tlog\cl.write.1.tlog
c:\software\transims60\matrixdata\win32\bin\matrixdata.tlog\link.command.1.tlog
c:\software\transims60\matrixdata\win32\bin\matrixdata.tlog\link.read.1.tlog
c:\software\transims60\matrixdata\win32\bin\matrixdata.tlog\link.write.1.tlog
