c:\software\transims60\arcperf\win32\bin\vc120.pdb
c:\software\transims60\win32\bin\arcperf.exe
c:\software\transims60\win32\bin\arcperf.pdb
c:\software\transims60\arcperf\win32\bin\arcperf.obj
c:\software\transims60\arcperf\win32\bin\control.obj
c:\software\transims60\arcperf\win32\bin\draw_link.obj
c:\software\transims60\arcperf\win32\bin\execute.obj
c:\software\transims60\arcperf\win32\bin\max_performance.obj
c:\software\transims60\arcperf\win32\bin\read_link_data.obj
c:\software\transims60\arcperf\win32\bin\read_link_dir.obj
c:\software\transims60\arcperf\win32\bin\select_links.obj
c:\software\transims60\arcperf\win32\bin\write_image.obj
c:\software\transims60\arcperf\win32\bin\write_intersection.obj
c:\software\transims60\arcperf\win32\bin\write_performance.obj
c:\software\transims60\arcperf\win32\bin\write_turn.obj
c:\software\transims60\arcperf\win32\bin\arcperf.tlog\cl.command.1.tlog
c:\software\transims60\arcperf\win32\bin\arcperf.tlog\cl.read.1.tlog
c:\software\transims60\arcperf\win32\bin\arcperf.tlog\cl.write.1.tlog
c:\software\transims60\arcperf\win32\bin\arcperf.tlog\link.command.1.tlog
c:\software\transims60\arcperf\win32\bin\arcperf.tlog\link.read.1.tlog
c:\software\transims60\arcperf\win32\bin\arcperf.tlog\link.write.1.tlog
