c:\software\transims60\countsum\x64\binthreads\vc120.pdb
c:\software\transims60\x64\binthreads\countsum.exe
c:\software\transims60\countsum\x64\binthreads\combine_data.obj
c:\software\transims60\countsum\x64\binthreads\control.obj
c:\software\transims60\countsum\x64\binthreads\countsum.obj
c:\software\transims60\countsum\x64\binthreads\execute.obj
c:\software\transims60\countsum\x64\binthreads\link_extents.obj
c:\software\transims60\countsum\x64\binthreads\node_list.obj
c:\software\transims60\countsum\x64\binthreads\read_data.obj
c:\software\transims60\countsum\x64\binthreads\read_detectors.obj
c:\software\transims60\countsum\x64\binthreads\read_link_map.obj
c:\software\transims60\countsum\x64\binthreads\read_link_points.obj
c:\software\transims60\countsum\x64\binthreads\read_points.obj
c:\software\transims60\countsum\x64\binthreads\read_signal_map.obj
c:\software\transims60\countsum\x64\binthreads\write_link_map.obj
c:\software\transims60\countsum\x64\binthreads\countsum.tlog\cl.command.1.tlog
c:\software\transims60\countsum\x64\binthreads\countsum.tlog\cl.read.1.tlog
c:\software\transims60\countsum\x64\binthreads\countsum.tlog\cl.write.1.tlog
c:\software\transims60\countsum\x64\binthreads\countsum.tlog\link.command.1.tlog
c:\software\transims60\countsum\x64\binthreads\countsum.tlog\link.read.1.tlog
c:\software\transims60\countsum\x64\binthreads\countsum.tlog\link.write.1.tlog
