c:\software\transims60\modechoice\win32\bin\vc120.pdb
c:\software\transims60\win32\bin\modechoice.exe
c:\software\transims60\win32\bin\modechoice.pdb
c:\software\transims60\modechoice\win32\bin\access_summary.obj
c:\software\transims60\modechoice\win32\bin\adjust_constants.obj
c:\software\transims60\modechoice\win32\bin\choice_data.obj
c:\software\transims60\modechoice\win32\bin\compile_script.obj
c:\software\transims60\modechoice\win32\bin\control.obj
c:\software\transims60\modechoice\win32\bin\execute.obj
c:\software\transims60\modechoice\win32\bin\get_zone_data.obj
c:\software\transims60\modechoice\win32\bin\modechoice.obj
c:\software\transims60\modechoice\win32\bin\mode_splits.obj
c:\software\transims60\modechoice\win32\bin\mode_summary.obj
c:\software\transims60\modechoice\win32\bin\read_constants.obj
c:\software\transims60\modechoice\win32\bin\read_mode_bias.obj
c:\software\transims60\modechoice\win32\bin\read_plans.obj
c:\software\transims60\modechoice\win32\bin\read_plan_skims.obj
c:\software\transims60\modechoice\win32\bin\read_targets.obj
c:\software\transims60\modechoice\win32\bin\segment_map.obj
c:\software\transims60\modechoice\win32\bin\value_summary.obj
c:\software\transims60\modechoice\win32\bin\write_market.obj
c:\software\transims60\modechoice\win32\bin\write_mode_seg.obj
c:\software\transims60\modechoice\win32\bin\write_summary.obj
c:\software\transims60\modechoice\win32\bin\write_zones.obj
c:\software\transims60\modechoice\win32\bin\zone_tables.obj
c:\software\transims60\modechoice\win32\bin\modechoice.tlog\cl.command.1.tlog
c:\software\transims60\modechoice\win32\bin\modechoice.tlog\cl.read.1.tlog
c:\software\transims60\modechoice\win32\bin\modechoice.tlog\cl.write.1.tlog
c:\software\transims60\modechoice\win32\bin\modechoice.tlog\link.command.1.tlog
c:\software\transims60\modechoice\win32\bin\modechoice.tlog\link.read.1.tlog
c:\software\transims60\modechoice\win32\bin\modechoice.tlog\link.write.1.tlog
