c:\software\transims60\router_service\win32\bin\vc120.pdb
c:\software\transims60\router_service\win32\bin\plan_reskim.obj
c:\software\transims60\router_service\win32\bin\plan_reroute.obj
c:\software\transims60\router_service\win32\bin\plan_flow.obj
c:\software\transims60\router_service\win32\bin\plan_extend.obj
c:\software\transims60\router_service\win32\bin\plan_build.obj
c:\software\transims60\router_service\win32\bin\path_builder.obj
c:\software\transims60\router_service\win32\bin\parking_update.obj
c:\software\transims60\router_service\win32\bin\parking_access.obj
c:\software\transims60\router_service\win32\bin\node_plan.obj
c:\software\transims60\router_service\win32\bin\node_path.obj
c:\software\transims60\router_service\win32\bin\magic_move.obj
c:\software\transims60\router_service\win32\bin\location_access.obj
c:\software\transims60\router_service\win32\bin\load_flow.obj
c:\software\transims60\router_service\win32\bin\drive_transit.obj
c:\software\transims60\router_service\win32\bin\drive_plan.obj
c:\software\transims60\router_service\win32\bin\drive_path.obj
c:\software\transims60\router_service\win32\bin\build_path.obj
c:\software\transims60\router_service\win32\bin\best_lane_use.obj
c:\software\transims60\router_service\win32\bin\best_destination.obj
c:\software\transims60\router_service\win32\bin\array_processing.obj
c:\software\transims60\router_service\win32\bin\skim_processor.obj
c:\software\transims60\router_service\win32\bin\set_parameters.obj
c:\software\transims60\router_service\win32\bin\router_service.obj
c:\software\transims60\router_service\win32\bin\plan_processor.obj
c:\software\transims60\router_service\win32\bin\execute.obj
c:\software\transims60\router_service\win32\bin\control.obj
c:\software\transims60\router_service\win32\bin\walk_access.obj
c:\software\transims60\router_service\win32\bin\transit_plan.obj
c:\software\transims60\router_service\win32\bin\transit_path.obj
c:\software\transims60\router_service\win32\bin\transit_parking.obj
c:\software\transims60\router_service\win32\bin\transit_access.obj
c:\software\transims60\router_service\win32\bin\transfer_fare.obj
c:\software\transims60\router_service\win32\bin\trace_path.obj
c:\software\transims60\router_service\win32\bin\stop_board.obj
c:\software\transims60\router_service\win32\bin\stop_alight.obj
c:\software\transims60\router_service\win32\bin\stop_access.obj
c:\software\transims60\router_service\win32\bin\skim_build.obj
c:\software\transims60\router_service\win32\bin\save_skims.obj
c:\software\transims60\router_service\win32\bin\plan_update.obj
c:\software\transims60\router_service\win32\bin\plan_stop.obj
c:\software\transims60\router_service\win32\bin\router_service.lib
c:\software\transims60\router_service\win32\bin\router_service.tlog\cl.command.1.tlog
c:\software\transims60\router_service\win32\bin\router_service.tlog\cl.read.1.tlog
c:\software\transims60\router_service\win32\bin\router_service.tlog\cl.write.1.tlog
c:\software\transims60\router_service\win32\bin\router_service.tlog\lib-link.read.1.tlog
c:\software\transims60\router_service\win32\bin\router_service.tlog\lib-link.write.1.tlog
c:\software\transims60\router_service\win32\bin\router_service.tlog\lib.command.1.tlog
