C:\SOFTWARE\TRANSIMS60\ROUTER\DEBUG\INPUT_TRIPS.OBJ
C:\SOFTWARE\TRANSIMS60\ROUTER\DEBUG\ITERATION_LOOP.OBJ
C:\SOFTWARE\TRANSIMS60\ROUTER\DEBUG\LINK_GAP_REPORT.OBJ
C:\SOFTWARE\TRANSIMS60\ROUTER\DEBUG\MAP_TRIP_PLAN.OBJ
C:\SOFTWARE\TRANSIMS60\ROUTER\DEBUG\MEMORY_LOOP.OBJ
C:\SOFTWARE\TRANSIMS60\ROUTER\DEBUG\MERGE_DELAY.OBJ
C:\SOFTWARE\TRANSIMS60\ROUTER\DEBUG\MINIMIZE_VHT.OBJ
C:\SOFTWARE\TRANSIMS60\ROUTER\DEBUG\MPI_LINK_DELAY.OBJ
C:\SOFTWARE\TRANSIMS60\ROUTER\DEBUG\MPI_PROCESSING.OBJ
C:\SOFTWARE\TRANSIMS60\ROUTER\DEBUG\MPI_SETUP.OBJ
C:\SOFTWARE\TRANSIMS60\ROUTER\DEBUG\PART_PROCESSOR.OBJ
C:\SOFTWARE\TRANSIMS60\ROUTER\DEBUG\PRELOAD_TRANSIT.OBJ
C:\SOFTWARE\TRANSIMS60\ROUTER\DEBUG\READ_TRIPS.OBJ
C:\SOFTWARE\TRANSIMS60\ROUTER\DEBUG\RESKIM_PLANS.OBJ
C:\SOFTWARE\TRANSIMS60\ROUTER\DEBUG\ROUTER.OBJ
C:\SOFTWARE\TRANSIMS60\ROUTER\DEBUG\SAVE_PLANS.OBJ
C:\SOFTWARE\TRANSIMS60\ROUTER\DEBUG\SELECTION.OBJ
C:\SOFTWARE\TRANSIMS60\ROUTER\DEBUG\SET_PARTITIONS.OBJ
C:\SOFTWARE\TRANSIMS60\ROUTER\DEBUG\TRIP_GAP_REPORT.OBJ
C:\SOFTWARE\TRANSIMS60\ROUTER\DEBUG\WRITE_PLAN_FILES.OBJ
C:\SOFTWARE\TRANSIMS60\ROUTER\DEBUG\CONTROL.OBJ
C:\SOFTWARE\TRANSIMS60\ROUTER\DEBUG\COPY_PLANS.OBJ
C:\SOFTWARE\TRANSIMS60\ROUTER\DEBUG\DUE_LOOP.OBJ
C:\SOFTWARE\TRANSIMS60\ROUTER\DEBUG\EXECUTE.OBJ
C:\SOFTWARE\TRANSIMS60\ROUTER\DEBUG\GET_LINK_GAP.OBJ
C:\SOFTWARE\TRANSIMS60\ROUTER\DEBUG\GET_TRIP_DATA.OBJ
C:\SOFTWARE\TRANSIMS60\ROUTER\DEBUG\GET_TRIP_GAP.OBJ
C:\SOFTWARE\TRANSIMS60\ROUTER\DEBUG\VC110.PDB
C:\SOFTWARE\TRANSIMS60\DEBUG\ROUTER.ILK
C:\SOFTWARE\TRANSIMS60\DEBUG\ROUTER.EXE
C:\SOFTWARE\TRANSIMS60\DEBUG\ROUTER.PDB
C:\Software\Transims60\Router\Debug\Router.vcxprojResolveAssemblyReference.cache
C:\Software\Transims60\Router\Debug\Control.obj
C:\Software\Transims60\Router\Debug\Copy_Plans.obj
C:\Software\Transims60\Router\Debug\DUE_Loop.obj
C:\Software\Transims60\Router\Debug\Execute.obj
C:\Software\Transims60\Router\Debug\Get_Link_Gap.obj
C:\Software\Transims60\Router\Debug\Get_Trip_Data.obj
C:\Software\Transims60\Router\Debug\Get_Trip_Gap.obj
C:\Software\Transims60\Router\Debug\Input_Trips.obj
C:\Software\Transims60\Router\Debug\Iteration_Loop.obj
C:\Software\Transims60\Router\Debug\Link_Gap_Report.obj
C:\Software\Transims60\Router\Debug\Map_Trip_Plan.obj
C:\Software\Transims60\Router\Debug\Memory_Loop.obj
C:\Software\Transims60\Router\Debug\Merge_Delay.obj
C:\Software\Transims60\Router\Debug\Minimize_VHT.obj
C:\Software\Transims60\Router\Debug\MPI_Link_Delay.obj
C:\Software\Transims60\Router\Debug\MPI_Processing.obj
C:\Software\Transims60\Router\Debug\MPI_Setup.obj
C:\Software\Transims60\Router\Debug\Part_Processor.obj
C:\Software\Transims60\Router\Debug\Preload_Transit.obj
C:\Software\Transims60\Router\Debug\Read_Trips.obj
C:\Software\Transims60\Router\Debug\Reskim_Plans.obj
C:\Software\Transims60\Router\Debug\Router.obj
C:\Software\Transims60\Router\Debug\Save_Plans.obj
C:\Software\Transims60\Router\Debug\Selection.obj
C:\Software\Transims60\Router\Debug\Set_Partitions.obj
C:\Software\Transims60\Router\Debug\Trip_Gap_Report.obj
C:\Software\Transims60\Router\Debug\Write_Plan_Files.obj
C:\Software\Transims60\Router\Debug\cl.command.1.tlog
C:\Software\Transims60\Router\Debug\CL.read.1.tlog
C:\Software\Transims60\Router\Debug\CL.write.1.tlog
C:\Software\Transims60\Router\Debug\link-cvtres.read.1.tlog
C:\Software\Transims60\Router\Debug\link-cvtres.write.1.tlog
C:\Software\Transims60\Router\Debug\link-rc.read.1.tlog
C:\Software\Transims60\Router\Debug\link-rc.write.1.tlog
C:\Software\Transims60\Router\Debug\link.command.1.tlog
C:\Software\Transims60\Router\Debug\link.read.1.tlog
C:\Software\Transims60\Router\Debug\link.write.1.tlog
C:\Software\Transims60\Router\Debug\vc110.idb
C:\Software\Transims60\Router\Debug\vc110.pdb
C:\Software\Transims60\Debug\Router.pdb
C:\Software\Transims60\Debug\Router.exe
C:\Software\Transims60\Debug\Router.ilk
