c:\software\transims60\simulator_service\x64\binthreads\vc120.pdb
c:\software\transims60\simulator_service\x64\binthreads\simulator_service.lib
c:\software\transims60\simulator_service\x64\binthreads\best_lanes.obj
c:\software\transims60\simulator_service\x64\binthreads\cell_use.obj
c:\software\transims60\simulator_service\x64\binthreads\check_behind.obj
c:\software\transims60\simulator_service\x64\binthreads\check_cell.obj
c:\software\transims60\simulator_service\x64\binthreads\check_detector.obj
c:\software\transims60\simulator_service\x64\binthreads\control.obj
c:\software\transims60\simulator_service\x64\binthreads\event_output.obj
c:\software\transims60\simulator_service\x64\binthreads\execute.obj
c:\software\transims60\simulator_service\x64\binthreads\first_plan.obj
c:\software\transims60\simulator_service\x64\binthreads\gap_check.obj
c:\software\transims60\simulator_service\x64\binthreads\global_data.obj
c:\software\transims60\simulator_service\x64\binthreads\lane_change.obj
c:\software\transims60\simulator_service\x64\binthreads\link_processing.obj
c:\software\transims60\simulator_service\x64\binthreads\load_vehicle.obj
c:\software\transims60\simulator_service\x64\binthreads\look_ahead.obj
c:\software\transims60\simulator_service\x64\binthreads\move_vehicle.obj
c:\software\transims60\simulator_service\x64\binthreads\node_processing.obj
c:\software\transims60\simulator_service\x64\binthreads\occupancy_output.obj
c:\software\transims60\simulator_service\x64\binthreads\output_step.obj
c:\software\transims60\simulator_service\x64\binthreads\performance_output.obj
c:\software\transims60\simulator_service\x64\binthreads\plan_processing.obj
c:\software\transims60\simulator_service\x64\binthreads\problem_output.obj
c:\software\transims60\simulator_service\x64\binthreads\read_plans.obj
c:\software\transims60\simulator_service\x64\binthreads\remove_vehicle.obj
c:\software\transims60\simulator_service\x64\binthreads\ridership_output.obj
c:\software\transims60\simulator_service\x64\binthreads\set_sim_period.obj
c:\software\transims60\simulator_service\x64\binthreads\set_veh_locations.obj
c:\software\transims60\simulator_service\x64\binthreads\signal_timing.obj
c:\software\transims60\simulator_service\x64\binthreads\simulator_service.obj
c:\software\transims60\simulator_service\x64\binthreads\sim_control_update.obj
c:\software\transims60\simulator_service\x64\binthreads\sim_dir_data.obj
c:\software\transims60\simulator_service\x64\binthreads\sim_network_update.obj
c:\software\transims60\simulator_service\x64\binthreads\sim_node_process.obj
c:\software\transims60\simulator_service\x64\binthreads\sim_node_step.obj
c:\software\transims60\simulator_service\x64\binthreads\sim_output_step.obj
c:\software\transims60\simulator_service\x64\binthreads\sim_parameters.obj
c:\software\transims60\simulator_service\x64\binthreads\sim_plan_data.obj
c:\software\transims60\simulator_service\x64\binthreads\sim_plan_process.obj
c:\software\transims60\simulator_service\x64\binthreads\sim_plan_result.obj
c:\software\transims60\simulator_service\x64\binthreads\sim_plan_step.obj
c:\software\transims60\simulator_service\x64\binthreads\sim_statistics.obj
c:\software\transims60\simulator_service\x64\binthreads\sim_transit_update.obj
c:\software\transims60\simulator_service\x64\binthreads\sim_travel_data.obj
c:\software\transims60\simulator_service\x64\binthreads\sim_travel_process.obj
c:\software\transims60\simulator_service\x64\binthreads\sim_travel_step.obj
c:\software\transims60\simulator_service\x64\binthreads\sim_update_step.obj
c:\software\transims60\simulator_service\x64\binthreads\snapshot_output.obj
c:\software\transims60\simulator_service\x64\binthreads\sum_path.obj
c:\software\transims60\simulator_service\x64\binthreads\traffic_control.obj
c:\software\transims60\simulator_service\x64\binthreads\transit_plans.obj
c:\software\transims60\simulator_service\x64\binthreads\transit_vehicles.obj
c:\software\transims60\simulator_service\x64\binthreads\traveler_output.obj
c:\software\transims60\simulator_service\x64\binthreads\travel_processing.obj
c:\software\transims60\simulator_service\x64\binthreads\turn_delay_output.obj
c:\software\transims60\simulator_service\x64\binthreads\simulato.f651375e.tlog\cl.command.1.tlog
c:\software\transims60\simulator_service\x64\binthreads\simulato.f651375e.tlog\cl.read.1.tlog
c:\software\transims60\simulator_service\x64\binthreads\simulato.f651375e.tlog\cl.write.1.tlog
c:\software\transims60\simulator_service\x64\binthreads\simulato.f651375e.tlog\lib-link.read.1.tlog
c:\software\transims60\simulator_service\x64\binthreads\simulato.f651375e.tlog\lib-link.write.1.tlog
c:\software\transims60\simulator_service\x64\binthreads\simulato.f651375e.tlog\lib.command.1.tlog
