c:\software\transims60\file_data_service\x64\bin\vc120.pdb
c:\software\transims60\file_data_service\x64\bin\file_data_service.lib
c:\software\transims60\file_data_service\x64\bin\access_file.obj
c:\software\transims60\file_data_service\x64\bin\activity_file.obj
c:\software\transims60\file_data_service\x64\bin\approach_link_file.obj
c:\software\transims60\file_data_service\x64\bin\attribute_data.obj
c:\software\transims60\file_data_service\x64\bin\connect_file.obj
c:\software\transims60\file_data_service\x64\bin\data_service.obj
c:\software\transims60\file_data_service\x64\bin\data_shapes.obj
c:\software\transims60\file_data_service\x64\bin\detector_file.obj
c:\software\transims60\file_data_service\x64\bin\diurnal_file.obj
c:\software\transims60\file_data_service\x64\bin\draw_service.obj
c:\software\transims60\file_data_service\x64\bin\driver_file.obj
c:\software\transims60\file_data_service\x64\bin\event_data.obj
c:\software\transims60\file_data_service\x64\bin\event_file.obj
c:\software\transims60\file_data_service\x64\bin\factor_file.obj
c:\software\transims60\file_data_service\x64\bin\fare_file.obj
c:\software\transims60\file_data_service\x64\bin\file_service.obj
c:\software\transims60\file_data_service\x64\bin\flow_time_service.obj
c:\software\transims60\file_data_service\x64\bin\household_file.obj
c:\software\transims60\file_data_service\x64\bin\lane_use_file.obj
c:\software\transims60\file_data_service\x64\bin\line_data.obj
c:\software\transims60\file_data_service\x64\bin\line_file.obj
c:\software\transims60\file_data_service\x64\bin\link_data_file.obj
c:\software\transims60\file_data_service\x64\bin\link_dir_file.obj
c:\software\transims60\file_data_service\x64\bin\link_file.obj
c:\software\transims60\file_data_service\x64\bin\link_use_file.obj
c:\software\transims60\file_data_service\x64\bin\location_file.obj
c:\software\transims60\file_data_service\x64\bin\matrix_file.obj
c:\software\transims60\file_data_service\x64\bin\node_file.obj
c:\software\transims60\file_data_service\x64\bin\occupancy_file.obj
c:\software\transims60\file_data_service\x64\bin\old_delay_file.obj
c:\software\transims60\file_data_service\x64\bin\old_plan_file.obj
c:\software\transims60\file_data_service\x64\bin\parking_file.obj
c:\software\transims60\file_data_service\x64\bin\park_demand_data.obj
c:\software\transims60\file_data_service\x64\bin\park_demand_file.obj
c:\software\transims60\file_data_service\x64\bin\performance_data.obj
c:\software\transims60\file_data_service\x64\bin\performance_file.obj
c:\software\transims60\file_data_service\x64\bin\person_file.obj
c:\software\transims60\file_data_service\x64\bin\phasing_file.obj
c:\software\transims60\file_data_service\x64\bin\plan_data.obj
c:\software\transims60\file_data_service\x64\bin\plan_file.obj
c:\software\transims60\file_data_service\x64\bin\plan_skim_data.obj
c:\software\transims60\file_data_service\x64\bin\plan_skim_file.obj
c:\software\transims60\file_data_service\x64\bin\pocket_file.obj
c:\software\transims60\file_data_service\x64\bin\problem_file.obj
c:\software\transims60\file_data_service\x64\bin\read_access_links.obj
c:\software\transims60\file_data_service\x64\bin\read_connections.obj
c:\software\transims60\file_data_service\x64\bin\read_detectors.obj
c:\software\transims60\file_data_service\x64\bin\read_drivers.obj
c:\software\transims60\file_data_service\x64\bin\read_events.obj
c:\software\transims60\file_data_service\x64\bin\read_fares.obj
c:\software\transims60\file_data_service\x64\bin\read_households.obj
c:\software\transims60\file_data_service\x64\bin\read_lane_uses.obj
c:\software\transims60\file_data_service\x64\bin\read_lines.obj
c:\software\transims60\file_data_service\x64\bin\read_links.obj
c:\software\transims60\file_data_service\x64\bin\read_link_data.obj
c:\software\transims60\file_data_service\x64\bin\read_link_dir.obj
c:\software\transims60\file_data_service\x64\bin\read_locations.obj
c:\software\transims60\file_data_service\x64\bin\read_nodes.obj
c:\software\transims60\file_data_service\x64\bin\read_parking_lots.obj
c:\software\transims60\file_data_service\x64\bin\read_park_demand.obj
c:\software\transims60\file_data_service\x64\bin\read_performance.obj
c:\software\transims60\file_data_service\x64\bin\read_phasing_plans.obj
c:\software\transims60\file_data_service\x64\bin\read_plans.obj
c:\software\transims60\file_data_service\x64\bin\read_plan_skims.obj
c:\software\transims60\file_data_service\x64\bin\read_pockets.obj
c:\software\transims60\file_data_service\x64\bin\read_problems.obj
c:\software\transims60\file_data_service\x64\bin\read_ridership.obj
c:\software\transims60\file_data_service\x64\bin\read_route_nodes.obj
c:\software\transims60\file_data_service\x64\bin\read_schedules.obj
c:\software\transims60\file_data_service\x64\bin\read_selections.obj
c:\software\transims60\file_data_service\x64\bin\read_shapes.obj
c:\software\transims60\file_data_service\x64\bin\read_signals.obj
c:\software\transims60\file_data_service\x64\bin\read_signs.obj
c:\software\transims60\file_data_service\x64\bin\read_skims.obj
c:\software\transims60\file_data_service\x64\bin\read_stops.obj
c:\software\transims60\file_data_service\x64\bin\read_timing_plans.obj
c:\software\transims60\file_data_service\x64\bin\read_travelers.obj
c:\software\transims60\file_data_service\x64\bin\read_trips.obj
c:\software\transims60\file_data_service\x64\bin\read_turn_delays.obj
c:\software\transims60\file_data_service\x64\bin\read_turn_pens.obj
c:\software\transims60\file_data_service\x64\bin\read_veh_types.obj
c:\software\transims60\file_data_service\x64\bin\read_zones.obj
c:\software\transims60\file_data_service\x64\bin\ridership_file.obj
c:\software\transims60\file_data_service\x64\bin\route_nodes_file.obj
c:\software\transims60\file_data_service\x64\bin\schedule_file.obj
c:\software\transims60\file_data_service\x64\bin\selection_data.obj
c:\software\transims60\file_data_service\x64\bin\selection_file.obj
c:\software\transims60\file_data_service\x64\bin\select_service.obj
c:\software\transims60\file_data_service\x64\bin\shape_file.obj
c:\software\transims60\file_data_service\x64\bin\signal_file.obj
c:\software\transims60\file_data_service\x64\bin\sign_file.obj
c:\software\transims60\file_data_service\x64\bin\skim_data.obj
c:\software\transims60\file_data_service\x64\bin\skim_file.obj
c:\software\transims60\file_data_service\x64\bin\snapshot_file.obj
c:\software\transims60\file_data_service\x64\bin\stop_file.obj
c:\software\transims60\file_data_service\x64\bin\subzone_file.obj
c:\software\transims60\file_data_service\x64\bin\time_index.obj
c:\software\transims60\file_data_service\x64\bin\time_sum_file.obj
c:\software\transims60\file_data_service\x64\bin\timing_file.obj
c:\software\transims60\file_data_service\x64\bin\toll_file.obj
c:\software\transims60\file_data_service\x64\bin\tour_sort.obj
c:\software\transims60\file_data_service\x64\bin\transfer_data.obj
c:\software\transims60\file_data_service\x64\bin\traveler_data.obj
c:\software\transims60\file_data_service\x64\bin\traveler_file.obj
c:\software\transims60\file_data_service\x64\bin\travel_time_file.obj
c:\software\transims60\file_data_service\x64\bin\trip_data.obj
c:\software\transims60\file_data_service\x64\bin\trip_file.obj
c:\software\transims60\file_data_service\x64\bin\trip_index.obj
c:\software\transims60\file_data_service\x64\bin\turn_delay_data.obj
c:\software\transims60\file_data_service\x64\bin\turn_delay_file.obj
c:\software\transims60\file_data_service\x64\bin\turn_pen_file.obj
c:\software\transims60\file_data_service\x64\bin\vehicle_file.obj
c:\software\transims60\file_data_service\x64\bin\veh_type_file.obj
c:\software\transims60\file_data_service\x64\bin\volume_array.obj
c:\software\transims60\file_data_service\x64\bin\write_access_links.obj
c:\software\transims60\file_data_service\x64\bin\write_connections.obj
c:\software\transims60\file_data_service\x64\bin\write_detectors.obj
c:\software\transims60\file_data_service\x64\bin\write_drivers.obj
c:\software\transims60\file_data_service\x64\bin\write_events.obj
c:\software\transims60\file_data_service\x64\bin\write_fares.obj
c:\software\transims60\file_data_service\x64\bin\write_households.obj
c:\software\transims60\file_data_service\x64\bin\write_lane_uses.obj
c:\software\transims60\file_data_service\x64\bin\write_lines.obj
c:\software\transims60\file_data_service\x64\bin\write_links.obj
c:\software\transims60\file_data_service\x64\bin\write_link_data.obj
c:\software\transims60\file_data_service\x64\bin\write_locations.obj
c:\software\transims60\file_data_service\x64\bin\write_nodes.obj
c:\software\transims60\file_data_service\x64\bin\write_parking_lots.obj
c:\software\transims60\file_data_service\x64\bin\write_park_demand.obj
c:\software\transims60\file_data_service\x64\bin\write_performance.obj
c:\software\transims60\file_data_service\x64\bin\write_phasing_plans.obj
c:\software\transims60\file_data_service\x64\bin\write_plans.obj
c:\software\transims60\file_data_service\x64\bin\write_plan_skims.obj
c:\software\transims60\file_data_service\x64\bin\write_pockets.obj
c:\software\transims60\file_data_service\x64\bin\write_problems.obj
c:\software\transims60\file_data_service\x64\bin\write_ridership.obj
c:\software\transims60\file_data_service\x64\bin\write_route_nodes.obj
c:\software\transims60\file_data_service\x64\bin\write_schedules.obj
c:\software\transims60\file_data_service\x64\bin\write_selections.obj
c:\software\transims60\file_data_service\x64\bin\write_shapes.obj
c:\software\transims60\file_data_service\x64\bin\write_signals.obj
c:\software\transims60\file_data_service\x64\bin\write_signs.obj
c:\software\transims60\file_data_service\x64\bin\write_skims.obj
c:\software\transims60\file_data_service\x64\bin\write_stops.obj
c:\software\transims60\file_data_service\x64\bin\write_timing_plans.obj
c:\software\transims60\file_data_service\x64\bin\write_travelers.obj
c:\software\transims60\file_data_service\x64\bin\write_trips.obj
c:\software\transims60\file_data_service\x64\bin\write_turn_delays.obj
c:\software\transims60\file_data_service\x64\bin\write_turn_pens.obj
c:\software\transims60\file_data_service\x64\bin\write_veh_types.obj
c:\software\transims60\file_data_service\x64\bin\write_zones.obj
c:\software\transims60\file_data_service\x64\bin\zone_file.obj
c:\software\transims60\file_data_service\x64\bin\zone_location.obj
c:\software\transims60\file_data_service\x64\bin\file_dat.34c8daaa.tlog\cl.command.1.tlog
c:\software\transims60\file_data_service\x64\bin\file_dat.34c8daaa.tlog\cl.read.1.tlog
c:\software\transims60\file_data_service\x64\bin\file_dat.34c8daaa.tlog\cl.write.1.tlog
c:\software\transims60\file_data_service\x64\bin\file_dat.34c8daaa.tlog\lib-link.read.1.tlog
c:\software\transims60\file_data_service\x64\bin\file_dat.34c8daaa.tlog\lib-link.write.1.tlog
c:\software\transims60\file_data_service\x64\bin\file_dat.34c8daaa.tlog\lib.command.1.tlog
