c:\software\transims60\perfprep\x64\binthreads\vc120.pdb
c:\software\transims60\x64\binthreads\perfprep.exe
c:\software\transims60\perfprep\x64\binthreads\check_performance.obj
c:\software\transims60\perfprep\x64\binthreads\control.obj
c:\software\transims60\perfprep\x64\binthreads\deleted_report.obj
c:\software\transims60\perfprep\x64\binthreads\execute.obj
c:\software\transims60\perfprep\x64\binthreads\get_performance_data.obj
c:\software\transims60\perfprep\x64\binthreads\load_transit_data.obj
c:\software\transims60\perfprep\x64\binthreads\merge_performance.obj
c:\software\transims60\perfprep\x64\binthreads\merge_turn_delays.obj
c:\software\transims60\perfprep\x64\binthreads\perfprep.obj
c:\software\transims60\perfprep\x64\binthreads\read_constraints.obj
c:\software\transims60\perfprep\x64\binthreads\set_min_time.obj
c:\software\transims60\perfprep\x64\binthreads\smooth_performance.obj
c:\software\transims60\perfprep\x64\binthreads\smooth_turn_delays.obj
c:\software\transims60\perfprep\x64\binthreads\write_time_ratios.obj
c:\software\transims60\perfprep\x64\binthreads\perfprep.tlog\cl.command.1.tlog
c:\software\transims60\perfprep\x64\binthreads\perfprep.tlog\cl.read.1.tlog
c:\software\transims60\perfprep\x64\binthreads\perfprep.tlog\cl.write.1.tlog
c:\software\transims60\perfprep\x64\binthreads\perfprep.tlog\link.command.1.tlog
c:\software\transims60\perfprep\x64\binthreads\perfprep.tlog\link.read.1.tlog
c:\software\transims60\perfprep\x64\binthreads\perfprep.tlog\link.write.1.tlog
