c:\software\transims60\vissimnet\win32\bin\vc120.pdb
c:\software\transims60\win32\bin\vissimnet.exe
c:\software\transims60\win32\bin\vissimnet.pdb
c:\software\transims60\vissimnet\win32\bin\connections.obj
c:\software\transims60\vissimnet\win32\bin\control.obj
c:\software\transims60\vissimnet\win32\bin\detector_fields.obj
c:\software\transims60\vissimnet\win32\bin\execute.obj
c:\software\transims60\vissimnet\win32\bin\link_behavior.obj
c:\software\transims60\vissimnet\win32\bin\link_fields.obj
c:\software\transims60\vissimnet\win32\bin\link_spd_fields.obj
c:\software\transims60\vissimnet\win32\bin\node_fields.obj
c:\software\transims60\vissimnet\win32\bin\parking_fields.obj
c:\software\transims60\vissimnet\win32\bin\process_links.obj
c:\software\transims60\vissimnet\win32\bin\put_location_data.obj
c:\software\transims60\vissimnet\win32\bin\read_vissim.obj
c:\software\transims60\vissimnet\win32\bin\sign_fields.obj
c:\software\transims60\vissimnet\win32\bin\speed_fields.obj
c:\software\transims60\vissimnet\win32\bin\veh_type_fields.obj
c:\software\transims60\vissimnet\win32\bin\vissimnet.obj
c:\software\transims60\vissimnet\win32\bin\write_vissim.obj
c:\software\transims60\vissimnet\win32\bin\vissimnet.tlog\cl.command.1.tlog
c:\software\transims60\vissimnet\win32\bin\vissimnet.tlog\cl.read.1.tlog
c:\software\transims60\vissimnet\win32\bin\vissimnet.tlog\cl.write.1.tlog
c:\software\transims60\vissimnet\win32\bin\vissimnet.tlog\link.command.1.tlog
c:\software\transims60\vissimnet\win32\bin\vissimnet.tlog\link.read.1.tlog
c:\software\transims60\vissimnet\win32\bin\vissimnet.tlog\link.write.1.tlog
