c:\software\transims60\ridersum\win32\bin\vc120.pdb
c:\software\transims60\win32\bin\ridersum.exe
c:\software\transims60\ridersum\win32\bin\control.obj
c:\software\transims60\ridersum\win32\bin\execute.obj
c:\software\transims60\ridersum\win32\bin\group_rider_report.obj
c:\software\transims60\ridersum\win32\bin\line_group_report.obj
c:\software\transims60\ridersum\win32\bin\line_rider_report.obj
c:\software\transims60\ridersum\win32\bin\line_sum_report.obj
c:\software\transims60\ridersum\win32\bin\link_selection.obj
c:\software\transims60\ridersum\win32\bin\ridersum.obj
c:\software\transims60\ridersum\win32\bin\run_selection.obj
c:\software\transims60\ridersum\win32\bin\setup_riders.obj
c:\software\transims60\ridersum\win32\bin\stop_group_report.obj
c:\software\transims60\ridersum\win32\bin\stop_route_report.obj
c:\software\transims60\ridersum\win32\bin\stop_run_report.obj
c:\software\transims60\ridersum\win32\bin\stop_sum_report.obj
c:\software\transims60\ridersum\win32\bin\sum_riders.obj
c:\software\transims60\ridersum\win32\bin\write_group_rider.obj
c:\software\transims60\ridersum\win32\bin\write_line_rider.obj
c:\software\transims60\ridersum\win32\bin\write_link_loads.obj
c:\software\transims60\ridersum\win32\bin\write_load_summary.obj
c:\software\transims60\ridersum\win32\bin\write_stop_details.obj
c:\software\transims60\ridersum\win32\bin\write_stop_group.obj
c:\software\transims60\ridersum\win32\bin\write_stop_lines.obj
c:\software\transims60\ridersum\win32\bin\write_stop_profile.obj
c:\software\transims60\ridersum\win32\bin\write_stop_route.obj
c:\software\transims60\ridersum\win32\bin\write_stop_vehtypes.obj
c:\software\transims60\ridersum\win32\bin\ridersum.tlog\cl.command.1.tlog
c:\software\transims60\ridersum\win32\bin\ridersum.tlog\cl.read.1.tlog
c:\software\transims60\ridersum\win32\bin\ridersum.tlog\cl.write.1.tlog
c:\software\transims60\ridersum\win32\bin\ridersum.tlog\link.command.1.tlog
c:\software\transims60\ridersum\win32\bin\ridersum.tlog\link.read.1.tlog
c:\software\transims60\ridersum\win32\bin\ridersum.tlog\link.write.1.tlog
