c:\software\transims60\linksum\x64\binthreads\vc120.pdb
c:\software\transims60\x64\binthreads\linksum.exe
c:\software\transims60\linksum\x64\binthreads\compare_links.obj
c:\software\transims60\linksum\x64\binthreads\control.obj
c:\software\transims60\linksum\x64\binthreads\custom_summaries.obj
c:\software\transims60\linksum\x64\binthreads\execute.obj
c:\software\transims60\linksum\x64\binthreads\gap_report.obj
c:\software\transims60\linksum\x64\binthreads\get_location_data.obj
c:\software\transims60\linksum\x64\binthreads\get_performance_data.obj
c:\software\transims60\linksum\x64\binthreads\group_report.obj
c:\software\transims60\linksum\x64\binthreads\group_summary.obj
c:\software\transims60\linksum\x64\binthreads\group_sum_file.obj
c:\software\transims60\linksum\x64\binthreads\group_time.obj
c:\software\transims60\linksum\x64\binthreads\linksum.obj
c:\software\transims60\linksum\x64\binthreads\link_group.obj
c:\software\transims60\linksum\x64\binthreads\link_report.obj
c:\software\transims60\linksum\x64\binthreads\perf_report.obj
c:\software\transims60\linksum\x64\binthreads\perf_summary.obj
c:\software\transims60\linksum\x64\binthreads\select_links.obj
c:\software\transims60\linksum\x64\binthreads\set_link_data.obj
c:\software\transims60\linksum\x64\binthreads\set_link_dir.obj
c:\software\transims60\linksum\x64\binthreads\summary_file.obj
c:\software\transims60\linksum\x64\binthreads\time_change.obj
c:\software\transims60\linksum\x64\binthreads\time_report.obj
c:\software\transims60\linksum\x64\binthreads\top_100.obj
c:\software\transims60\linksum\x64\binthreads\top_ratios.obj
c:\software\transims60\linksum\x64\binthreads\vc_report.obj
c:\software\transims60\linksum\x64\binthreads\vol_change.obj
c:\software\transims60\linksum\x64\binthreads\write_activity.obj
c:\software\transims60\linksum\x64\binthreads\write_group.obj
c:\software\transims60\linksum\x64\binthreads\write_link_data.obj
c:\software\transims60\linksum\x64\binthreads\write_link_dir.obj
c:\software\transims60\linksum\x64\binthreads\write_turn_data.obj
c:\software\transims60\linksum\x64\binthreads\write_zone.obj
c:\software\transims60\linksum\x64\binthreads\zone_summary.obj
c:\software\transims60\linksum\x64\binthreads\linksum.tlog\cl.command.1.tlog
c:\software\transims60\linksum\x64\binthreads\linksum.tlog\cl.read.1.tlog
c:\software\transims60\linksum\x64\binthreads\linksum.tlog\cl.write.1.tlog
c:\software\transims60\linksum\x64\binthreads\linksum.tlog\link.command.1.tlog
c:\software\transims60\linksum\x64\binthreads\linksum.tlog\link.read.1.tlog
c:\software\transims60\linksum\x64\binthreads\linksum.tlog\link.write.1.tlog
