c:\software\transims60\simulator_service\win32\bin\vc120.pdb
c:\software\transims60\simulator_service\win32\bin\event_output.obj
c:\software\transims60\simulator_service\win32\bin\sum_path.obj
c:\software\transims60\simulator_service\win32\bin\sim_node_step.obj
c:\software\transims60\simulator_service\win32\bin\sim_node_process.obj
c:\software\transims60\simulator_service\win32\bin\node_processing.obj
c:\software\transims60\simulator_service\win32\bin\move_vehicle.obj
c:\software\transims60\simulator_service\win32\bin\look_ahead.obj
c:\software\transims60\simulator_service\win32\bin\load_vehicle.obj
c:\software\transims60\simulator_service\win32\bin\link_processing.obj
c:\software\transims60\simulator_service\win32\bin\lane_change.obj
c:\software\transims60\simulator_service\win32\bin\gap_check.obj
c:\software\transims60\simulator_service\win32\bin\check_cell.obj
c:\software\transims60\simulator_service\win32\bin\check_behind.obj
c:\software\transims60\simulator_service\win32\bin\cell_use.obj
c:\software\transims60\simulator_service\win32\bin\sim_parameters.obj
c:\software\transims60\simulator_service\win32\bin\sim_dir_data.obj
c:\software\transims60\simulator_service\win32\bin\set_veh_locations.obj
c:\software\transims60\simulator_service\win32\bin\set_sim_period.obj
c:\software\transims60\simulator_service\win32\bin\remove_vehicle.obj
c:\software\transims60\simulator_service\win32\bin\output_step.obj
c:\software\transims60\simulator_service\win32\bin\transit_vehicles.obj
c:\software\transims60\simulator_service\win32\bin\transit_plans.obj
c:\software\transims60\simulator_service\win32\bin\simulator_service.obj
c:\software\transims60\simulator_service\win32\bin\sim_statistics.obj
c:\software\transims60\simulator_service\win32\bin\global_data.obj
c:\software\transims60\simulator_service\win32\bin\execute.obj
c:\software\transims60\simulator_service\win32\bin\control.obj
c:\software\transims60\simulator_service\win32\bin\travel_processing.obj
c:\software\transims60\simulator_service\win32\bin\sim_travel_step.obj
c:\software\transims60\simulator_service\win32\bin\sim_travel_process.obj
c:\software\transims60\simulator_service\win32\bin\sim_travel_data.obj
c:\software\transims60\simulator_service\win32\bin\sim_plan_data.obj
c:\software\transims60\simulator_service\win32\bin\turn_delay_output.obj
c:\software\transims60\simulator_service\win32\bin\traveler_output.obj
c:\software\transims60\simulator_service\win32\bin\snapshot_output.obj
c:\software\transims60\simulator_service\win32\bin\sim_output_step.obj
c:\software\transims60\simulator_service\win32\bin\ridership_output.obj
c:\software\transims60\simulator_service\win32\bin\problem_output.obj
c:\software\transims60\simulator_service\win32\bin\performance_output.obj
c:\software\transims60\simulator_service\win32\bin\occupancy_output.obj
c:\software\transims60\simulator_service\win32\bin\traffic_control.obj
c:\software\transims60\simulator_service\win32\bin\sim_update_step.obj
c:\software\transims60\simulator_service\win32\bin\sim_transit_update.obj
c:\software\transims60\simulator_service\win32\bin\sim_network_update.obj
c:\software\transims60\simulator_service\win32\bin\sim_control_update.obj
c:\software\transims60\simulator_service\win32\bin\signal_timing.obj
c:\software\transims60\simulator_service\win32\bin\check_detector.obj
c:\software\transims60\simulator_service\win32\bin\sim_plan_step.obj
c:\software\transims60\simulator_service\win32\bin\sim_plan_result.obj
c:\software\transims60\simulator_service\win32\bin\sim_plan_process.obj
c:\software\transims60\simulator_service\win32\bin\read_plans.obj
c:\software\transims60\simulator_service\win32\bin\plan_processing.obj
c:\software\transims60\simulator_service\win32\bin\first_plan.obj
c:\software\transims60\simulator_service\win32\bin\best_lanes.obj
c:\software\transims60\simulator_service\win32\bin\simulator_service.lib
c:\software\transims60\simulator_service\win32\bin\simulato.f651375e.tlog\cl.command.1.tlog
c:\software\transims60\simulator_service\win32\bin\simulato.f651375e.tlog\cl.read.1.tlog
c:\software\transims60\simulator_service\win32\bin\simulato.f651375e.tlog\cl.write.1.tlog
c:\software\transims60\simulator_service\win32\bin\simulato.f651375e.tlog\lib-link.read.1.tlog
c:\software\transims60\simulator_service\win32\bin\simulato.f651375e.tlog\lib-link.write.1.tlog
c:\software\transims60\simulator_service\win32\bin\simulato.f651375e.tlog\lib.command.1.tlog
