c:\software\transims60\tripprep\win32\bin\vc120.pdb
c:\software\transims60\win32\bin\tripprep.exe
c:\software\transims60\tripprep\win32\bin\check_trips.obj
c:\software\transims60\tripprep\win32\bin\combine_trips.obj
c:\software\transims60\tripprep\win32\bin\control.obj
c:\software\transims60\tripprep\win32\bin\execute.obj
c:\software\transims60\tripprep\win32\bin\mpi_processing.obj
c:\software\transims60\tripprep\win32\bin\mpi_setup.obj
c:\software\transims60\tripprep\win32\bin\read_factors.obj
c:\software\transims60\tripprep\win32\bin\read_trips.obj
c:\software\transims60\tripprep\win32\bin\sort_tours.obj
c:\software\transims60\tripprep\win32\bin\temp_time_write.obj
c:\software\transims60\tripprep\win32\bin\temp_trip_write.obj
c:\software\transims60\tripprep\win32\bin\time_combine.obj
c:\software\transims60\tripprep\win32\bin\time_write.obj
c:\software\transims60\tripprep\win32\bin\tripprep.obj
c:\software\transims60\tripprep\win32\bin\trip_combine.obj
c:\software\transims60\tripprep\win32\bin\trip_processing.obj
c:\software\transims60\tripprep\win32\bin\trip_write.obj
c:\software\transims60\tripprep\win32\bin\write_temp.obj
c:\software\transims60\tripprep\win32\bin\tripprep.tlog\cl.command.1.tlog
c:\software\transims60\tripprep\win32\bin\tripprep.tlog\cl.read.1.tlog
c:\software\transims60\tripprep\win32\bin\tripprep.tlog\cl.write.1.tlog
c:\software\transims60\tripprep\win32\bin\tripprep.tlog\link.command.1.tlog
c:\software\transims60\tripprep\win32\bin\tripprep.tlog\link.read.1.tlog
c:\software\transims60\tripprep\win32\bin\tripprep.tlog\link.write.1.tlog
