c:\software\transims60\linesum\x64\binthreads\vc120.pdb
c:\software\transims60\x64\binthreads\linesum.exe
c:\software\transims60\linesum\x64\binthreads\access_report.obj
c:\software\transims60\linesum\x64\binthreads\combine.obj
c:\software\transims60\linesum\x64\binthreads\compare.obj
c:\software\transims60\linesum\x64\binthreads\control.obj
c:\software\transims60\linesum\x64\binthreads\execute.obj
c:\software\transims60\linesum\x64\binthreads\linesum.obj
c:\software\transims60\linesum\x64\binthreads\line_report.obj
c:\software\transims60\linesum\x64\binthreads\link_report.obj
c:\software\transims60\linesum\x64\binthreads\link_rider.obj
c:\software\transims60\linesum\x64\binthreads\on_off_report.obj
c:\software\transims60\linesum\x64\binthreads\read_service.obj
c:\software\transims60\linesum\x64\binthreads\read_shapes.obj
c:\software\transims60\linesum\x64\binthreads\read_xy.obj
c:\software\transims60\linesum\x64\binthreads\stop_names.obj
c:\software\transims60\linesum\x64\binthreads\stop_report.obj
c:\software\transims60\linesum\x64\binthreads\total_report.obj
c:\software\transims60\linesum\x64\binthreads\linesum.tlog\cl.command.1.tlog
c:\software\transims60\linesum\x64\binthreads\linesum.tlog\cl.read.1.tlog
c:\software\transims60\linesum\x64\binthreads\linesum.tlog\cl.write.1.tlog
c:\software\transims60\linesum\x64\binthreads\linesum.tlog\link.command.1.tlog
c:\software\transims60\linesum\x64\binthreads\linesum.tlog\link.read.1.tlog
c:\software\transims60\linesum\x64\binthreads\linesum.tlog\link.write.1.tlog
