c:\software\transims60\griddata\x64\binthreads\vc120.pdb
c:\software\transims60\x64\binthreads\griddata.exe
c:\software\transims60\griddata\x64\binthreads\build_grid.obj
c:\software\transims60\griddata\x64\binthreads\control.obj
c:\software\transims60\griddata\x64\binthreads\execute.obj
c:\software\transims60\griddata\x64\binthreads\griddata.obj
c:\software\transims60\griddata\x64\binthreads\point_grid.obj
c:\software\transims60\griddata\x64\binthreads\read_boundary.obj
c:\software\transims60\griddata\x64\binthreads\read_data.obj
c:\software\transims60\griddata\x64\binthreads\read_points.obj
c:\software\transims60\griddata\x64\binthreads\read_polygons.obj
c:\software\transims60\griddata\x64\binthreads\set_files.obj
c:\software\transims60\griddata\x64\binthreads\sum_grid.obj
c:\software\transims60\griddata\x64\binthreads\write_grid.obj
c:\software\transims60\griddata\x64\binthreads\write_summary.obj
c:\software\transims60\griddata\x64\binthreads\zone_grids.obj
c:\software\transims60\griddata\x64\binthreads\griddata.tlog\cl.command.1.tlog
c:\software\transims60\griddata\x64\binthreads\griddata.tlog\cl.read.1.tlog
c:\software\transims60\griddata\x64\binthreads\griddata.tlog\cl.write.1.tlog
c:\software\transims60\griddata\x64\binthreads\griddata.tlog\link.command.1.tlog
c:\software\transims60\griddata\x64\binthreads\griddata.tlog\link.read.1.tlog
c:\software\transims60\griddata\x64\binthreads\griddata.tlog\link.write.1.tlog
