c:\software\transims60\file_data_service\x64\binthreads\vc120.pdb
c:\software\transims60\file_data_service\x64\binthreads\file_data_service.lib
c:\software\transims60\file_data_service\x64\binthreads\access_file.obj
c:\software\transims60\file_data_service\x64\binthreads\activity_file.obj
c:\software\transims60\file_data_service\x64\binthreads\approach_link_file.obj
c:\software\transims60\file_data_service\x64\binthreads\attribute_data.obj
c:\software\transims60\file_data_service\x64\binthreads\connect_file.obj
c:\software\transims60\file_data_service\x64\binthreads\data_service.obj
c:\software\transims60\file_data_service\x64\binthreads\data_shapes.obj
c:\software\transims60\file_data_service\x64\binthreads\detector_file.obj
c:\software\transims60\file_data_service\x64\binthreads\diurnal_file.obj
c:\software\transims60\file_data_service\x64\binthreads\draw_service.obj
c:\software\transims60\file_data_service\x64\binthreads\driver_file.obj
c:\software\transims60\file_data_service\x64\binthreads\event_data.obj
c:\software\transims60\file_data_service\x64\binthreads\event_file.obj
c:\software\transims60\file_data_service\x64\binthreads\factor_file.obj
c:\software\transims60\file_data_service\x64\binthreads\fare_file.obj
c:\software\transims60\file_data_service\x64\binthreads\file_service.obj
c:\software\transims60\file_data_service\x64\binthreads\flow_time_service.obj
c:\software\transims60\file_data_service\x64\binthreads\household_file.obj
c:\software\transims60\file_data_service\x64\binthreads\lane_use_file.obj
c:\software\transims60\file_data_service\x64\binthreads\line_data.obj
c:\software\transims60\file_data_service\x64\binthreads\line_file.obj
c:\software\transims60\file_data_service\x64\binthreads\link_data_file.obj
c:\software\transims60\file_data_service\x64\binthreads\link_dir_file.obj
c:\software\transims60\file_data_service\x64\binthreads\link_file.obj
c:\software\transims60\file_data_service\x64\binthreads\link_use_file.obj
c:\software\transims60\file_data_service\x64\binthreads\location_file.obj
c:\software\transims60\file_data_service\x64\binthreads\matrix_file.obj
c:\software\transims60\file_data_service\x64\binthreads\node_file.obj
c:\software\transims60\file_data_service\x64\binthreads\occupancy_file.obj
c:\software\transims60\file_data_service\x64\binthreads\old_delay_file.obj
c:\software\transims60\file_data_service\x64\binthreads\old_plan_file.obj
c:\software\transims60\file_data_service\x64\binthreads\parking_file.obj
c:\software\transims60\file_data_service\x64\binthreads\park_demand_data.obj
c:\software\transims60\file_data_service\x64\binthreads\park_demand_file.obj
c:\software\transims60\file_data_service\x64\binthreads\performance_data.obj
c:\software\transims60\file_data_service\x64\binthreads\performance_file.obj
c:\software\transims60\file_data_service\x64\binthreads\person_file.obj
c:\software\transims60\file_data_service\x64\binthreads\phasing_file.obj
c:\software\transims60\file_data_service\x64\binthreads\plan_data.obj
c:\software\transims60\file_data_service\x64\binthreads\plan_file.obj
c:\software\transims60\file_data_service\x64\binthreads\plan_skim_data.obj
c:\software\transims60\file_data_service\x64\binthreads\plan_skim_file.obj
c:\software\transims60\file_data_service\x64\binthreads\pocket_file.obj
c:\software\transims60\file_data_service\x64\binthreads\problem_file.obj
c:\software\transims60\file_data_service\x64\binthreads\read_access_links.obj
c:\software\transims60\file_data_service\x64\binthreads\read_connections.obj
c:\software\transims60\file_data_service\x64\binthreads\read_detectors.obj
c:\software\transims60\file_data_service\x64\binthreads\read_drivers.obj
c:\software\transims60\file_data_service\x64\binthreads\read_events.obj
c:\software\transims60\file_data_service\x64\binthreads\read_fares.obj
c:\software\transims60\file_data_service\x64\binthreads\read_households.obj
c:\software\transims60\file_data_service\x64\binthreads\read_lane_uses.obj
c:\software\transims60\file_data_service\x64\binthreads\read_lines.obj
c:\software\transims60\file_data_service\x64\binthreads\read_links.obj
c:\software\transims60\file_data_service\x64\binthreads\read_link_data.obj
c:\software\transims60\file_data_service\x64\binthreads\read_link_dir.obj
c:\software\transims60\file_data_service\x64\binthreads\read_locations.obj
c:\software\transims60\file_data_service\x64\binthreads\read_nodes.obj
c:\software\transims60\file_data_service\x64\binthreads\read_parking_lots.obj
c:\software\transims60\file_data_service\x64\binthreads\read_park_demand.obj
c:\software\transims60\file_data_service\x64\binthreads\read_performance.obj
c:\software\transims60\file_data_service\x64\binthreads\read_phasing_plans.obj
c:\software\transims60\file_data_service\x64\binthreads\read_plans.obj
c:\software\transims60\file_data_service\x64\binthreads\read_plan_skims.obj
c:\software\transims60\file_data_service\x64\binthreads\read_pockets.obj
c:\software\transims60\file_data_service\x64\binthreads\read_problems.obj
c:\software\transims60\file_data_service\x64\binthreads\read_ridership.obj
c:\software\transims60\file_data_service\x64\binthreads\read_route_nodes.obj
c:\software\transims60\file_data_service\x64\binthreads\read_schedules.obj
c:\software\transims60\file_data_service\x64\binthreads\read_selections.obj
c:\software\transims60\file_data_service\x64\binthreads\read_shapes.obj
c:\software\transims60\file_data_service\x64\binthreads\read_signals.obj
c:\software\transims60\file_data_service\x64\binthreads\read_signs.obj
c:\software\transims60\file_data_service\x64\binthreads\read_skims.obj
c:\software\transims60\file_data_service\x64\binthreads\read_stops.obj
c:\software\transims60\file_data_service\x64\binthreads\read_timing_plans.obj
c:\software\transims60\file_data_service\x64\binthreads\read_travelers.obj
c:\software\transims60\file_data_service\x64\binthreads\read_trips.obj
c:\software\transims60\file_data_service\x64\binthreads\read_turn_delays.obj
c:\software\transims60\file_data_service\x64\binthreads\read_turn_pens.obj
c:\software\transims60\file_data_service\x64\binthreads\read_veh_types.obj
c:\software\transims60\file_data_service\x64\binthreads\read_zones.obj
c:\software\transims60\file_data_service\x64\binthreads\ridership_file.obj
c:\software\transims60\file_data_service\x64\binthreads\route_nodes_file.obj
c:\software\transims60\file_data_service\x64\binthreads\schedule_file.obj
c:\software\transims60\file_data_service\x64\binthreads\selection_data.obj
c:\software\transims60\file_data_service\x64\binthreads\selection_file.obj
c:\software\transims60\file_data_service\x64\binthreads\select_service.obj
c:\software\transims60\file_data_service\x64\binthreads\shape_file.obj
c:\software\transims60\file_data_service\x64\binthreads\signal_file.obj
c:\software\transims60\file_data_service\x64\binthreads\sign_file.obj
c:\software\transims60\file_data_service\x64\binthreads\skim_data.obj
c:\software\transims60\file_data_service\x64\binthreads\skim_file.obj
c:\software\transims60\file_data_service\x64\binthreads\snapshot_file.obj
c:\software\transims60\file_data_service\x64\binthreads\stop_file.obj
c:\software\transims60\file_data_service\x64\binthreads\subzone_file.obj
c:\software\transims60\file_data_service\x64\binthreads\time_index.obj
c:\software\transims60\file_data_service\x64\binthreads\time_sum_file.obj
c:\software\transims60\file_data_service\x64\binthreads\timing_file.obj
c:\software\transims60\file_data_service\x64\binthreads\toll_file.obj
c:\software\transims60\file_data_service\x64\binthreads\tour_sort.obj
c:\software\transims60\file_data_service\x64\binthreads\transfer_data.obj
c:\software\transims60\file_data_service\x64\binthreads\traveler_data.obj
c:\software\transims60\file_data_service\x64\binthreads\traveler_file.obj
c:\software\transims60\file_data_service\x64\binthreads\travel_time_file.obj
c:\software\transims60\file_data_service\x64\binthreads\trip_data.obj
c:\software\transims60\file_data_service\x64\binthreads\trip_file.obj
c:\software\transims60\file_data_service\x64\binthreads\trip_index.obj
c:\software\transims60\file_data_service\x64\binthreads\turn_delay_data.obj
c:\software\transims60\file_data_service\x64\binthreads\turn_delay_file.obj
c:\software\transims60\file_data_service\x64\binthreads\turn_pen_file.obj
c:\software\transims60\file_data_service\x64\binthreads\vehicle_file.obj
c:\software\transims60\file_data_service\x64\binthreads\veh_type_file.obj
c:\software\transims60\file_data_service\x64\binthreads\volume_array.obj
c:\software\transims60\file_data_service\x64\binthreads\write_access_links.obj
c:\software\transims60\file_data_service\x64\binthreads\write_connections.obj
c:\software\transims60\file_data_service\x64\binthreads\write_detectors.obj
c:\software\transims60\file_data_service\x64\binthreads\write_drivers.obj
c:\software\transims60\file_data_service\x64\binthreads\write_events.obj
c:\software\transims60\file_data_service\x64\binthreads\write_fares.obj
c:\software\transims60\file_data_service\x64\binthreads\write_households.obj
c:\software\transims60\file_data_service\x64\binthreads\write_lane_uses.obj
c:\software\transims60\file_data_service\x64\binthreads\write_lines.obj
c:\software\transims60\file_data_service\x64\binthreads\write_links.obj
c:\software\transims60\file_data_service\x64\binthreads\write_link_data.obj
c:\software\transims60\file_data_service\x64\binthreads\write_locations.obj
c:\software\transims60\file_data_service\x64\binthreads\write_nodes.obj
c:\software\transims60\file_data_service\x64\binthreads\write_parking_lots.obj
c:\software\transims60\file_data_service\x64\binthreads\write_park_demand.obj
c:\software\transims60\file_data_service\x64\binthreads\write_performance.obj
c:\software\transims60\file_data_service\x64\binthreads\write_phasing_plans.obj
c:\software\transims60\file_data_service\x64\binthreads\write_plans.obj
c:\software\transims60\file_data_service\x64\binthreads\write_plan_skims.obj
c:\software\transims60\file_data_service\x64\binthreads\write_pockets.obj
c:\software\transims60\file_data_service\x64\binthreads\write_problems.obj
c:\software\transims60\file_data_service\x64\binthreads\write_ridership.obj
c:\software\transims60\file_data_service\x64\binthreads\write_route_nodes.obj
c:\software\transims60\file_data_service\x64\binthreads\write_schedules.obj
c:\software\transims60\file_data_service\x64\binthreads\write_selections.obj
c:\software\transims60\file_data_service\x64\binthreads\write_shapes.obj
c:\software\transims60\file_data_service\x64\binthreads\write_signals.obj
c:\software\transims60\file_data_service\x64\binthreads\write_signs.obj
c:\software\transims60\file_data_service\x64\binthreads\write_skims.obj
c:\software\transims60\file_data_service\x64\binthreads\write_stops.obj
c:\software\transims60\file_data_service\x64\binthreads\write_timing_plans.obj
c:\software\transims60\file_data_service\x64\binthreads\write_travelers.obj
c:\software\transims60\file_data_service\x64\binthreads\write_trips.obj
c:\software\transims60\file_data_service\x64\binthreads\write_turn_delays.obj
c:\software\transims60\file_data_service\x64\binthreads\write_turn_pens.obj
c:\software\transims60\file_data_service\x64\binthreads\write_veh_types.obj
c:\software\transims60\file_data_service\x64\binthreads\write_zones.obj
c:\software\transims60\file_data_service\x64\binthreads\zone_file.obj
c:\software\transims60\file_data_service\x64\binthreads\zone_location.obj
c:\software\transims60\file_data_service\x64\binthreads\file_dat.34c8daaa.tlog\cl.command.1.tlog
c:\software\transims60\file_data_service\x64\binthreads\file_dat.34c8daaa.tlog\cl.read.1.tlog
c:\software\transims60\file_data_service\x64\binthreads\file_dat.34c8daaa.tlog\cl.write.1.tlog
c:\software\transims60\file_data_service\x64\binthreads\file_dat.34c8daaa.tlog\lib-link.read.1.tlog
c:\software\transims60\file_data_service\x64\binthreads\file_dat.34c8daaa.tlog\lib-link.write.1.tlog
c:\software\transims60\file_data_service\x64\binthreads\file_dat.34c8daaa.tlog\lib.command.1.tlog
